
            Lattice Mapping Report File for Design Module 'Mux8a1'


Design Information
------------------

Command line:   map -a MachXO2 -p LCMXO2-7000HE -t TQFP144 -s 5 -oc Commercial
     Ejercicio2b_Ejercicio2b.ngd -o Ejercicio2b_Ejercicio2b_map.ncd -pr
     Ejercicio2b_Ejercicio2b.prf -mp Ejercicio2b_Ejercicio2b.mrp -lpf C:/Users/a
     sdf1/Documents/DigitalDesign/Practica4DSD/Ejercicio2b/Ejercicio2b/Ejercicio
     2b_Ejercicio2b_synplify.lpf -lpf C:/Users/asdf1/Documents/DigitalDesign/Pra
     ctica4DSD/Ejercicio2b/Ejercicio2b.lpf -c 0 -gui -msgset C:/Users/asdf1/Docu
     ments/DigitalDesign/Practica4DSD/Ejercicio2b/promote.xml 
Target Vendor:  LATTICE
Target Device:  LCMXO2-7000HETQFP144
Target Performance:   5
Mapper:  xo2c00,  version:  Diamond (64-bit) 3.10.0.111.2
Mapped on:  09/14/18  17:27:42

Design Summary
--------------

   Number of registers:      0 out of  7209 (0%)
      PFU registers:            0 out of  6864 (0%)
      PIO registers:            0 out of   345 (0%)
   Number of SLICEs:         6 out of  3432 (0%)
      SLICEs as Logic/ROM:      6 out of  3432 (0%)
      SLICEs as RAM:            0 out of  2574 (0%)
      SLICEs as Carry:          0 out of  3432 (0%)
   Number of LUT4s:         11 out of  6864 (0%)
      Number used as logic LUTs:         11
      Number used as distributed RAM:     0
      Number used as ripple logic:        0
      Number used as shift registers:     0
   Number of PIO sites used: 12 + 4(JTAG) out of 115 (14%)
   Number of block RAMs:  0 out of 26 (0%)
   Number of GSRs:  0 out of 1 (0%)
   EFB used :       No
   JTAG used :      No
   Readback used :  No
   Oscillator used :  No
   Startup used :   No
   POR :            On
   Bandgap :        On
   Number of Power Controller:  0 out of 1 (0%)
   Number of Dynamic Bank Controller (BCINRD):  0 out of 6 (0%)
   Number of Dynamic Bank Controller (BCLVDSO):  0 out of 1 (0%)
   Number of DCCA:  0 out of 8 (0%)
   Number of DCMA:  0 out of 2 (0%)
   Number of PLLs:  0 out of 2 (0%)
   Number of DQSDLLs:  0 out of 2 (0%)
   Number of CLKDIVC:  0 out of 4 (0%)
   Number of ECLKSYNCA:  0 out of 4 (0%)
   Number of ECLKBRIDGECS:  0 out of 2 (0%)
   Notes:-
      1. Total number of LUT4s = (Number of logic LUT4s) + 2*(Number of
     distributed RAMs) + 2*(Number of ripple logic)
      2. Number of logic LUT4s does not include count of distributed RAM and
     ripple logic.
   Number of clocks:  0
   Number of Clock Enables:  0

                                    Page 1




Design:  Mux8a1                                        Date:  09/14/18  17:27:42

Design Summary (cont)
---------------------
   Number of LSRs:  0
   Number of nets driven by tri-state buffers:  0
   Top 10 highest fanout non-clock nets:
     Net s8_c[0]: 8 loads
     Net s8_c[1]: 8 loads
     Net a8_c[2]: 1 loads
     Net a8_c[3]: 1 loads
     Net m1/N_2: 1 loads
     Net m1/N_3: 1 loads
     Net m1/N_4: 1 loads
     Net m1/N_5: 1 loads
     Net o8_c: 1 loads
     Net os[0]: 1 loads




   Number of warnings:  0
   Number of errors:    0
     

Design Errors/Warnings
----------------------

   No errors or warnings present.

IO (PIO) Attributes
-------------------

+---------------------+-----------+-----------+------------+
| IO Name             | Direction | Levelmode | IO         |
|                     |           |  IO_TYPE  | Register   |
+---------------------+-----------+-----------+------------+
| o8                  | OUTPUT    | LVCMOS25  |            |
+---------------------+-----------+-----------+------------+
| s8[0]               | INPUT     | LVCMOS25  |            |
+---------------------+-----------+-----------+------------+
| a8[7]               | INPUT     | LVCMOS25  |            |
+---------------------+-----------+-----------+------------+
| a8[6]               | INPUT     | LVCMOS25  |            |
+---------------------+-----------+-----------+------------+
| a8[5]               | INPUT     | LVCMOS25  |            |
+---------------------+-----------+-----------+------------+
| a8[4]               | INPUT     | LVCMOS25  |            |
+---------------------+-----------+-----------+------------+
| a8[3]               | INPUT     | LVCMOS25  |            |
+---------------------+-----------+-----------+------------+
| a8[2]               | INPUT     | LVCMOS25  |            |
+---------------------+-----------+-----------+------------+
| a8[1]               | INPUT     | LVCMOS25  |            |
+---------------------+-----------+-----------+------------+
| a8[0]               | INPUT     | LVCMOS25  |            |
+---------------------+-----------+-----------+------------+
| s8[2]               | INPUT     | LVCMOS25  |            |
+---------------------+-----------+-----------+------------+
| s8[1]               | INPUT     | LVCMOS25  |            |

                                    Page 2




Design:  Mux8a1                                        Date:  09/14/18  17:27:42

IO (PIO) Attributes (cont)
--------------------------
+---------------------+-----------+-----------+------------+

Removed logic
-------------

Block m3/I6 undriven or does not drive anything - clipped.
Block VCC undriven or does not drive anything - clipped.
Block GSR_INST undriven or does not drive anything - clipped.
Block GND undriven or does not drive anything - clipped.
Block m3/GND undriven or does not drive anything - clipped.
Block m3/VCC undriven or does not drive anything - clipped.
Block m2/GND undriven or does not drive anything - clipped.
Block m2/VCC undriven or does not drive anything - clipped.
Block m1/GND undriven or does not drive anything - clipped.
Block m1/VCC undriven or does not drive anything - clipped.
Signal m3/N_7 was merged into signal s8_c[2]
Signal m2/N_7 was merged into signal s8_c[1]
Signal m2/N_6 was merged into signal s8_c[0]
Signal m1/N_7 was merged into signal s8_c[1]
Signal m1/N_6 was merged into signal s8_c[0]
Signal m3/N_6 undriven or does not drive anything - clipped.
Signal m3/N_3 undriven or does not drive anything - clipped.
Signal m3/N_4 undriven or does not drive anything - clipped.
Signal VCC undriven or does not drive anything - clipped.
Block m3/I5 was optimized away.
Block m2/I5 was optimized away.
Block m2/I6 was optimized away.
Block m1/I5 was optimized away.
Block m1/I6 was optimized away.
Block m3/I3 was optimized away.
Block m3/I4 was optimized away.

Memory Usage
------------


     

Run Time and Memory Usage
-------------------------

   Total CPU Time: 0 secs  
   Total REAL Time: 0 secs  
   Peak Memory Usage: 56 MB
        












                                    Page 3


Copyright (c) 1991-1994 by NeoCAD Inc. All rights reserved.
     Copyright (c) 1995 AT&T Corp.   All rights reserved.
     Copyright (c) 1995-2001 Lucent Technologies Inc.  All rights reserved.
     Copyright (c) 2001 Agere Systems   All rights reserved.
     Copyright (c) 2002-2017 Lattice Semiconductor Corporation,  All rights
     reserved.
