Resource Usage Report
Part: lcmxo2_7000ze-1

Register bits: 2049 of 6864 (30%)
Latch bits:      22
PIC Latch:       0
I/O cells:       45

Details:
CCU2D:          105
FD1P3AX:        1617
FD1P3AY:        4
FD1P3BX:        1
FD1P3DX:        308
FD1P3IX:        6
FD1S1AY:        16
FD1S1D:         6
FD1S3AX:        12
FD1S3AY:        3
FD1S3BX:        5
FD1S3DX:        5
FD1S3IX:        75
FD1S3JX:        3
GSR:            1
IB:             6
INV:            4
L6MUX21:        321
OB:             39
OFS1P3DX:       10
ORCALUT4:       2320
OSCH:           1
PFUMX:          566
PUR:            1
ROM128X1A:      16
ROM16X1A:       16
ROM64X1A:       16
SP8KC:          2
VHI:            4
VLO:            4
