
     | | | | | | |
   _________________
  -|               |-
  -|               |-
  -|               |-
  -|    CYPRESS    |-
  -|               |-
  -|               |-   Warp VHDL Synthesis Compiler: Version 6.3 IR 35
  -|               |-   Copyright (C) 1991-2001 Cypress Semiconductor
   |_______________|
     | | | | | | |

======================================================================
Compiling:  Practica4.vhd
Options:    -m -yu -e10 -w100 -o2 -ygs -fP -v10 -dc22v10 -ppalce22v10-25pc/pi -b Practica4.vhd -u Practica4.hie
======================================================================

vhdlfe V6.3 IR 35:  VHDL parser
Sat May 12 08:35:32 2018

Library 'work' => directory 'lc22v10'
Linking 'C:\Program Files\Cypress\Warp\bin\std.vhd'.
Linking 'C:\Program Files\Cypress\Warp\lib\common\cypress.vhd'.
Linking 'C:\Program Files\Cypress\Warp\lib\common\work\cypress.vif'.
Library 'ieee' => directory 'C:\Program Files\Cypress\Warp\lib\ieee\work'
Linking 'C:\Program Files\Cypress\Warp\lib\ieee\work\stdlogic.vif'.

vhdlfe:  No errors.


tovif V6.3 IR 35:  High-level synthesis
Sat May 12 08:35:32 2018

Linking 'C:\Program Files\Cypress\Warp\bin\std.vhd'.
Linking 'C:\Program Files\Cypress\Warp\lib\common\cypress.vhd'.
Linking 'C:\Program Files\Cypress\Warp\lib\common\work\cypress.vif'.
Linking 'C:\Program Files\Cypress\Warp\lib\ieee\work\stdlogic.vif'.

tovif:  No errors.


topld V6.3 IR 35:  Synthesis and optimization
Sat May 12 08:35:33 2018

Linking 'C:\Program Files\Cypress\Warp\bin\std.vhd'.
Linking 'C:\Program Files\Cypress\Warp\lib\common\cypress.vhd'.
Linking 'C:\Program Files\Cypress\Warp\lib\common\work\cypress.vif'.
Linking 'C:\Program Files\Cypress\Warp\lib\ieee\work\stdlogic.vif'.

----------------------------------------------------------
Detecting unused logic.
----------------------------------------------------------
    User names
	aux


Deleted 1 User equation or component.
Deleted 0 Synthesized equations/components.

------------------------------------------------------
Alias Detection
------------------------------------------------------

------------------------------------------------------
Aliased 0 equations, 0 wires.
------------------------------------------------------

----------------------------------------------------------
Circuit simplification
----------------------------------------------------------

----------------------------------------------------------
Circuit simplification results:

	Expanded 0 signals.
	Turned 0 signals into soft nodes.
	Maximum default expansion cost was set at 10.
----------------------------------------------------------
Created 20 PLD nodes.

topld:  No errors.

----------------------------------------------------------------------------
PLD Optimizer Software:       DSGNOPT.EXE    31/03/2000  [v4.02 ] 6.3 IR 35

DESIGN HEADER INFORMATION  (08:35:34)

Input File(s): Practica4.pla
Device       : C22V10
Package      : palce22v10-25pc/pi
ReportFile   : Practica4.rpt

Program Controls:
    COMMAND LANGUAGE_VHDL 
    COMMAND PROPERTY BUS_HOLD ENABLE 

Signal Requests:
    GROUP USEPOL ALL
    GROUP FAST_SLEW ALL

Completed Successfully  
----------------------------------------------------------------------------
PLD Optimizer Software:       DSGNOPT.EXE    31/03/2000  [v4.02 ] 6.3 IR 35

OPTIMIZATION OPTIONS       (08:35:34)

Messages:
  Information: Optimizing logic using best output polarity for signals:
         o(0) o(1) o(2) o(3) o(4) o(5) o(6) o(7)

  Information: Selected logic optimization OFF for signals:
         o(8)



Summary:
                 Error Count = 0      Warning Count = 0

Completed Successfully  
----------------------------------------------------------------------------
PLD Optimizer Software:       MINOPT.EXE     01/NOV/1999  [v4.02 ] 6.3 IR 35

LOGIC MINIMIZATION         ()

Messages:


Summary:
                 Error Count = 0      Warning Count = 0

Completed Successfully
----------------------------------------------------------------------------
PLD Optimizer Software:       DSGNOPT.EXE    31/03/2000  [v4.02 ] 6.3 IR 35

OPTIMIZATION OPTIONS       (08:35:34)

Messages:
  Information: Optimizing Banked Preset/Reset requirements.


Summary:
                 Error Count = 0      Warning Count = 0

Completed Successfully  
----------------------------------------------------------------------------
PLD Compiler Software:        PLA2JED.EXE    31/03/2000  [v4.02 ] 6.3 IR 35

<CYPRESSTAG name="Equations" icon=FILE_RPT_EQUATION>
DESIGN EQUATIONS           (08:35:34)
</CYPRESSTAG>

    o(0) =
          /i(0) * i(1) 
        + i(0) * /i(1) 

    o(1) =
          /i(1) * i(2) 
        + i(1) * /i(2) 

    o(2) =
          /i(2) * i(3) 
        + i(2) * /i(3) 

    o(3) =
          /i(3) * i(4) 
        + i(3) * /i(4) 

    o(4) =
          /i(4) * i(5) 
        + i(4) * /i(5) 

    o(5) =
          /i(5) * i(6) 
        + i(5) * /i(6) 

    o(6) =
          /i(6) * i(7) 
        + i(6) * /i(7) 

    o(7) =
          /i(7) * i(8) 
        + i(7) * /i(8) 

    o(8) =
          i(8) 


Completed Successfully  
----------------------------------------------------------------------------
PLD Compiler Software:        PLA2JED.EXE    31/03/2000  [v4.02 ] 6.3 IR 35

DESIGN RULE CHECK          (08:35:34)

Messages:
                 None.


Summary:
                 Error Count = 0      Warning Count = 0

Completed Successfully  
----------------------------------------------------------------------------
PLD Compiler Software:        PLA2JED.EXE    31/03/2000  [v4.02 ] 6.3 IR 35

<CYPRESSTAG name="Pinout" icon=FILE_RPT_PINOUT>
PINOUT INFORMATION   (08:35:34)
</CYPRESSTAG>
Messages:
  Information: All signals pre-placed in user design.


                                 C22V10
                 __________________________________________
           i(0) =| 1|                                  |24|* not used       
           i(1) =| 2|                                  |23|* not used       
           i(2) =| 3|                                  |22|= o(8)           
           i(3) =| 4|                                  |21|= o(7)           
           i(4) =| 5|                                  |20|= o(6)           
           i(5) =| 6|                                  |19|= o(5)           
           i(6) =| 7|                                  |18|= o(4)           
           i(7) =| 8|                                  |17|= o(3)           
           i(8) =| 9|                                  |16|= o(2)           
       not used *|10|                                  |15|= o(1)           
       not used *|11|                                  |14|= o(0)           
       not used *|12|                                  |13|* not used       
                 __________________________________________


Summary:
                 Error Count = 0      Warning Count = 0

Completed Successfully  
  Information: Checking for duplicate NODE logic.
----------------------------------------------------------------------------
PLD Compiler Software:        PLA2JED.EXE    31/03/2000  [v4.02 ] 6.3 IR 35

<CYPRESSTAG name="Utilization" icon=FILE_RPT_UTILIZATION>
RESOURCE UTILIZATION (08:35:34)
</CYPRESSTAG>
  Information: Macrocell Utilization.

                     Description        Used     Max
                 ______________________________________
                 | Dedicated Inputs   |    8  |   11  |
                 | Clock/Inputs       |    1  |    1  |
                 | I/O Macrocells     |    9  |   10  |
                 ______________________________________
                                          18  /   22   = 81  %


  Information: Output Logic Product Term Utilization.

                  Node#  Output Signal Name  Used   Max
                 ________________________________________
                 | 14  |  o(0)            |   2  |   8  |
                 | 15  |  o(1)            |   2  |  10  |
                 | 16  |  o(2)            |   2  |  12  |
                 | 17  |  o(3)            |   2  |  14  |
                 | 18  |  o(4)            |   2  |  16  |
                 | 19  |  o(5)            |   2  |  16  |
                 | 20  |  o(6)            |   2  |  14  |
                 | 21  |  o(7)            |   2  |  12  |
                 | 22  |  o(8)            |   1  |  10  |
                 | 23  |  Unused          |   0  |   8  |
                 | 25  |  Unused          |   0  |   1  |
                 ________________________________________
                                             17  / 121   = 14  %


Completed Successfully  
----------------------------------------------------------------------------
PLD Compiler Software:        PLA2JED.EXE    31/03/2000  [v4.02 ] 6.3 IR 35

JEDEC ASSEMBLE             (08:35:34)

Messages:
  Information: Output file 'Practica4.pin' created.
  Information: Output file 'Practica4.jed' created.

  Usercode:    
  Checksum:    8E5B



Summary:
                 Error Count = 0      Warning Count = 0

Completed Successfully at 08:35:34
