
map -a "MachXO2" -p LCMXO2-7000HE -t TQFP144 -s 4 -oc Commercial   "Practica6_impl1.ngd" -o "Practica6_impl1_map.ncd" -pr "Practica6_impl1.prf" -mp "Practica6_impl1.mrp" -lpf "C:/Users/asdf1/Documents/DigitalDesign/Practica6DSD/impl1/Practica6_impl1.lpf" -lpf "C:/Users/asdf1/Documents/DigitalDesign/Practica6DSD/Practica6.lpf" -c 0            
map:  version Diamond (64-bit) 3.10.0.111.2

Copyright (c) 1991-1994 by NeoCAD Inc. All rights reserved.
Copyright (c) 1995 AT&T Corp.   All rights reserved.
Copyright (c) 1995-2001 Lucent Technologies Inc.  All rights reserved.
Copyright (c) 2001 Agere Systems   All rights reserved.
Copyright (c) 2002-2017 Lattice Semiconductor Corporation,  All rights reserved.
   Process the file: Practica6_impl1.ngd
   Picdevice="LCMXO2-7000HE"

   Pictype="TQFP144"

   Picspeed=4

   Remove unused logic

   Do not produce over sized NCDs.

Part used: LCMXO2-7000HETQFP144, Performance used: 4.

    <postMsg mid="1100679" type="Warning" dynamic="2" navigation="2" arg0="C:/Users/asdf1/Documents/DigitalDesign/Practica6DSD/Practica6.lpf(4): Semantic error in &quot;LOCATE COMP &quot;data[25]&quot; SITE &quot;52&quot; ;&quot;: " arg1="data[25]" arg2="C:/Users/asdf1/Documents/DigitalDesign/Practica6DSD/Practica6.lpf" arg3="4"  />
    <postMsg mid="1100679" type="Warning" dynamic="2" navigation="2" arg0="C:/Users/asdf1/Documents/DigitalDesign/Practica6DSD/Practica6.lpf(5): Semantic error in &quot;LOCATE COMP &quot;data[24]&quot; SITE &quot;50&quot; ;&quot;: " arg1="data[24]" arg2="C:/Users/asdf1/Documents/DigitalDesign/Practica6DSD/Practica6.lpf" arg3="5"  />
    <postMsg mid="1100679" type="Warning" dynamic="2" navigation="2" arg0="C:/Users/asdf1/Documents/DigitalDesign/Practica6DSD/Practica6.lpf(6): Semantic error in &quot;LOCATE COMP &quot;data[23]&quot; SITE &quot;48&quot; ;&quot;: " arg1="data[23]" arg2="C:/Users/asdf1/Documents/DigitalDesign/Practica6DSD/Practica6.lpf" arg3="6"  />
    <postMsg mid="1100679" type="Warning" dynamic="2" navigation="2" arg0="C:/Users/asdf1/Documents/DigitalDesign/Practica6DSD/Practica6.lpf(7): Semantic error in &quot;LOCATE COMP &quot;data[22]&quot; SITE &quot;49&quot; ;&quot;: " arg1="data[22]" arg2="C:/Users/asdf1/Documents/DigitalDesign/Practica6DSD/Practica6.lpf" arg3="7"  />
    <postMsg mid="1100679" type="Warning" dynamic="2" navigation="2" arg0="C:/Users/asdf1/Documents/DigitalDesign/Practica6DSD/Practica6.lpf(8): Semantic error in &quot;LOCATE COMP &quot;data[21]&quot; SITE &quot;47&quot; ;&quot;: " arg1="data[21]" arg2="C:/Users/asdf1/Documents/DigitalDesign/Practica6DSD/Practica6.lpf" arg3="8"  />
    <postMsg mid="1100679" type="Warning" dynamic="2" navigation="2" arg0="C:/Users/asdf1/Documents/DigitalDesign/Practica6DSD/Practica6.lpf(9): Semantic error in &quot;LOCATE COMP &quot;data[20]&quot; SITE &quot;45&quot; ;&quot;: " arg1="data[20]" arg2="C:/Users/asdf1/Documents/DigitalDesign/Practica6DSD/Practica6.lpf" arg3="9"  />
    <postMsg mid="1100679" type="Warning" dynamic="2" navigation="2" arg0="C:/Users/asdf1/Documents/DigitalDesign/Practica6DSD/Practica6.lpf(10): Semantic error in &quot;LOCATE COMP &quot;data[19]&quot; SITE &quot;43&quot; ;&quot;: " arg1="data[19]" arg2="C:/Users/asdf1/Documents/DigitalDesign/Practica6DSD/Practica6.lpf" arg3="10"  />
    <postMsg mid="1100679" type="Warning" dynamic="2" navigation="2" arg0="C:/Users/asdf1/Documents/DigitalDesign/Practica6DSD/Practica6.lpf(11): Semantic error in &quot;LOCATE COMP &quot;data[18]&quot; SITE &quot;42&quot; ;&quot;: " arg1="data[18]" arg2="C:/Users/asdf1/Documents/DigitalDesign/Practica6DSD/Practica6.lpf" arg3="11"  />
    <postMsg mid="1100679" type="Warning" dynamic="2" navigation="2" arg0="C:/Users/asdf1/Documents/DigitalDesign/Practica6DSD/Practica6.lpf(12): Semantic error in &quot;LOCATE COMP &quot;data[17]&quot; SITE &quot;44&quot; ;&quot;: " arg1="data[17]" arg2="C:/Users/asdf1/Documents/DigitalDesign/Practica6DSD/Practica6.lpf" arg3="12"  />
    <postMsg mid="1100679" type="Warning" dynamic="2" navigation="2" arg0="C:/Users/asdf1/Documents/DigitalDesign/Practica6DSD/Practica6.lpf(13): Semantic error in &quot;LOCATE COMP &quot;data[16]&quot; SITE &quot;39&quot; ;&quot;: " arg1="data[16]" arg2="C:/Users/asdf1/Documents/DigitalDesign/Practica6DSD/Practica6.lpf" arg3="13"  />
    <postMsg mid="1100679" type="Warning" dynamic="2" navigation="2" arg0="C:/Users/asdf1/Documents/DigitalDesign/Practica6DSD/Practica6.lpf(14): Semantic error in &quot;LOCATE COMP &quot;data[15]&quot; SITE &quot;41&quot; ;&quot;: " arg1="data[15]" arg2="C:/Users/asdf1/Documents/DigitalDesign/Practica6DSD/Practica6.lpf" arg3="14"  />
    <postMsg mid="1100679" type="Warning" dynamic="2" navigation="2" arg0="C:/Users/asdf1/Documents/DigitalDesign/Practica6DSD/Practica6.lpf(15): Semantic error in &quot;LOCATE COMP &quot;data[14]&quot; SITE &quot;91&quot; ;&quot;: " arg1="data[14]" arg2="C:/Users/asdf1/Documents/DigitalDesign/Practica6DSD/Practica6.lpf" arg3="15"  />
    <postMsg mid="1100679" type="Warning" dynamic="2" navigation="2" arg0="C:/Users/asdf1/Documents/DigitalDesign/Practica6DSD/Practica6.lpf(16): Semantic error in &quot;LOCATE COMP &quot;data[13]&quot; SITE &quot;92&quot; ;&quot;: " arg1="data[13]" arg2="C:/Users/asdf1/Documents/DigitalDesign/Practica6DSD/Practica6.lpf" arg3="16"  />
    <postMsg mid="1100679" type="Warning" dynamic="2" navigation="2" arg0="C:/Users/asdf1/Documents/DigitalDesign/Practica6DSD/Practica6.lpf(17): Semantic error in &quot;LOCATE COMP &quot;data[12]&quot; SITE &quot;93&quot; ;&quot;: " arg1="data[12]" arg2="C:/Users/asdf1/Documents/DigitalDesign/Practica6DSD/Practica6.lpf" arg3="17"  />
    <postMsg mid="1100679" type="Warning" dynamic="2" navigation="2" arg0="C:/Users/asdf1/Documents/DigitalDesign/Practica6DSD/Practica6.lpf(18): Semantic error in &quot;LOCATE COMP &quot;data[11]&quot; SITE &quot;94&quot; ;&quot;: " arg1="data[11]" arg2="C:/Users/asdf1/Documents/DigitalDesign/Practica6DSD/Practica6.lpf" arg3="18"  />
    <postMsg mid="1100679" type="Warning" dynamic="2" navigation="2" arg0="C:/Users/asdf1/Documents/DigitalDesign/Practica6DSD/Practica6.lpf(19): Semantic error in &quot;LOCATE COMP &quot;data[10]&quot; SITE &quot;96&quot; ;&quot;: " arg1="data[10]" arg2="C:/Users/asdf1/Documents/DigitalDesign/Practica6DSD/Practica6.lpf" arg3="19"  />
    <postMsg mid="1100679" type="Warning" dynamic="2" navigation="2" arg0="C:/Users/asdf1/Documents/DigitalDesign/Practica6DSD/Practica6.lpf(20): Semantic error in &quot;LOCATE COMP &quot;data[9]&quot; SITE &quot;95&quot; ;&quot;: " arg1="data[9]" arg2="C:/Users/asdf1/Documents/DigitalDesign/Practica6DSD/Practica6.lpf" arg3="20"  />
    <postMsg mid="1100679" type="Warning" dynamic="2" navigation="2" arg0="C:/Users/asdf1/Documents/DigitalDesign/Practica6DSD/Practica6.lpf(21): Semantic error in &quot;LOCATE COMP &quot;data[8]&quot; SITE &quot;98&quot; ;&quot;: " arg1="data[8]" arg2="C:/Users/asdf1/Documents/DigitalDesign/Practica6DSD/Practica6.lpf" arg3="21"  />
    <postMsg mid="1100679" type="Warning" dynamic="2" navigation="2" arg0="C:/Users/asdf1/Documents/DigitalDesign/Practica6DSD/Practica6.lpf(22): Semantic error in &quot;LOCATE COMP &quot;data[7]&quot; SITE &quot;97&quot; ;&quot;: " arg1="data[7]" arg2="C:/Users/asdf1/Documents/DigitalDesign/Practica6DSD/Practica6.lpf" arg3="22"  />
    <postMsg mid="1100679" type="Warning" dynamic="2" navigation="2" arg0="C:/Users/asdf1/Documents/DigitalDesign/Practica6DSD/Practica6.lpf(23): Semantic error in &quot;LOCATE COMP &quot;data[6]&quot; SITE &quot;99&quot; ;&quot;: " arg1="data[6]" arg2="C:/Users/asdf1/Documents/DigitalDesign/Practica6DSD/Practica6.lpf" arg3="23"  />
    <postMsg mid="1100679" type="Warning" dynamic="2" navigation="2" arg0="C:/Users/asdf1/Documents/DigitalDesign/Practica6DSD/Practica6.lpf(24): Semantic error in &quot;LOCATE COMP &quot;data[5]&quot; SITE &quot;100&quot; ;&quot;: " arg1="data[5]" arg2="C:/Users/asdf1/Documents/DigitalDesign/Practica6DSD/Practica6.lpf" arg3="24"  />
    <postMsg mid="1100679" type="Warning" dynamic="2" navigation="2" arg0="C:/Users/asdf1/Documents/DigitalDesign/Practica6DSD/Practica6.lpf(25): Semantic error in &quot;LOCATE COMP &quot;data[4]&quot; SITE &quot;104&quot; ;&quot;: " arg1="data[4]" arg2="C:/Users/asdf1/Documents/DigitalDesign/Practica6DSD/Practica6.lpf" arg3="25"  />
    <postMsg mid="1100679" type="Warning" dynamic="2" navigation="2" arg0="C:/Users/asdf1/Documents/DigitalDesign/Practica6DSD/Practica6.lpf(26): Semantic error in &quot;LOCATE COMP &quot;data[3]&quot; SITE &quot;105&quot; ;&quot;: " arg1="data[3]" arg2="C:/Users/asdf1/Documents/DigitalDesign/Practica6DSD/Practica6.lpf" arg3="26"  />
    <postMsg mid="1100679" type="Warning" dynamic="2" navigation="2" arg0="C:/Users/asdf1/Documents/DigitalDesign/Practica6DSD/Practica6.lpf(27): Semantic error in &quot;LOCATE COMP &quot;data[2]&quot; SITE &quot;106&quot; ;&quot;: " arg1="data[2]" arg2="C:/Users/asdf1/Documents/DigitalDesign/Practica6DSD/Practica6.lpf" arg3="27"  />
    <postMsg mid="1100679" type="Warning" dynamic="2" navigation="2" arg0="C:/Users/asdf1/Documents/DigitalDesign/Practica6DSD/Practica6.lpf(28): Semantic error in &quot;LOCATE COMP &quot;data[1]&quot; SITE &quot;107&quot; ;&quot;: " arg1="data[1]" arg2="C:/Users/asdf1/Documents/DigitalDesign/Practica6DSD/Practica6.lpf" arg3="28"  />
    <postMsg mid="1100679" type="Warning" dynamic="2" navigation="2" arg0="C:/Users/asdf1/Documents/DigitalDesign/Practica6DSD/Practica6.lpf(29): Semantic error in &quot;LOCATE COMP &quot;data[0]&quot; SITE &quot;40&quot; ;&quot;: " arg1="data[0]" arg2="C:/Users/asdf1/Documents/DigitalDesign/Practica6DSD/Practica6.lpf" arg3="29"  />
    <postMsg mid="1100679" type="Warning" dynamic="2" navigation="2" arg0="C:/Users/asdf1/Documents/DigitalDesign/Practica6DSD/Practica6.lpf(30): Semantic error in &quot;LOCATE COMP &quot;sel[3]&quot; SITE &quot;5&quot; ;&quot;: " arg1="sel[3]" arg2="C:/Users/asdf1/Documents/DigitalDesign/Practica6DSD/Practica6.lpf" arg3="30"  />
    <postMsg mid="1100679" type="Warning" dynamic="2" navigation="2" arg0="C:/Users/asdf1/Documents/DigitalDesign/Practica6DSD/Practica6.lpf(31): Semantic error in &quot;LOCATE COMP &quot;sel[2]&quot; SITE &quot;6&quot; ;&quot;: " arg1="sel[2]" arg2="C:/Users/asdf1/Documents/DigitalDesign/Practica6DSD/Practica6.lpf" arg3="31"  />
Loading device for application map from file 'xo2c7000.nph' in environment: C:/lscc/diamond/3.10_x64/ispfpga.
Package Status:                     Final          Version 1.39.

Running general design DRC...

Removing unused logic...

Optimizing...




Design Summary:
   Number of registers:     26 out of  7209 (0%)
      PFU registers:           26 out of  6864 (0%)
      PIO registers:            0 out of   345 (0%)
   Number of SLICEs:        15 out of  3432 (0%)
      SLICEs as Logic/ROM:     15 out of  3432 (0%)
      SLICEs as RAM:            0 out of  2574 (0%)
      SLICEs as Carry:         14 out of  3432 (0%)
   Number of LUT4s:         30 out of  6864 (0%)
      Number used as logic LUTs:          2
      Number used as distributed RAM:     0
      Number used as ripple logic:       28
      Number used as shift registers:     0
   Number of PIO sites used: 4 + 4(JTAG) out of 115 (7%)
   Number of block RAMs:  0 out of 26 (0%)
   Number of GSRs:  0 out of 1 (0%)
   EFB used :       No
   JTAG used :      No
   Readback used :  No
   Oscillator used :  Yes
   Startup used :   No
   POR :            On
   Bandgap :        On
   Number of Power Controller:  0 out of 1 (0%)
   Number of Dynamic Bank Controller (BCINRD):  0 out of 6 (0%)
   Number of Dynamic Bank Controller (BCLVDSO):  0 out of 1 (0%)
   Number of DCCA:  0 out of 8 (0%)
   Number of DCMA:  0 out of 2 (0%)
   Number of PLLs:  0 out of 2 (0%)
   Number of DQSDLLs:  0 out of 2 (0%)
   Number of CLKDIVC:  0 out of 4 (0%)
   Number of ECLKSYNCA:  0 out of 4 (0%)
   Number of ECLKBRIDGECS:  0 out of 2 (0%)
   Notes:-
      1. Total number of LUT4s = (Number of logic LUT4s) + 2*(Number of distributed RAMs) + 2*(Number of ripple logic)
      2. Number of logic LUT4s does not include count of distributed RAM and ripple logic.
   Number of clocks:  1
     Net clk_c: 14 loads, 14 rising, 0 falling (Driver: OSCInst0 )
   Number of Clock Enables:  0
   Number of LSRs:  0
   Number of nets driven by tri-state buffers:  0
   Top 10 highest fanout non-clock nets:
     Net d_22: 2 loads
     Net d_23: 2 loads
     Net d_24: 2 loads
     Net d_25: 2 loads
     Net sel_c_0: 2 loads
     Net n110: 1 loads
     Net n158: 1 loads
     Net n159: 1 loads
     Net o_c: 1 loads
     Net sel_c_1: 1 loads
 

   Number of warnings:  28
   Number of errors:    0



Total CPU Time: 0 secs  
Total REAL Time: 0 secs  
Peak Memory Usage: 57 MB

Dumping design to file Practica6_impl1_map.ncd.

ncd2vdb "Practica6_impl1_map.ncd" ".vdbs/Practica6_impl1_map.vdb"

Loading device for application ncd2vdb from file 'xo2c7000.nph' in environment: C:/lscc/diamond/3.10_x64/ispfpga.

mpartrce -p "Practica6_impl1.p2t" -f "Practica6_impl1.p3t" -tf "Practica6_impl1.pt" "Practica6_impl1_map.ncd" "Practica6_impl1.ncd"

---- MParTrce Tool ----
Removing old design directory at request of -rem command line option to this program.
Running par. Please wait . . .

Lattice Place and Route Report for Design "Practica6_impl1_map.ncd"
Mon Oct 08 14:37:05 2018

PAR: Place And Route Diamond (64-bit) 3.10.0.111.2.
Command Line: par -w -l 5 -i 6 -t 1 -c 0 -e 0 -gui -msgset C:/Users/asdf1/Documents/DigitalDesign/Practica6DSD/promote.xml -exp parUseNBR=1:parCDP=0:parCDR=0:parPathBased=OFF Practica6_impl1_map.ncd Practica6_impl1.dir/5_1.ncd Practica6_impl1.prf
Preference file: Practica6_impl1.prf.
Placement level-cost: 5-1.
Routing Iterations: 6

Loading design for application par from file Practica6_impl1_map.ncd.
Design name: Counter
NCD version: 3.3
Vendor:      LATTICE
Device:      LCMXO2-7000HE
Package:     TQFP144
Performance: 4
Loading device for application par from file 'xo2c7000.nph' in environment: C:/lscc/diamond/3.10_x64/ispfpga.
Package Status:                     Final          Version 1.39.
Performance Hardware Data Status:   Final          Version 34.4.
License checked out.


Ignore Preference Error(s):  True
Device utilization summary:

   PIO (prelim)    4+4(JTAG)/336     2% used
                   4+4(JTAG)/115     7% bonded

   SLICE             15/3432         <1% used

   OSC                1/1           100% used


Number of Signals: 69
Number of Connections: 88

Pin Constraint Summary:
   4 out of 4 pins locked (100% locked).

The following 1 signal is selected to use the primary clock routing resources:
    clk_c (driver: OSCInst0, clk load #: 14)


No signal is selected as secondary clock.

No signal is selected as Global Set/Reset.
Starting Placer Phase 0.

Finished Placer Phase 0.  REAL time: 0 secs 

Starting Placer Phase 1.
.................
Placer score = 3808.
Finished Placer Phase 1.  REAL time: 3 secs 

Starting Placer Phase 2.
.
Placer score =  3493
Finished Placer Phase 2.  REAL time: 3 secs 


------------------ Clock Report ------------------

Global Clock Resources:
  CLK_PIN    : 0 out of 8 (0%)
  PLL        : 0 out of 2 (0%)
  DCM        : 0 out of 2 (0%)
  DCC        : 0 out of 8 (0%)

Quadrants All (TL, TR, BL, BR) - Global Clocks:
  PRIMARY "clk_c" from OSC on comp "OSCInst0" on site "OSC", clk load = 14

  PRIMARY  : 1 out of 8 (12%)
  SECONDARY: 0 out of 8 (0%)

Edge Clocks:
  No edge clock selected.

--------------- End of Clock Report ---------------


I/O Usage Summary (final):
   4 + 4(JTAG) out of 336 (2.4%) PIO sites used.
   4 + 4(JTAG) out of 115 (7.0%) bonded PIO sites used.
   Number of PIO comps: 4; differential: 0.
   Number of Vref pins used: 0.

I/O Bank Usage Summary:
+----------+---------------+------------+-----------+
| I/O Bank | Usage         | Bank Vccio | Bank Vref |
+----------+---------------+------------+-----------+
| 0        | 0 / 28 (  0%) | -          | -         |
| 1        | 0 / 29 (  0%) | -          | -         |
| 2        | 2 / 29 (  6%) | 2.5V       | -         |
| 3        | 0 / 9 (  0%)  | -          | -         |
| 4        | 0 / 10 (  0%) | -          | -         |
| 5        | 2 / 10 ( 20%) | 2.5V       | -         |
+----------+---------------+------------+-----------+

Total placer CPU time: 2 secs 

Dumping design to file Practica6_impl1.dir/5_1.ncd.

0 connections routed; 88 unrouted.
Starting router resource preassignment

Completed router resource preassignment. Real time: 4 secs 

Start NBR router at 14:37:09 10/08/18

*****************************************************************
Info: NBR allows conflicts(one node used by more than one signal)
      in the earlier iterations. In each iteration, it tries to  
      solve the conflicts while keeping the critical connections 
      routed as short as possible. The routing process is said to
      be completed when no conflicts exist and all connections   
      are routed.                                                
Note: NBR uses a different method to calculate timing slacks. The
      worst slack and total negative slack may not be the same as
      that in TRCE report. You should always run TRCE to verify  
      your design.                                               
*****************************************************************

Start NBR special constraint process at 14:37:09 10/08/18

Start NBR section for initial routing at 14:37:09 10/08/18
Level 1, iteration 1
0(0.00%) conflict; 33(37.50%) untouched conns; 0 (nbr) score; 
Estimated worst slack/total negative slack<setup>: 2.581ns/0.000ns; real time: 4 secs 
Level 2, iteration 1
0(0.00%) conflict; 32(36.36%) untouched conns; 0 (nbr) score; 
Estimated worst slack/total negative slack<setup>: 2.609ns/0.000ns; real time: 4 secs 
Level 3, iteration 1
0(0.00%) conflict; 10(11.36%) untouched conns; 0 (nbr) score; 
Estimated worst slack/total negative slack<setup>: 2.827ns/0.000ns; real time: 4 secs 
Level 4, iteration 1
0(0.00%) conflict; 0(0.00%) untouched conn; 0 (nbr) score; 
Estimated worst slack/total negative slack<setup>: 2.827ns/0.000ns; real time: 4 secs 

Info: Initial congestion level at 75% usage is 0
Info: Initial congestion area  at 75% usage is 0 (0.00%)

Start NBR section for normal routing at 14:37:09 10/08/18
Level 1, iteration 1
0(0.00%) conflict; 0(0.00%) untouched conn; 0 (nbr) score; 
Estimated worst slack/total negative slack<setup>: 2.827ns/0.000ns; real time: 4 secs 
Level 4, iteration 1
0(0.00%) conflict; 0(0.00%) untouched conn; 0 (nbr) score; 
Estimated worst slack/total negative slack<setup>: 2.827ns/0.000ns; real time: 4 secs 

Start NBR section for setup/hold timing optimization with effort level 3 at 14:37:09 10/08/18

Start NBR section for re-routing at 14:37:09 10/08/18
Level 4, iteration 1
0(0.00%) conflict; 0(0.00%) untouched conn; 0 (nbr) score; 
Estimated worst slack/total negative slack<setup>: 2.827ns/0.000ns; real time: 4 secs 

Start NBR section for post-routing at 14:37:09 10/08/18

End NBR router with 0 unrouted connection

NBR Summary
-----------
  Number of unrouted connections : 0 (0.00%)
  Number of connections with timing violations : 0 (0.00%)
  Estimated worst slack<setup> : 2.827ns
  Timing score<setup> : 0
-----------
Notes: The timing info is calculated for SETUP only and all PAR_ADJs are ignored.



Total CPU time 4 secs 
Total REAL time: 4 secs 
Completely routed.
End of route.  88 routed (100.00%); 0 unrouted.

Hold time timing score: 0, hold timing errors: 0

Timing score: 0 

Dumping design to file Practica6_impl1.dir/5_1.ncd.


PAR_SUMMARY::Run status = Success
PAR_SUMMARY::Number of unrouted conns = 0
PAR_SUMMARY::Worst  slack<setup/<ns>> = 2.827
PAR_SUMMARY::Timing score<setup/<ns>> = 0.000
PAR_SUMMARY::Worst  slack<hold /<ns>> = 0.377
PAR_SUMMARY::Timing score<hold /<ns>> = 0.000
PAR_SUMMARY::Number of errors = 0

Total CPU  time to completion: 4 secs 
Total REAL time to completion: 4 secs 

par done!

Copyright (c) 1991-1994 by NeoCAD Inc. All rights reserved.
Copyright (c) 1995 AT&T Corp.   All rights reserved.
Copyright (c) 1995-2001 Lucent Technologies Inc.  All rights reserved.
Copyright (c) 2001 Agere Systems   All rights reserved.
Copyright (c) 2002-2017 Lattice Semiconductor Corporation,  All rights reserved.
Exiting par with exit code 0
Exiting mpartrce with exit code 0

bitgen -f "Practica6_impl1.t2b" -w "Practica6_impl1.ncd" -jedec "Practica6_impl1.prf"


BITGEN: Bitstream Generator Diamond (64-bit) 3.10.0.111.2
Copyright (c) 1991-1994 by NeoCAD Inc. All rights reserved.
Copyright (c) 1995 AT&T Corp.   All rights reserved.
Copyright (c) 1995-2001 Lucent Technologies Inc.  All rights reserved.
Copyright (c) 2001 Agere Systems   All rights reserved.
Copyright (c) 2002-2017 Lattice Semiconductor Corporation,  All rights reserved.


Loading design for application Bitgen from file Practica6_impl1.ncd.
Design name: Counter
NCD version: 3.3
Vendor:      LATTICE
Device:      LCMXO2-7000HE
Package:     TQFP144
Performance: 4
Loading device for application Bitgen from file 'xo2c7000.nph' in environment: C:/lscc/diamond/3.10_x64/ispfpga.
Package Status:                     Final          Version 1.39.
Performance Hardware Data Status:   Final          Version 34.4.

Running DRC.
DRC detected 0 errors and 0 warnings.
Reading Preference File from Practica6_impl1.prf.

Preference Summary:
+---------------------------------+---------------------------------+
|  Preference                     |  Current Setting                |
+---------------------------------+---------------------------------+
|                         RamCfg  |                        Reset**  |
+---------------------------------+---------------------------------+
|                     MCCLK_FREQ  |                         2.08**  |
+---------------------------------+---------------------------------+
|                  CONFIG_SECURE  |                          OFF**  |
+---------------------------------+---------------------------------+
|                          INBUF  |                           ON**  |
+---------------------------------+---------------------------------+
|                      JTAG_PORT  |                       ENABLE**  |
+---------------------------------+---------------------------------+
|                       SDM_PORT  |                      DISABLE**  |
+---------------------------------+---------------------------------+
|                 SLAVE_SPI_PORT  |                      DISABLE**  |
+---------------------------------+---------------------------------+
|                MASTER_SPI_PORT  |                      DISABLE**  |
+---------------------------------+---------------------------------+
|                       I2C_PORT  |                      DISABLE**  |
+---------------------------------+---------------------------------+
|        MUX_CONFIGURATION_PORTS  |                      DISABLE**  |
+---------------------------------+---------------------------------+
|                  CONFIGURATION  |                          CFG**  |
+---------------------------------+---------------------------------+
|                COMPRESS_CONFIG  |                           ON**  |
+---------------------------------+---------------------------------+
|                        MY_ASSP  |                          OFF**  |
+---------------------------------+---------------------------------+
|               ONE_TIME_PROGRAM  |                          OFF**  |
+---------------------------------+---------------------------------+
|                 ENABLE_TRANSFR  |                      DISABLE**  |
+---------------------------------+---------------------------------+
|                  SHAREDEBRINIT  |                      DISABLE**  |
+---------------------------------+---------------------------------+
|            BACKGROUND_RECONFIG  |                          OFF**  |
+---------------------------------+---------------------------------+
 *  Default setting.
 ** The specified setting matches the default setting.


Creating bit map...
 
Bitstream Status: Final           Version 1.94.
 
Saving bit stream in "Practica6_impl1.jed".
 
===========
UFM Summary.
===========
UFM Size:        2046 Pages (128*2046 Bits).
UFM Utilization: General Purpose Flash Memory.
 
Available General Purpose Flash Memory: 2046 Pages (Page 0 to Page 2045).
Initialized UFM Pages:                     0 Page.
 
