synthesis:  version Diamond (64-bit) 3.10.0.111.2

Copyright (c) 1991-1994 by NeoCAD Inc. All rights reserved.
Copyright (c) 1995 AT&T Corp.   All rights reserved.
Copyright (c) 1995-2001 Lucent Technologies Inc.  All rights reserved.
Copyright (c) 2001 Agere Systems   All rights reserved.
Copyright (c) 2002-2017 Lattice Semiconductor Corporation,  All rights reserved.
Mon Oct 08 14:36:36 2018


Command Line:  synthesis -f Practica6_impl1_lattice.synproj -gui -msgset C:/Users/asdf1/Documents/DigitalDesign/Practica6DSD/promote.xml 

Synthesis options:
The -a option is MachXO2.
The -s option is 4.
The -t option is TQFP144.
The -d option is LCMXO2-7000HE.
Using package TQFP144.
Using performance grade 4.
                                                          

##########################################################

### Lattice Family : MachXO2

### Device  : LCMXO2-7000HE

### Package : TQFP144

### Speed   : 4

##########################################################

                                                          

INFO - synthesis: User-Selected Strategy Settings
Optimization goal = Balanced
Top-level module name = Counter.
Target frequency = 200.000000 MHz.
Maximum fanout = 1000.
Timing path count = 3
BRAM utilization = 100.000000 %
DSP usage = true
DSP utilization = 100.000000 %
fsm_encoding_style = auto
resolve_mixed_drivers = 0
fix_gated_clocks = 1

Mux style = Auto
Use Carry Chain = true
carry_chain_length = 0
Loop Limit = 1950.
Use IO Insertion = TRUE
Use IO Reg = AUTO

Resource Sharing = TRUE
Propagate Constants = TRUE
Remove Duplicate Registers = TRUE
force_gsr = auto
ROM style = auto
RAM style = auto
The -comp option is FALSE.
The -syn option is FALSE.
-p C:/lscc/diamond/3.10_x64/ispfpga/xo2c00/data (searchpath added)
-p C:/Users/asdf1/Documents/DigitalDesign/Practica6DSD/impl1 (searchpath added)
-p C:/Users/asdf1/Documents/DigitalDesign/Practica6DSD (searchpath added)
VHDL library = work
VHDL design file = C:/Users/asdf1/Documents/DigitalDesign/Practica6DSD/Counter.vhd
NGD file = Practica6_impl1.ngd
-sdc option: SDC file input not used.
-lpf option: Output file option is ON.
Hardtimer checking is enabled (default). The -dt option is not used.
The -r option is OFF. [ Remove LOC Properties is OFF. ]
Technology check ok...

Analyzing Verilog file C:/lscc/diamond/3.10_x64/ispfpga/userware/NT/SYNTHESIS_HEADERS/machxo2.v. VERI-1482
Compile design.
Compile Design Begin
INFO - synthesis: The default VHDL library search path is now "C:/Users/asdf1/Documents/DigitalDesign/Practica6DSD/impl1". VHDL-1504
Analyzing VHDL file c:/users/asdf1/documents/digitaldesign/practica6dsd/counter.vhd. VHDL-1481
INFO - synthesis: c:/users/asdf1/documents/digitaldesign/practica6dsd/counter.vhd(5): analyzing entity counter. VHDL-1012
INFO - synthesis: c:/users/asdf1/documents/digitaldesign/practica6dsd/counter.vhd(13): analyzing architecture arch_counter. VHDL-1010
unit Counter is not yet analyzed. VHDL-1485
unit Counter is not yet analyzed. VHDL-1485
c:/users/asdf1/documents/digitaldesign/practica6dsd/counter.vhd(5): executing Counter(arch_counter)

WARNING - synthesis: c:/users/asdf1/documents/digitaldesign/practica6dsd/counter.vhd(38): sel should be on the sensitivity list of the process. VHDL-1251
WARNING - synthesis: c:/users/asdf1/documents/digitaldesign/practica6dsd/counter.vhd(39): d should be on the sensitivity list of the process. VHDL-1251
WARNING - synthesis: c:/users/asdf1/documents/digitaldesign/practica6dsd/counter.vhd(40): d should be on the sensitivity list of the process. VHDL-1251
WARNING - synthesis: c:/users/asdf1/documents/digitaldesign/practica6dsd/counter.vhd(41): d should be on the sensitivity list of the process. VHDL-1251
WARNING - synthesis: c:/users/asdf1/documents/digitaldesign/practica6dsd/counter.vhd(42): d should be on the sensitivity list of the process. VHDL-1251
INFO - synthesis: c:/users/asdf1/documents/digitaldesign/practica6dsd/counter.vhd(43): others clause is never selected. VHDL-1172
WARNING - synthesis: c:/users/asdf1/documents/digitaldesign/practica6dsd/counter.vhd(45): incomplete sensitivity list specified, assuming completeness. VHDL-1613
WARNING - synthesis: c:/users/asdf1/documents/digitaldesign/practica6dsd/counter.vhd(11): replacing existing netlist Counter(arch_counter). VHDL-1205
Top module name (VHDL): Counter
Loading NGL library 'C:/lscc/diamond/3.10_x64/ispfpga/xo2c00a/data/xo2alib.ngl'...
Loading NGL library 'C:/lscc/diamond/3.10_x64/ispfpga/xo2c00/data/xo2clib.ngl'...
Loading NGL library 'C:/lscc/diamond/3.10_x64/ispfpga/mg5g00/data/mg5glib.ngl'...
Loading NGL library 'C:/lscc/diamond/3.10_x64/ispfpga/or5g00/data/orc5glib.ngl'...
Loading device for application map from file 'xo2c7000.nph' in environment: C:/lscc/diamond/3.10_x64/ispfpga.
Package Status:                     Final          Version 1.39.
Top-level module name = Counter.
######## Converting I/O port clk to output.



GSR will not be inferred because no asynchronous signal was found in the netlist.
Applying 200.000000 MHz constraint to all clocks

WARNING - synthesis: No user .sdc file.
Results of NGD DRC are available in Counter_drc.log.
Loading NGL library 'C:/lscc/diamond/3.10_x64/ispfpga/xo2c00a/data/xo2alib.ngl'...
Loading NGL library 'C:/lscc/diamond/3.10_x64/ispfpga/xo2c00/data/xo2clib.ngl'...
Loading NGL library 'C:/lscc/diamond/3.10_x64/ispfpga/mg5g00/data/mg5glib.ngl'...
Loading NGL library 'C:/lscc/diamond/3.10_x64/ispfpga/or5g00/data/orc5glib.ngl'...
All blocks are expanded and NGD expansion is successful.
Writing NGD file Practica6_impl1.ngd.

################### Begin Area Report (Counter)######################
Number of register bits => 26 of 7209 (0 % )
CCU2D => 14
FD1S3AX => 26
GSR => 1
IB => 2
LUT4 => 2
OB => 2
PFUMX => 1
################### End Area Report ##################

################### Begin BlackBox Report ######################
OSCH("133.00")(1,6) => 1
TSALL => 1
################### End BlackBox Report ##################

################### Begin Clock Report ######################
Clock Nets
Number of Clocks: 1
  Net : clk_c, loads : 27
Clock Enable Nets
Number of Clock Enables: 0
Top 0 highest fanout Clock Enables:
Highest fanout non-clock nets
Top 10 highest fanout non-clock nets:
  Net : sel_c_0, loads : 2
  Net : d_25, loads : 2
  Net : d_24, loads : 2
  Net : d_23, loads : 2
  Net : d_22, loads : 2
  Net : sel_c_1, loads : 1
  Net : o_c, loads : 1
  Net : n26, loads : 1
  Net : n25, loads : 1
  Net : n24, loads : 1
################### End Clock Report ##################

Timing Report Summary
--------------
--------------------------------------------------------------------------------
Constraint                              |   Constraint|       Actual|Levels
--------------------------------------------------------------------------------
                                        |             |             |
create_clock -period 5.000000 -name     |             |             |
clk0 [get_nets clk_c]                   |  200.000 MHz|  165.153 MHz|    15 *
                                        |             |             |
--------------------------------------------------------------------------------


1 constraints not met.


Peak Memory Usage: 74.078  MB

--------------------------------------------------------------
Elapsed CPU time for LSE flow : 0.453  secs
--------------------------------------------------------------
