Design: 6:30 PM, Sunday, May 13, 2018
Design: Opening design "\\VBOXSVR\DigitalDesign\Practica4\Practica4\Practica4.adf"
ELBREAD: Elaboration process.
ELBREAD: Elaboration time 0.0 [s].
Compilation with file reorder...
File: \\VBOXSVR\DigitalDesign\Practica4\Practica4.vhd
Compile Entity "Converter"
Compile Architecture "archConverter" of Entity "Converter"
Top-Level unit detected
Entity  =>   Converter
Compile success 0 Errors 0 Warnings  Analysis time :  0.0 [s]
ELBREAD: Elaboration process.
ELBREAD: Elaboration time 0.0 [s].
ELBREAD: Elaboration process.
ELBREAD: Elaboration time 0.0 [s].
KERNEL: Main thread initiated.
KERNEL: Kernel process initialization phase.
ELAB2: Elaboration final pass...
ELAB2: Elaboration final pass complete - time: 0.0 [s].
KERNEL: Kernel process initialization done.
6:31 PM, Sunday, May 13, 2018
Simulation has been initialized
Selected Top-Level: Converter (archConverter)
KERNEL: stopped at time: 100 ns
KERNEL: Simulation has finished. There are no more test vectors to simulate.
KERNEL: stopped at time: 200 ns
KERNEL: Simulation has finished. There are no more test vectors to simulate.
KERNEL: stopped at time: 300 ns
KERNEL: Simulation has finished. There are no more test vectors to simulate.
KERNEL: stopped at time: 400 ns
KERNEL: Simulation has finished. There are no more test vectors to simulate.
ELBREAD: Elaboration process.
ELBREAD: Elaboration time 0.0 [s].
KERNEL: Main thread initiated.
KERNEL: Kernel process initialization phase.
ELAB2: Elaboration final pass...
ELAB2: Elaboration final pass complete - time: 0.0 [s].
KERNEL: Kernel process initialization done.
6:33 PM, Sunday, May 13, 2018
Simulation has been initialized
Selected Top-Level: Converter (archConverter)
KERNEL: stopped at time: 100 ns
KERNEL: Simulation has finished. There are no more test vectors to simulate.
Simulation has been stopped
