Design: 10:12 AM, Tuesday, May 29, 2018
Design: Opening design "\\VBOXSVR\DigitalDesign\Practica7\Practica7\Practica7.adf"
Compilation with file reorder...
File: \\VBOXSVR\DigitalDesign\Practica7\Practica7.vhd
Compile Entity "MUX"
Compile Architecture "archMUX" of Entity "MUX"
Top-Level unit detected
Entity  =>   MUX
Compile success 0 Errors 0 Warnings  Analysis time :  0.1 [s]
ELBREAD: Elaboration process.
ELBREAD: Elaboration time 0.0 [s].
ELBREAD: Elaboration process.
ELBREAD: Elaboration time 0.0 [s].
KERNEL: Main thread initiated.
KERNEL: Kernel process initialization phase.
ELAB2: Elaboration final pass...
ELAB2: Elaboration final pass complete - time: 0.0 [s].
KERNEL: Kernel process initialization done.
10:14 AM, Tuesday, May 29, 2018
Simulation has been initialized
Selected Top-Level: MUX (archMUX)
KERNEL: stopped at time: 50 ns
KERNEL: Simulation has finished. There are no more test vectors to simulate.
KERNEL: stopped at time: 100 ns
KERNEL: Simulation has finished. There are no more test vectors to simulate.
KERNEL: stopped at time: 150 ns
KERNEL: Simulation has finished. There are no more test vectors to simulate.
KERNEL: stopped at time: 200 ns
KERNEL: Simulation has finished. There are no more test vectors to simulate.
ELBREAD: Elaboration process.
ELBREAD: Elaboration time 0.0 [s].
KERNEL: Main thread initiated.
KERNEL: Kernel process initialization phase.
ELAB2: Elaboration final pass...
ELAB2: Elaboration final pass complete - time: 0.0 [s].
KERNEL: Kernel process initialization done.
10:18 AM, Tuesday, May 29, 2018
Simulation has been initialized
Selected Top-Level: MUX (archMUX)
KERNEL: stopped at time: 50 ns
KERNEL: Simulation has finished. There are no more test vectors to simulate.
