
          Lattice Mapping Report File for Design Module 'Marquezina'


Design Information
------------------

Command line:   map -a MachXO2 -p LCMXO2-7000ZE -t TQFP144 -s 1 -oc Commercial
     Practica9DSD_impl1.ngd -o Practica9DSD_impl1_map.ncd -pr
     Practica9DSD_impl1.prf -mp Practica9DSD_impl1.mrp -lpf C:/Users/asdf1/Docum
     ents/DigitalDesign/Practica9DSD/impl1/Practica9DSD_impl1_synplify.lpf -lpf
     C:/Users/asdf1/Documents/DigitalDesign/Practica9DSD/Practica9DSD.lpf -c 0
     -gui -msgset
     C:/Users/asdf1/Documents/DigitalDesign/Practica9DSD/promote.xml 
Target Vendor:  LATTICE
Target Device:  LCMXO2-7000ZETQFP144
Target Performance:   1
Mapper:  xo2c00,  version:  Diamond (64-bit) 3.10.0.111.2
Mapped on:  11/20/18  23:48:45

Design Summary
--------------

   Number of registers:     62 out of  7209 (1%)
      PFU registers:           62 out of  6864 (1%)
      PIO registers:            0 out of   345 (0%)
   Number of SLICEs:       835 out of  3432 (24%)
      SLICEs as Logic/ROM:    835 out of  3432 (24%)
      SLICEs as RAM:            0 out of  2574 (0%)
      SLICEs as Carry:         80 out of  3432 (2%)
   Number of LUT4s:        1668 out of  6864 (24%)
      Number used as logic LUTs:        1508
      Number used as distributed RAM:     0
      Number used as ripple logic:      160
      Number used as shift registers:     0
   Number of PIO sites used: 25 + 4(JTAG) out of 115 (25%)
   Number of block RAMs:  0 out of 26 (0%)
   Number of GSRs:  0 out of 1 (0%)
   EFB used :       No
   JTAG used :      No
   Readback used :  No
   Oscillator used :  Yes
   Startup used :   No
   POR :            On
   Bandgap :        On
   Number of Power Controller:  0 out of 1 (0%)
   Number of Dynamic Bank Controller (BCINRD):  0 out of 6 (0%)
   Number of Dynamic Bank Controller (BCLVDSO):  0 out of 1 (0%)
   Number of DCCA:  0 out of 8 (0%)
   Number of DCMA:  0 out of 2 (0%)
   Number of PLLs:  0 out of 2 (0%)
   Number of DQSDLLs:  0 out of 2 (0%)
   Number of CLKDIVC:  0 out of 4 (0%)
   Number of ECLKSYNCA:  0 out of 4 (0%)
   Number of ECLKBRIDGECS:  0 out of 2 (0%)
   Notes:-
      1. Total number of LUT4s = (Number of logic LUT4s) + 2*(Number of
     distributed RAMs) + 2*(Number of ripple logic)
      2. Number of logic LUT4s does not include count of distributed RAM and
     ripple logic.
   Number of clocks:  1
     Net Clock_c: 37 loads, 37 rising, 0 falling (Driver: OSCInst0 )

                                    Page 1




Design:  Marquezina                                    Date:  11/20/18  23:48:45

Design Summary (cont)
---------------------
   Number of Clock Enables:  2
     Net lowClk.un2_ring_i: 4 loads, 4 LSLICEs
     Net lowClk.un2_count_i: 8 loads, 8 LSLICEs
   Number of LSRs:  3
     Net lowClk.un2_ringlto23_RNIUMG61: 3 loads, 3 LSLICEs
     Net lowClk.un2_ring_i: 9 loads, 9 LSLICEs
     Net lowClk.un2_count_i: 5 loads, 5 LSLICEs
   Number of nets driven by tri-state buffers:  0
   Top 10 highest fanout non-clock nets:
     Net Adress[1]: 597 loads
     Net Adress[2]: 310 loads
     Net Adress[0]: 282 loads
     Net Adress[3]: 159 loads
     Net N_302_a: 144 loads
     Net un45_data_a[2]: 144 loads
     Net Adress[5]: 87 loads
     Net N_331_a: 74 loads
     Net N_332_a: 73 loads
     Net un101_data_a[1]: 73 loads




   Number of warnings:  0
   Number of errors:    0
     

Design Errors/Warnings
----------------------

   No errors or warnings present.

IO (PIO) Attributes
-------------------

+---------------------+-----------+-----------+------------+
| IO Name             | Direction | Levelmode | IO         |
|                     |           |  IO_TYPE  | Register   |
+---------------------+-----------+-----------+------------+
| Clock               | OUTPUT    | LVCMOS25  |            |
+---------------------+-----------+-----------+------------+
| Data[7]             | OUTPUT    | LVCMOS25  |            |
+---------------------+-----------+-----------+------------+
| Data[6]             | OUTPUT    | LVCMOS25  |            |
+---------------------+-----------+-----------+------------+
| Data[5]             | OUTPUT    | LVCMOS25  |            |
+---------------------+-----------+-----------+------------+
| Data[4]             | OUTPUT    | LVCMOS25  |            |
+---------------------+-----------+-----------+------------+
| Data[3]             | OUTPUT    | LVCMOS25  |            |
+---------------------+-----------+-----------+------------+
| Data[2]             | OUTPUT    | LVCMOS25  |            |
+---------------------+-----------+-----------+------------+
| Data[1]             | OUTPUT    | LVCMOS25  |            |
+---------------------+-----------+-----------+------------+
| Data[0]             | OUTPUT    | LVCMOS25  |            |

                                    Page 2




Design:  Marquezina                                    Date:  11/20/18  23:48:45

IO (PIO) Attributes (cont)
--------------------------
+---------------------+-----------+-----------+------------+
| mux[15]             | OUTPUT    | LVCMOS25  |            |
+---------------------+-----------+-----------+------------+
| mux[14]             | OUTPUT    | LVCMOS25  |            |
+---------------------+-----------+-----------+------------+
| mux[13]             | OUTPUT    | LVCMOS25  |            |
+---------------------+-----------+-----------+------------+
| mux[12]             | OUTPUT    | LVCMOS25  |            |
+---------------------+-----------+-----------+------------+
| mux[11]             | OUTPUT    | LVCMOS25  |            |
+---------------------+-----------+-----------+------------+
| mux[10]             | OUTPUT    | LVCMOS25  |            |
+---------------------+-----------+-----------+------------+
| mux[9]              | OUTPUT    | LVCMOS25  |            |
+---------------------+-----------+-----------+------------+
| mux[8]              | OUTPUT    | LVCMOS25  |            |
+---------------------+-----------+-----------+------------+
| mux[7]              | OUTPUT    | LVCMOS25  |            |
+---------------------+-----------+-----------+------------+
| mux[6]              | OUTPUT    | LVCMOS25  |            |
+---------------------+-----------+-----------+------------+
| mux[5]              | OUTPUT    | LVCMOS25  |            |
+---------------------+-----------+-----------+------------+
| mux[4]              | OUTPUT    | LVCMOS25  |            |
+---------------------+-----------+-----------+------------+
| mux[3]              | OUTPUT    | LVCMOS25  |            |
+---------------------+-----------+-----------+------------+
| mux[2]              | OUTPUT    | LVCMOS25  |            |
+---------------------+-----------+-----------+------------+
| mux[1]              | OUTPUT    | LVCMOS25  |            |
+---------------------+-----------+-----------+------------+
| mux[0]              | OUTPUT    | LVCMOS25  |            |
+---------------------+-----------+-----------+------------+

Removed logic
-------------

Block GSR_INST undriven or does not drive anything - clipped.
Signal GND undriven or does not drive anything - clipped.
Signal un21_data_s_7_0_S1 undriven or does not drive anything - clipped.
Signal un21_data_s_7_0_COUT undriven or does not drive anything - clipped.
Signal un1_adress_cry_0_0_S1 undriven or does not drive anything - clipped.
Signal un1_adress_cry_0_0_S0 undriven or does not drive anything - clipped.
Signal N_2 undriven or does not drive anything - clipped.
Signal un1_adress_s_7_0_S1 undriven or does not drive anything - clipped.
Signal un1_adress_s_7_0_COUT undriven or does not drive anything - clipped.
Signal un108_data_cry_0_0_S1 undriven or does not drive anything - clipped.
Signal un108_data_cry_0_0_S0 undriven or does not drive anything - clipped.
Signal N_3 undriven or does not drive anything - clipped.
Signal un108_data_cry_1_0_S0 undriven or does not drive anything - clipped.
Signal un108_data_cry_5_0_COUT undriven or does not drive anything - clipped.
Signal un77_data_cry_0_0_S1 undriven or does not drive anything - clipped.
Signal un77_data_cry_0_0_S0 undriven or does not drive anything - clipped.
Signal N_4 undriven or does not drive anything - clipped.
Signal un77_data_cry_1_0_S0 undriven or does not drive anything - clipped.
Signal un77_data_cry_5_0_COUT undriven or does not drive anything - clipped.

                                    Page 3




Design:  Marquezina                                    Date:  11/20/18  23:48:45

Removed logic (cont)
--------------------
Signal un45_data_cry_0_0_S1 undriven or does not drive anything - clipped.
Signal un45_data_cry_0_0_S0 undriven or does not drive anything - clipped.
Signal N_5 undriven or does not drive anything - clipped.
Signal un45_data_cry_5_0_COUT undriven or does not drive anything - clipped.
Signal un13_data_cry_0_0_S1 undriven or does not drive anything - clipped.
Signal un13_data_cry_0_0_S0 undriven or does not drive anything - clipped.
Signal N_6 undriven or does not drive anything - clipped.
Signal un13_data_cry_5_0_COUT undriven or does not drive anything - clipped.
Signal un115_data_cry_0_0_S1 undriven or does not drive anything - clipped.
Signal un115_data_cry_0_0_S0 undriven or does not drive anything - clipped.
Signal N_7 undriven or does not drive anything - clipped.
Signal un115_data_s_7_0_S1 undriven or does not drive anything - clipped.
Signal un115_data_s_7_0_COUT undriven or does not drive anything - clipped.
Signal un101_data_cry_0_0_S1 undriven or does not drive anything - clipped.
Signal un101_data_cry_0_0_S0 undriven or does not drive anything - clipped.
Signal N_8 undriven or does not drive anything - clipped.
Signal un101_data_s_7_0_S1 undriven or does not drive anything - clipped.
Signal un101_data_s_7_0_COUT undriven or does not drive anything - clipped.
Signal un85_data_cry_0_0_S1 undriven or does not drive anything - clipped.
Signal un85_data_cry_0_0_S0 undriven or does not drive anything - clipped.
Signal N_9 undriven or does not drive anything - clipped.
Signal un85_data_s_7_0_S1 undriven or does not drive anything - clipped.
Signal un85_data_s_7_0_COUT undriven or does not drive anything - clipped.
Signal un69_data_cry_0_0_S1 undriven or does not drive anything - clipped.
Signal un69_data_cry_0_0_S0 undriven or does not drive anything - clipped.
Signal N_10 undriven or does not drive anything - clipped.
Signal un69_data_s_7_0_S1 undriven or does not drive anything - clipped.
Signal un69_data_s_7_0_COUT undriven or does not drive anything - clipped.
Signal un53_data_cry_0_0_S1 undriven or does not drive anything - clipped.
Signal un53_data_cry_0_0_S0 undriven or does not drive anything - clipped.
Signal N_11 undriven or does not drive anything - clipped.
Signal un53_data_s_7_0_S1 undriven or does not drive anything - clipped.
Signal un53_data_s_7_0_COUT undriven or does not drive anything - clipped.
Signal un37_data_cry_0_0_S1 undriven or does not drive anything - clipped.
Signal un37_data_cry_0_0_S0 undriven or does not drive anything - clipped.
Signal N_12 undriven or does not drive anything - clipped.
Signal un37_data_s_7_0_S1 undriven or does not drive anything - clipped.
Signal un37_data_s_7_0_COUT undriven or does not drive anything - clipped.
Signal un61_data_1_cry_3_0_S1 undriven or does not drive anything - clipped.
Signal un61_data_1_cry_3_0_S0 undriven or does not drive anything - clipped.
Signal N_13 undriven or does not drive anything - clipped.
Signal un61_data_1_cry_6_0_COUT undriven or does not drive anything - clipped.
Signal un5_count_cry_0_0_S1 undriven or does not drive anything - clipped.
Signal un5_count_cry_0_0_S0 undriven or does not drive anything - clipped.
Signal N_14 undriven or does not drive anything - clipped.
Signal un5_count_s_13_0_S1 undriven or does not drive anything - clipped.
Signal un5_count_s_13_0_COUT undriven or does not drive anything - clipped.
Signal un4_ring_cry_0_0_S1 undriven or does not drive anything - clipped.
Signal un4_ring_cry_0_0_S0 undriven or does not drive anything - clipped.
Signal N_15 undriven or does not drive anything - clipped.
Signal un4_ring_s_23_0_S1 undriven or does not drive anything - clipped.
Signal un4_ring_s_23_0_COUT undriven or does not drive anything - clipped.
Signal un21_data_cry_0_0_S1 undriven or does not drive anything - clipped.
Signal un21_data_cry_0_0_S0 undriven or does not drive anything - clipped.
Signal N_1 undriven or does not drive anything - clipped.
Signal OSCInst0_SEDSTDBY undriven or does not drive anything - clipped.

                                    Page 4




Design:  Marquezina                                    Date:  11/20/18  23:48:45

Removed logic (cont)
--------------------
Block GND_0 was optimized away.

Memory Usage
------------


     

OSC Summary
-----------

OSC 1:                                     Pin/Node Value
  OSC Instance Name:                                OSCInst0
  OSC Type:                                         OSCH
  STDBY Input:                                      NONE
  OSC Output:                              PIN,NODE Clock_c
  OSC Nominal Frequency (MHz):                      53.20

ASIC Components
---------------

Instance Name: OSCInst0
         Type: OSCH

Run Time and Memory Usage
-------------------------

   Total CPU Time: 2 secs  
   Total REAL Time: 3 secs  
   Peak Memory Usage: 65 MB
        


























                                    Page 5


Copyright (c) 1991-1994 by NeoCAD Inc. All rights reserved.
     Copyright (c) 1995 AT&T Corp.   All rights reserved.
     Copyright (c) 1995-2001 Lucent Technologies Inc.  All rights reserved.
     Copyright (c) 2001 Agere Systems   All rights reserved.
     Copyright (c) 2002-2017 Lattice Semiconductor Corporation,  All rights
     reserved.
