Design: 9:09 PM, Wednesday, May 09, 2018
Design: Opening design "\\VBOXSVR\DigitalDesign\Practica8\Practica8\Practica8.adf"
ELBREAD: Elaboration process.
ELBREAD: Elaboration time 0.0 [s].
Compilation with file reorder...
File: \\VBOXSVR\DigitalDesign\Practica8\Practica8.vhd
Compile Entity "Encoder"
Compile Architecture "archEncoder" of Entity "Encoder"
Top-Level unit detected
Entity  =>   Encoder
Compile success 0 Errors 0 Warnings  Analysis time :  0.1 [s]
ELBREAD: Elaboration process.
ELBREAD: Elaboration time 0.0 [s].
ELBREAD: Elaboration process.
ELBREAD: Elaboration time 0.0 [s].
KERNEL: Main thread initiated.
KERNEL: Kernel process initialization phase.
ELAB2: Elaboration final pass...
ELAB2: Elaboration final pass complete - time: 0.0 [s].
KERNEL: Kernel process initialization done.
9:10 PM, Wednesday, May 09, 2018
Simulation has been initialized
Selected Top-Level: Encoder (archEncoder)
KERNEL: stopped at time: 100 ns
KERNEL: Simulation has finished. There are no more test vectors to simulate.
KERNEL: stopped at time: 200 ns
KERNEL: Simulation has finished. There are no more test vectors to simulate.
ELBREAD: Elaboration process.
ELBREAD: Elaboration time 0.0 [s].
KERNEL: Main thread initiated.
KERNEL: Kernel process initialization phase.
ELAB2: Elaboration final pass...
ELAB2: Elaboration final pass complete - time: 0.0 [s].
KERNEL: Kernel process initialization done.
9:11 PM, Wednesday, May 09, 2018
Simulation has been initialized
Selected Top-Level: Encoder (archEncoder)
KERNEL: stopped at time: 100 ns
KERNEL: Simulation has finished. There are no more test vectors to simulate.
KERNEL: stopped at time: 200 ns
KERNEL: Simulation has finished. There are no more test vectors to simulate.
KERNEL: Simulation has finished. There are no more test vectors to simulate.
KERNEL: stopped at time: 300 ns
KERNEL: Simulation has finished. There are no more test vectors to simulate.
KERNEL: Simulation has finished. There are no more test vectors to simulate.
KERNEL: stopped at time: 400 ns
KERNEL: Simulation has finished. There are no more test vectors to simulate.
KERNEL: Simulation has finished. There are no more test vectors to simulate.
KERNEL: stopped at time: 500 ns
KERNEL: Simulation has finished. There are no more test vectors to simulate.
KERNEL: Simulation has finished. There are no more test vectors to simulate.
ELBREAD: Elaboration process.
ELBREAD: Elaboration time 0.0 [s].
KERNEL: Main thread initiated.
KERNEL: Kernel process initialization phase.
ELAB2: Elaboration final pass...
ELAB2: Elaboration final pass complete - time: 0.0 [s].
KERNEL: Kernel process initialization done.
9:13 PM, Wednesday, May 09, 2018
Simulation has been initialized
Selected Top-Level: Encoder (archEncoder)
Simulation has been stopped
Compilation...
File: \\VBOXSVR\DigitalDesign\Practica8\Practica8.vhd
Compile Entity "Encoder"
Entity "Encoder" has been skipped - no difference detected.
Compile Architecture "archEncoder" of Entity "Encoder"
Compile success 0 Errors 0 Warnings  Analysis time :  0.0 [s]
ELBREAD: Elaboration process.
ELBREAD: Elaboration time 0.0 [s].
KERNEL: Main thread initiated.
KERNEL: Kernel process initialization phase.
ELAB2: Elaboration final pass...
ELAB2: Elaboration final pass complete - time: 0.0 [s].
KERNEL: Kernel process initialization done.
9:13 PM, Wednesday, May 09, 2018
Simulation has been initialized
Selected Top-Level: Encoder (archEncoder)
KERNEL: stopped at time: 100 ns
KERNEL: Simulation has finished. There are no more test vectors to simulate.
KERNEL: stopped at time: 200 ns
KERNEL: Simulation has finished. There are no more test vectors to simulate.
KERNEL: stopped at time: 300 ns
KERNEL: Simulation has finished. There are no more test vectors to simulate.
Simulation has been stopped
