
         Lattice Mapping Report File for Design Module 'seisEntradas'


Design Information
------------------

Command line:   map -a MachXO2 -p LCMXO2-7000HE -t TQFP144 -s 5 -oc Commercial
     Practica1DSD_impl1.ngd -o Practica1DSD_impl1_map.ncd -pr
     Practica1DSD_impl1.prf -mp Practica1DSD_impl1.mrp -lpf C:/Users/asdf1/Docum
     ents/DigitalDesign/Practica1DSD/impl1/Practica1DSD_impl1_synplify.lpf -lpf
     C:/Users/asdf1/Documents/DigitalDesign/Practica1DSD/Practica1DSD.lpf -c 0
     -gui -msgset
     C:/Users/asdf1/Documents/DigitalDesign/Practica1DSD/promote.xml 
Target Vendor:  LATTICE
Target Device:  LCMXO2-7000HETQFP144
Target Performance:   5
Mapper:  xo2c00,  version:  Diamond (64-bit) 3.10.0.111.2
Mapped on:  08/30/18  14:09:03

Design Summary
--------------

   Number of registers:      0 out of  7209 (0%)
      PFU registers:            0 out of  6864 (0%)
      PIO registers:            0 out of   345 (0%)
   Number of SLICEs:         1 out of  3432 (0%)
      SLICEs as Logic/ROM:      1 out of  3432 (0%)
      SLICEs as RAM:            0 out of  2574 (0%)
      SLICEs as Carry:          0 out of  3432 (0%)
   Number of LUT4s:          2 out of  6864 (0%)
      Number used as logic LUTs:          2
      Number used as distributed RAM:     0
      Number used as ripple logic:        0
      Number used as shift registers:     0
   Number of PIO sites used: 7 + 4(JTAG) out of 115 (10%)
   Number of block RAMs:  0 out of 26 (0%)
   Number of GSRs:  0 out of 1 (0%)
   EFB used :       No
   JTAG used :      No
   Readback used :  No
   Oscillator used :  No
   Startup used :   No
   POR :            On
   Bandgap :        On
   Number of Power Controller:  0 out of 1 (0%)
   Number of Dynamic Bank Controller (BCINRD):  0 out of 6 (0%)
   Number of Dynamic Bank Controller (BCLVDSO):  0 out of 1 (0%)
   Number of DCCA:  0 out of 8 (0%)
   Number of DCMA:  0 out of 2 (0%)
   Number of PLLs:  0 out of 2 (0%)
   Number of DQSDLLs:  0 out of 2 (0%)
   Number of CLKDIVC:  0 out of 4 (0%)
   Number of ECLKSYNCA:  0 out of 4 (0%)
   Number of ECLKBRIDGECS:  0 out of 2 (0%)
   Notes:-
      1. Total number of LUT4s = (Number of logic LUT4s) + 2*(Number of
     distributed RAMs) + 2*(Number of ripple logic)
      2. Number of logic LUT4s does not include count of distributed RAM and
     ripple logic.
   Number of clocks:  0
   Number of Clock Enables:  0

                                    Page 1




Design:  seisEntradas                                  Date:  08/30/18  14:09:03

Design Summary (cont)
---------------------
   Number of LSRs:  0
   Number of nets driven by tri-state buffers:  0
   Top 10 highest fanout non-clock nets:
     Net a_c: 1 loads
     Net b_c: 1 loads
     Net c_c: 1 loads
     Net d_c: 1 loads
     Net e_c: 1 loads
     Net f_c: 1 loads
     Net x5/a_1_3: 1 loads
     Net z_c: 1 loads




   Number of warnings:  4
   Number of errors:    0
     

Design Errors/Warnings
----------------------

WARNING - map:
     C:/Users/asdf1/Documents/DigitalDesign/Practica1DSD/Practica1DSD.lpf(9):
     Semantic error in "LOCATE COMP "z3" SITE "98" ;": COMP "z3" cannot be found
     in design. This preference has been disabled.
WARNING - map:
     C:/Users/asdf1/Documents/DigitalDesign/Practica1DSD/Practica1DSD.lpf(10):
     Semantic error in "LOCATE COMP "z2" SITE "97" ;": COMP "z2" cannot be found
     in design. This preference has been disabled.
WARNING - map:
     C:/Users/asdf1/Documents/DigitalDesign/Practica1DSD/Practica1DSD.lpf(11):
     Semantic error in "LOCATE COMP "z1" SITE "106" ;": COMP "z1" cannot be
     found in design. This preference has been disabled.
WARNING - map:
     C:/Users/asdf1/Documents/DigitalDesign/Practica1DSD/Practica1DSD.lpf(12):
     Semantic error in "LOCATE COMP "z4" SITE "100" ;": COMP "z4" cannot be
     found in design. This preference has been disabled.

IO (PIO) Attributes
-------------------

+---------------------+-----------+-----------+------------+
| IO Name             | Direction | Levelmode | IO         |
|                     |           |  IO_TYPE  | Register   |
+---------------------+-----------+-----------+------------+
| z                   | OUTPUT    | LVCMOS25  |            |
+---------------------+-----------+-----------+------------+
| a                   | INPUT     | LVCMOS25  |            |
+---------------------+-----------+-----------+------------+
| f                   | INPUT     | LVCMOS25  |            |
+---------------------+-----------+-----------+------------+
| e                   | INPUT     | LVCMOS25  |            |
+---------------------+-----------+-----------+------------+
| d                   | INPUT     | LVCMOS25  |            |
+---------------------+-----------+-----------+------------+

                                    Page 2




Design:  seisEntradas                                  Date:  08/30/18  14:09:03

IO (PIO) Attributes (cont)
--------------------------
| c                   | INPUT     | LVCMOS25  |            |
+---------------------+-----------+-----------+------------+
| b                   | INPUT     | LVCMOS25  |            |
+---------------------+-----------+-----------+------------+

Removed logic
-------------

Block VCC undriven or does not drive anything - clipped.
Block GSR_INST undriven or does not drive anything - clipped.
Block GND undriven or does not drive anything - clipped.
Block x5/VCC undriven or does not drive anything - clipped.
Block x5/GND undriven or does not drive anything - clipped.
Signal VCC undriven or does not drive anything - clipped.

Memory Usage
------------


     

Run Time and Memory Usage
-------------------------

   Total CPU Time: 0 secs  
   Total REAL Time: 0 secs  
   Peak Memory Usage: 56 MB
        





























                                    Page 3


Copyright (c) 1991-1994 by NeoCAD Inc. All rights reserved.
     Copyright (c) 1995 AT&T Corp.   All rights reserved.
     Copyright (c) 1995-2001 Lucent Technologies Inc.  All rights reserved.
     Copyright (c) 2001 Agere Systems   All rights reserved.
     Copyright (c) 2002-2017 Lattice Semiconductor Corporation,  All rights
     reserved.
