Running in Lattice mode

Starting:    C:\lscc\diamond\3.10_x64\synpbase\bin64\mbin\synbatch.exe
Install:     C:\lscc\diamond\3.10_x64\synpbase
Hostname:    DESKTOP-4BVJD33
Date:        Tue Aug 21 14:08:20 2018
Version:     M-2017.03L-SP1-1

Arguments:   -product synplify_pro -batch Practica1DSD_impl1_synplify.tcl
ProductType: synplify_pro




log file: "C:\Users\asdf1\Documents\DigitalDesign\Practica1DSD\impl1\Practica1DSD_impl1.srr"
Running: hdl_info_gen in foreground

Generating HDL info...

hdl_info_gen completed
# Tue Aug 21 14:08:21 2018

Return Code: 0
Run Time:00h:00m:01s
Copied C:\Users\asdf1\Documents\DigitalDesign\Practica1DSD\impl1\Practica1DSD_impl1.srr to C:\Users\asdf1\Documents\DigitalDesign\Practica1DSD\impl1\Practica1DSD_impl1.srf
log file: "C:\Users\asdf1\Documents\DigitalDesign\Practica1DSD\impl1\Practica1DSD_impl1.srr"
Running: impl1 in foreground

Running proj_1|impl1

Running: compile (Compile) on proj_1|impl1
# Tue Aug 21 14:08:21 2018

Running: compile_flow (Compile Process) on proj_1|impl1
# Tue Aug 21 14:08:21 2018

Running: compiler (Compile Input) on proj_1|impl1
# Tue Aug 21 14:08:21 2018
Copied C:\Users\asdf1\Documents\DigitalDesign\Practica1DSD\impl1\synwork\Practica1DSD_impl1_comp.srs to C:\Users\asdf1\Documents\DigitalDesign\Practica1DSD\impl1\Practica1DSD_impl1.srs

compiler completed
# Tue Aug 21 14:08:23 2018

Return Code: 0
Run Time:00h:00m:02s

Running: multi_srs_gen (Multi-srs Generator) on proj_1|impl1
# Tue Aug 21 14:08:23 2018

multi_srs_gen completed
# Tue Aug 21 14:08:24 2018

Return Code: 0
Run Time:00h:00m:01s
Copied C:\Users\asdf1\Documents\DigitalDesign\Practica1DSD\impl1\synwork\Practica1DSD_impl1_mult.srs to C:\Users\asdf1\Documents\DigitalDesign\Practica1DSD\impl1\Practica1DSD_impl1.srs
Copied C:\Users\asdf1\Documents\DigitalDesign\Practica1DSD\impl1\Practica1DSD_impl1.srr to C:\Users\asdf1\Documents\DigitalDesign\Practica1DSD\impl1\Practica1DSD_impl1.srf
Complete: Compile Process on proj_1|impl1

Running: premap (Pre-mapping) on proj_1|impl1
# Tue Aug 21 14:08:24 2018

premap completed
# Tue Aug 21 14:08:25 2018

Return Code: 0
Run Time:00h:00m:01s
Complete: Compile on proj_1|impl1

Running: map (Map) on proj_1|impl1
# Tue Aug 21 14:08:25 2018
License granted for 4 parallel jobs

Running: fpga_mapper (Map & Optimize) on proj_1|impl1
# Tue Aug 21 14:08:25 2018

fpga_mapper completed
# Tue Aug 21 14:08:27 2018

Return Code: 0
Run Time:00h:00m:02s
Complete: Map on proj_1|impl1
Copied C:\Users\asdf1\Documents\DigitalDesign\Practica1DSD\impl1\Practica1DSD_impl1.srr to C:\Users\asdf1\Documents\DigitalDesign\Practica1DSD\impl1\Practica1DSD_impl1.srf
Complete: Logic Synthesis on proj_1|impl1
TCL script complete: "Practica1DSD_impl1_synplify.tcl"
exit status=0
exit status=0
Save changes for project:
C:\Users\asdf1\Documents\DigitalDesign\Practica1DSD\impl1\proj_1.prj
batch mode default:no
