10 1 1
10 1 1
10 1 1
17 0 and2 2560 1584 0
17 0 and2 2144 1056 0
17 0 and2 2224 1488 0
17 0 and2 2240 1840 0
17 0 4
17 0 3
17 0 2
17 0 1
17 0 and2 2272 1856 0
17 0 and2 2256 1504 0
17 0 and2 2176 1072 0
17 0 and2 2592 1600 0
17 0 2
17 0 and2 2192 1280 0
17 0 4
17 0 and2 2192 1520 0
17 0 1
17 0 and2 2192 1744 0
17 0 or4 2800 1344 0
17 0 inv 2032 880 0
17 0 inv 2480 768 0
17 0 7
17 0 6
17 0 inv 1600 1120 0
17 0 inv 1152 1232 0
17 0 6
17 0 inv 1440 1232 0
17 0 7
17 0 inv 1424 1584 0
13 0 2176 1120 1536 1120
13 0 1536 1120 1536 1280
13 0 1536 1280 1488 1280
13 0 1648 1232 1648 960
13 0 1648 960 1472 960
13 0 1552 960 1648 960
13 2 1552 960 1648 960
13 0 1552 1120 1760 1120
13 2 1552 1120 1760 1120
13 2 1648 960 1648 1232
13 0 1648 960 1648 1232
13 0 1552 1120 1760 1120
13 0 1552 960 1648 960
13 2 1472 960 1648 960
13 2 1648 960 1648 1232
13 2 1488 1280 1536 1280
13 2 1536 1120 1536 1280
13 2 1536 1120 2176 1120
13 0 1488 1280 2176 1280
13 0 1488 1280 1536 1280
13 0 1536 1280 2176 1280
13 2 1536 1280 2176 1280
13 2 1488 1280 1536 1280
17 0 7
17 0 inv 1152 1232 0
13 0 1504 1280 2240 1280
13 0 1504 1280 1536 1280
13 0 1536 1280 2240 1280
13 2 1536 1280 2240 1280
13 2 1504 1280 1536 1280
13 0 1536 1280 1728 1280
13 0 1728 1280 2176 1280
13 0 1728 1280 2176 1280
13 2 1728 1280 2176 1280
13 2 1536 1280 1728 1280
13 0 1504 1280 2256 1280
13 0 1504 1280 1536 1280
13 0 1536 1280 2256 1280
13 2 1536 1280 2256 1280
13 2 1504 1280 1536 1280
13 0 2800 1392 2320 1392
13 2 2320 1392 2800 1392
17 0 6
17 0 inv 1600 1120 0
17 0 7
17 0 inv 1632 1504 0
17 0 6
17 0 inv 1664 1136 0
13 0 1728 1184 2176 1184
13 0 1728 1184 1760 1184
13 0 1760 1184 2176 1184
13 0 2176 1184 2176 1120
13 0 2176 1120 2176 1152
13 0 2176 1152 2176 1184
13 2 2176 1152 2176 1184
13 2 2176 1120 2176 1152
13 2 1760 1184 2176 1184
13 2 1728 1184 1760 1184
13 0 1856 1248 1760 1248
13 2 1760 1248 1856 1248
17 0 6
17 0 inv 1664 1072 0
13 0 1728 1120 2176 1120
13 0 1728 1120 1760 1120
13 0 1760 1120 2176 1120
13 0 2176 1152 1424 1152
13 0 1632 1152 2176 1152
13 2 1632 1152 2176 1152
13 2 1424 1152 1632 1152
13 0 1824 1120 2176 1120
13 2 1824 1120 2176 1120
13 2 1760 1120 1824 1120
17 0 6
17 0 inv 1664 976 0
17 0 6
17 0 inv 1664 1024 0
13 0 1744 1120 1760 1120
13 2 1744 1120 1760 1120
13 2 1728 1120 1744 1120
17 0 6
17 0 inv 1664 1024 0
13 0 2176 1152 1200 1152
13 0 2256 1360 1200 1360
13 0 1200 1360 2192 1360
13 0 2192 1360 2256 1360
13 2 2192 1360 2256 1360
13 2 1200 1360 2192 1360
13 0 2192 1360 1200 1360
13 0 2192 1600 1232 1600
13 0 2192 1824 1248 1824
13 0 2176 1120 1728 1120
13 2 1728 1120 2176 1120
13 2 1248 1824 2192 1824
13 0 2176 1120 1760 1120
13 0 1760 1120 1760 1072
13 0 2192 1568 1728 1568
13 0 1728 1568 1728 1552
13 0 2208 1824 1216 1824
13 0 1216 1824 2192 1824
13 0 2192 1824 2208 1824
13 0 1456 1024 1456 1296
13 0 1456 1296 2192 1296
13 0 2192 1296 2192 1328
13 0 1664 1072 1456 1072
13 2 1456 1072 1664 1072
13 0 1664 1072 1456 1072
13 0 1392 1024 1392 1776
13 0 1392 1776 2192 1776
13 0 2192 1776 2192 1792
13 0 1632 1552 1392 1552
13 0 1392 1552 1392 1568
13 0 2320 1136 2800 1136
13 0 2800 1136 2800 1392
13 0 2336 1344 2800 1344
13 0 2800 1344 2800 1424
13 2 2800 1392 2800 1424
13 2 2336 1344 2800 1344
13 0 2336 1344 2336 1456
13 2 2336 1344 2336 1456
13 0 2336 1344 2336 1408
13 0 2336 1408 2800 1408
13 0 2800 1408 2800 1424
13 0 2800 1456 2576 1456
13 0 2576 1456 2336 1456
13 0 2336 1456 2336 1584
13 0 2800 1488 2800 1808
13 0 2800 1808 2336 1808
13 0 2944 1440 3120 1440
17 0 3
17 0 2
17 0 4
17 0 1
17 0 and3 2176 1056 0
17 0 and3 2192 1280 0
17 0 and3 2192 1520 0
17 0 and3 2208 1744 0
13 2 2192 1776 2192 1792
13 0 2192 1776 2208 1776
13 0 2208 1776 2208 1792
13 2 2208 1776 2208 1792
13 0 2192 1776 2208 1776
13 2 2192 1776 2208 1776
13 0 2192 1776 2192 1792
17 0 3
17 0 and3 2208 1744 0
13 0 1760 1776 2192 1776
13 2 1760 1776 2192 1776
13 2 1392 1776 1760 1776
13 2 2192 1776 2192 1792
13 0 1392 1776 2208 1776
13 0 2208 1776 2208 1792
17 0 1
17 0 and3 2176 1072 0
13 0 2320 1152 2320 1136
13 0 2336 1584 2336 1600
13 0 2336 1344 2336 1360
13 2 2336 1344 2336 1360
13 0 2608 1808 2624 1808
13 2 2608 1808 2624 1808
13 0 2624 1808 2656 1808
13 2 2624 1808 2656 1808
13 0 2512 1808 2608 1808
13 2 2512 1808 2608 1808
13 2 2336 1808 2512 1808
13 0 2768 1808 2800 1808
13 2 2768 1808 2800 1808
13 2 2656 1808 2768 1808
13 0 2800 1808 2352 1808
13 0 2352 1808 2352 1824
13 0 2176 1184 1664 1184
13 0 1664 1184 1664 1552
13 2 1664 1184 1664 1552
13 2 1664 1184 2176 1184
13 0 2176 1184 2176 1568
13 0 2176 1568 1920 1568
13 0 2208 1392 2208 1568
13 2 2208 1392 2208 1568
13 0 2192 1392 1968 1392
13 0 1968 1392 1968 1568
13 0 2192 1632 1952 1632
13 0 1952 1632 1952 1776
13 0 1952 1776 1936 1776
13 0 2208 1856 1472 1856
13 0 1472 1856 1472 1296
13 0 1616 1296 2192 1296
13 2 1616 1296 2192 1296
13 2 1472 1296 1616 1296
13 0 2192 1312 2192 1296
13 2 2192 1296 2192 1312
13 2 2192 1312 2192 1328
13 0 2192 1328 1856 1328
13 0 1856 1328 1856 1120
13 0 1968 1504 1968 1392
13 2 1968 1392 1968 1504
13 2 1968 1504 1968 1568
13 0 2000 1392 2192 1392
13 2 2000 1392 2192 1392
13 2 1968 1392 2000 1392
13 0 2208 1392 1408 1392
13 0 1408 1392 2192 1392
13 0 2192 1392 2208 1392
13 0 1408 1392 1392 1392
13 0 2176 1248 2176 1184
13 2 2176 1184 2176 1248
13 2 2176 1248 2176 1568
13 0 2176 1184 1984 1184
13 0 1984 1184 1984 1568
13 0 2064 1568 2192 1568
13 2 2064 1568 2192 1568
13 2 1984 1568 2064 1568
13 0 2192 1568 2048 1568
13 0 2048 1568 2048 1776
13 0 2048 1776 2064 1776
13 0 2016 1632 2016 1568
13 0 2016 1568 1920 1568
13 0 1952 1712 1952 1632
13 2 1952 1632 1952 1712
13 2 1952 1712 1952 1776
13 0 1984 1632 2016 1632
13 2 1984 1632 2016 1632
13 2 1952 1632 1984 1632
13 5 1456 1024 s1
13 5 1392 1024 s0
13 5 1200 1152 a1
13 7 1200 1152
13 5 1200 1152 a0
13 5 1200 1360 a1
13 5 1232 1600 a2
13 5 1216 1840 a3
13 5 1680 1696 a3
13 7 1680 1696
13 7 1216 1840
13 5 1216 1824 a3
13 5 3120 1440 o
13 8 1456 1008 1
13 8 1392 1008 1
13 8 1184 1152 1
13 2 2192 1392 2208 1392
13 2 1392 1392 2192 1392
13 0 2192 1392 1472 1392
13 8 1184 1152 1
13 8 1184 1152 1
13 8 1184 1168 1
13 8 1184 1152 1
13 8 1184 1152 1
13 8 1184 1152 1
13 8 1184 1152 1
13 8 1184 1152 1
13 8 1184 1152 1
13 8 1184 1152 1
13 8 1184 1152 1
13 8 3136 1440 2
13 8 3136 1440 2
13 8 3136 1440 2
13 8 3136 1440 2
13 8 3136 1440 2
13 8 3136 1440 2
13 0 1392 1072 1392 1024
13 2 1392 1024 1392 1072
13 2 1392 1072 1392 1552
13 8 1392 1024 1
13 8 1392 1024 1
13 8 1392 1024 1
13 8 1392 1024 1
13 0 1392 1072 1392 1552
13 0 1392 1024 1392 1072
13 8 1456 1008 1
13 8 1456 1008 1
13 8 1456 1040 1
13 8 1456 1040 1
13 8 1456 1040 1
13 8 1456 1024 1
13 8 1456 1024 1
13 8 1456 1024 1
13 8 1456 1024 1
13 8 1184 1152 1
13 8 1184 1152 1
13 8 1184 1152 1
13 8 1184 1152 1
13 8 1184 1152 1
13 8 1184 1152 1
13 8 1200 1152 1
13 8 1216 1360 1
13 8 1216 1360 1
13 8 1184 1344 1
13 8 1216 1376 1
13 8 1200 1360 1
13 8 1200 1360 1
13 8 1280 1600 1
13 8 1280 1600 1
13 8 1280 1600 1
13 8 1280 1600 1
13 8 1280 1600 1
13 8 1280 1600 1
13 8 1280 1600 1
13 8 1280 1600 1
13 8 1232 1600 1
13 8 1232 1600 1
13 8 1200 1824 1
13 8 1200 1824 1
13 8 1200 1824 1
13 8 1200 1824 1
13 8 1200 1824 1
13 8 1200 1824 1
13 8 1200 1824 1
13 8 1200 1824 1
13 8 1200 1824 1
13 8 1216 1824 1
13 8 1216 1824 1
13 8 3136 1456 2
13 8 3136 1456 2
13 8 3136 1440 2
13 8 3136 1440 2
13 8 3120 1440 2
17 0 1
17 0 and3 2160 1024 0
17 0 1
17 0 and3 2176 1072 0
13 0 1872 1392 2192 1392
13 2 1872 1392 2192 1392
13 2 1472 1392 1872 1392
13 0 2048 1696 2048 1568
13 2 2048 1568 2048 1696
13 2 2048 1696 2048 1776
13 0 2064 1632 2192 1632
13 2 2064 1632 2192 1632
13 2 2016 1632 2064 1632
13 0 2064 1568 2192 1568
13 2 2064 1568 2192 1568
13 2 2048 1568 2064 1568
13 0 2016 1584 2016 1568
13 2 2016 1568 2016 1584
13 2 2016 1584 2016 1632
13 2 1984 1568 2016 1568
13 0 1856 1216 1856 1120
13 2 1856 1120 1856 1216
13 2 1856 1216 1856 1328
13 0 1856 1328 1392 1328
13 0 1392 1328 1392 1312
13 0 2192 1392 1472 1392
13 0 1472 1392 1472 1408
13 2 1472 1392 2192 1392
13 0 1856 1328 1392 1328
13 2 1392 1328 1856 1328
13 0 1856 1328 1856 1120
13 2 1856 1120 1856 1328
13 0 1856 1216 1856 1328
13 0 1856 1120 1856 1216
13 0 1984 1568 2016 1568
13 2 1984 1568 2016 1568
13 0 2192 1392 1616 1392
13 0 1888 1328 2192 1328
13 2 1888 1328 2192 1328
13 2 1856 1328 1888 1328
13 0 1856 1296 1856 1120
13 2 1856 1120 1856 1296
13 2 1856 1296 1856 1328
13 0 1856 1392 2192 1392
13 2 1856 1392 2192 1392
13 2 1616 1392 1856 1392
13 0 1984 1328 2208 1328
13 0 1984 1328 2192 1328
13 0 2192 1328 2208 1328
13 0 2144 1328 2192 1328
13 2 2144 1328 2192 1328
13 2 1984 1328 2144 1328
17 0 4
17 0 and3 2192 1280 0
17 0 4
17 0 and3 2192 1280 0
17 0 4
17 0 and3 2208 1312 0
13 2 2192 1328 2208 1328
13 0 2176 1312 2160 1312
13 2 2160 1312 2176 1312
17 0 4
17 0 and3 2192 1280 0
13 0 2192 1328 1392 1328
13 0 1392 1328 1392 1296
13 0 2208 1392 1824 1392
13 0 1824 1392 2192 1392
13 0 2192 1392 2208 1392
13 0 1824 1392 1824 1120
13 0 1824 1120 1840 1120
13 0 2192 1568 1984 1568
13 0 1984 1568 1984 1552
13 0 2192 1632 1392 1632
13 2 1392 1632 2192 1632
13 0 1328 1648 1920 1648
13 0 1920 1648 1920 1632
13 0 1824 1648 1920 1648
13 2 1824 1648 1920 1648
13 2 1328 1648 1824 1648
17 0 4
17 0 and3 2192 1264 0
13 2 1824 1392 2208 1392
17 0 4
17 0 and3 2192 1280 0
