10 1 1
10 1 1
10 1 1
13 2 1920 1632 1920 1648
13 2 1824 1120 1824 1392
13 2 1456 1072 1664 1072
13 2 1760 1072 1760 1120
17 0 6
17 0 inv 1648 1024 0
13 0 1456 1072 1648 1072
13 0 1744 1072 1744 1104
13 0 1744 1104 1760 1104
13 0 1760 1104 1760 1120
13 0 2192 1392 1472 1392
13 2 1472 1392 2192 1392
13 2 1760 1104 1760 1120
13 2 1744 1104 1760 1104
13 2 1744 1072 1744 1104
13 2 1456 1072 1648 1072
17 0 6
17 0 inv 1664 1024 0
13 0 1760 1072 1760 1120
13 0 1456 1072 1664 1072
13 2 1456 1072 1664 1072
13 2 1760 1072 1760 1120
17 0 6
17 0 inv 1648 1024 0
13 0 1456 1072 1648 1072
13 0 1744 1072 1744 1104
13 0 1744 1104 1760 1104
13 0 1760 1104 1760 1120
13 0 2192 1392 1392 1392
13 0 1584 1328 2192 1328
13 2 1584 1328 2192 1328
13 2 1392 1328 1584 1328
13 0 2192 1328 1472 1328
13 0 2192 1632 1392 1632
13 0 2016 1568 2192 1568
13 2 2016 1568 2192 1568
13 2 1984 1568 2016 1568
13 2 1392 1552 1632 1552
13 2 1728 1568 1984 1568
13 2 1728 1552 1728 1568
17 0 7
17 0 inv 1616 1424 0
13 0 1616 1472 1616 1552
13 0 1392 1552 1616 1552
13 0 1712 1488 1712 1568
13 0 1712 1568 1984 1568
13 0 1712 1472 1712 1488
13 0 1712 1472 1712 1488
13 2 1712 1472 1712 1488
13 2 1712 1568 1984 1568
13 2 1712 1488 1712 1568
13 2 1392 1552 1616 1552
13 2 1616 1472 1616 1552
17 0 7
17 0 inv 1632 1504 0
13 0 1728 1552 1728 1568
13 0 1728 1568 1984 1568
13 0 1392 1552 1632 1552
13 0 1824 1568 1984 1568
13 2 1824 1568 1984 1568
13 2 1728 1568 1824 1568
13 0 1824 1552 1728 1552
13 0 1728 1552 1728 1568
13 0 1824 1552 1984 1552
13 0 1984 1552 1984 1568
13 2 1984 1552 1984 1568
13 0 1968 1552 1984 1552
13 2 1392 1552 1632 1552
13 2 1728 1552 1984 1552
13 2 1728 1552 1728 1568
17 0 7
17 0 inv 1632 1504 0
13 0 1392 1552 1632 1552
13 0 1728 1552 1984 1552
13 0 1728 1552 1728 1568
13 0 1776 1552 1984 1552
13 2 1776 1552 1984 1552
13 2 1728 1552 1776 1552
13 2 1728 1552 1728 1568
13 0 1984 1536 1984 1184
13 2 1984 1184 1984 1536
13 2 1984 1536 1984 1552
13 2 1392 1552 1632 1552
17 0 7
17 0 inv 1632 1440 0
13 0 1632 1488 1632 1552
13 0 1392 1552 1632 1552
13 0 1584 1552 1632 1552
13 2 1584 1552 1632 1552
13 2 1392 1552 1584 1552
13 0 1584 1488 1392 1488
13 0 1392 1488 1392 1552
13 0 1584 1488 1632 1488
13 0 1632 1488 1632 1552
13 0 1552 1488 1632 1488
13 2 1552 1488 1632 1488
13 2 1392 1488 1552 1488
13 0 1632 1520 1632 1488
13 2 1632 1488 1632 1520
13 2 1632 1520 1632 1552
13 0 1632 1488 1392 1488
13 0 1984 1184 1984 1488
13 0 1984 1488 1728 1488
13 0 2176 1568 1472 1568
13 2 1472 1568 2176 1568
13 0 1568 1632 2192 1632
13 2 1568 1632 2192 1632
13 2 1392 1632 1568 1632
13 0 2192 1568 1472 1568
13 0 2192 1632 1840 1632
13 0 1840 1632 1840 1488
