<<<<<<< HEAD
# Design Explorer: Shortcut to "C:\Users\asdf1\Documents\DigitalDesign\Practica1DSD\Sim\Sim.aws" design added.
designverincludedir -clear
designverlibrarysim -PL -clear
designverlibrarysim -L -clear
designverlibrarysim -PL pmi_work
designverlibrarysim ovi_machxo2
designverdefinemacro -clear
addfile C:/Users/asdf1/Documents/DigitalDesign/Practica1DSD/Practica1.vhd
# Adding file C:\Users\asdf1\Documents\DigitalDesign\Practica1DSD\Practica1.vhd ... Done
vlib C:/Users/asdf1/Documents/DigitalDesign/Practica1DSD/Sim/work
# Adding library O.K.
adel -all
# Library contents cleared.
vcom -dbg -work work C:/Users/asdf1/Documents/DigitalDesign/Practica1DSD/Practica1.vhd
# File: C:\Users\asdf1\Documents\DigitalDesign\Practica1DSD\Practica1.vhd
# Compile Entity "seisEntradas"
# Compile Entity "dosEntradas"
# Compile Architecture "archXOR2" of Entity "dosEntradas"
# Compile Architecture "archXOR6" of Entity "seisEntradas"
# Compile success 0 Errors 0 Warnings  Analysis time :  0.7 [s]
entity seisEntradas
# ELBREAD: Elaboration process.
# ELBREAD: Elaboration time 0.2 [s].
vsim +access +r seisEntradas -PL pmi_work -L ovi_machxo2
# ELBREAD: Elaboration process.
# ELBREAD: Elaboration time 0.0 [s].
# VSIM: Stack memory: 32MB
# VSIM: Retval memory: 32MB
# 
# KERNEL: Main thread initiated.
# KERNEL: Kernel process initialization phase.
# KERNEL: Time resolution set to 1ps.
# ELAB2: Elaboration final pass...
# ELAB2: Create instances ...
# ELAB2: Create instances complete.
# SLP: Started
# SLP: Elaboration phase ...
# SLP: Elaboration phase ... skipped, nothing to simulate in SLP mode : 0.0 [s]
# SLP: Finished : 0.0 [s]
# ELAB2: Elaboration final pass complete - time: 0.3 [s].
# KERNEL: Warning: You are using the Active-HDL Lattice Edition. The performance of simulation is running at a reduced rate.
# KERNEL: Warning: Contact Aldec for available upgrade options - sales@aldec.com.
# KERNEL: Kernel process initialization done.
# Allocation: Simulator allocated 7083 kB (elbread=1280 elab2=5653 kernel=149 sdf=0)
# KERNEL: ASDB file was created in location C:\Users\asdf1\Documents\DigitalDesign\Practica1DSD\Sim\src\wave.asdb
#  1:44 PM, Tuesday, August 21, 2018
#  Simulation has been initialized
add wave *
# 19 signal(s) traced.
run 1000ns
# Waveform file 'untitled.awc' connected to 'C:/Users/asdf1/Documents/DigitalDesign/Practica1DSD/Sim/src/wave.asdb'.
# KERNEL: stopped at time: 1 us
# KERNEL: Simulation has finished. There are no more test vectors to simulate.
endsim
# VSIM: Simulation has finished.
# ELBREAD: Elaboration process.
# ELBREAD: Elaboration time 0.0 [s].
# ELBREAD: Elaboration process.
# ELBREAD: Elaboration time 0.0 [s].
asim -O5 -L ovi_machxo2 -PL pmi_work +access +r seisEntradas archXOR6
# ELBREAD: Elaboration process.
# ELBREAD: Elaboration time 0.0 [s].
# VSIM: Stack memory: 32MB
# VSIM: Retval memory: 32MB
# 
# KERNEL: Main thread initiated.
# KERNEL: Kernel process initialization phase.
# KERNEL: Time resolution set to 1ps.
# ELAB2: Elaboration final pass...
# ELAB2: Create instances ...
# ELAB2: Create instances complete.
# SLP: Started
# SLP: Elaboration phase ...
# SLP: Elaboration phase ... skipped, nothing to simulate in SLP mode : 0.0 [s]
# SLP: Finished : 0.0 [s]
# ELAB2: Elaboration final pass complete - time: 0.0 [s].
# KERNEL: Warning: You are using the Active-HDL Lattice Edition. The performance of simulation is running at a reduced rate.
# KERNEL: Warning: Contact Aldec for available upgrade options - sales@aldec.com.
# KERNEL: Kernel process initialization done.
# Allocation: Simulator allocated 7083 kB (elbread=1280 elab2=5653 kernel=149 sdf=0)
# KERNEL: ASDB file was created in location C:\Users\asdf1\Documents\DigitalDesign\Practica1DSD\Sim\src\wave.asdb
#  1:50 PM, Tuesday, August 21, 2018
#  Simulation has been initialized
# Waveform file 'untitled.awc' connected to 'C:/Users/asdf1/Documents/DigitalDesign/Practica1DSD/Sim/src/wave.asdb'.
run 80 ns
# KERNEL: stopped at time: 80 ns
# KERNEL: Simulation has finished. There are no more test vectors to simulate.
toggle -toggle_type full -nosingle_edge -unknown_edge escape -xml -o $dsn\toggle\toggle.xml -report all {/seisEntradas/a}
# Error: You have no valid license for Toggle Coverage. Contact Aldec for ordering information - sales@aldec.com
# Error: Failed to initialize toggle coverage session.
# Error: 
# 1 signal(s) traced.
# ELBREAD: Elaboration process.
# ELBREAD: Elaboration time 0.0 [s].
# ELBREAD: Elaboration process.
# ELBREAD: Elaboration time 0.2 [s].
# Error: Accelerated Waveform: Simulation database is not connected. Initialize simulation or load simulation database by opening waveform file (AWC, ASDB).
# Error: Accelerated Waveform: Simulation database is not connected. Initialize simulation or load simulation database by opening waveform file (AWC, ASDB).
asim -O5 -L ovi_machxo2 -PL pmi_work +access +r seisEntradas archXOR6
# ELBREAD: Elaboration process.
# ELBREAD: Elaboration time 0.0 [s].
# VSIM: Stack memory: 32MB
# VSIM: Retval memory: 32MB
# 
# KERNEL: Main thread initiated.
# KERNEL: Kernel process initialization phase.
# KERNEL: Time resolution set to 1ps.
# ELAB2: Elaboration final pass...
# ELAB2: Create instances ...
# ELAB2: Create instances complete.
# SLP: Started
# SLP: Elaboration phase ...
# SLP: Elaboration phase ... skipped, nothing to simulate in SLP mode : 0.0 [s]
# SLP: Finished : 0.0 [s]
# ELAB2: Elaboration final pass complete - time: 0.1 [s].
# KERNEL: Warning: You are using the Active-HDL Lattice Edition. The performance of simulation is running at a reduced rate.
# KERNEL: Warning: Contact Aldec for available upgrade options - sales@aldec.com.
# KERNEL: Kernel process initialization done.
# Allocation: Simulator allocated 7083 kB (elbread=1280 elab2=5653 kernel=149 sdf=0)
# KERNEL: ASDB file was created in location C:\Users\asdf1\Documents\DigitalDesign\Practica1DSD\Sim\src\wave.asdb
#  1:56 PM, Tuesday, August 21, 2018
#  Simulation has been initialized
endsim
# VSIM: Simulation has finished.
# ELBREAD: Elaboration process.
# ELBREAD: Elaboration time 0.0 [s].
asim -O5 -L ovi_machxo2 -PL pmi_work +access +r seisEntradas archXOR6
# ELBREAD: Elaboration process.
# ELBREAD: Elaboration time 0.0 [s].
# VSIM: Stack memory: 32MB
# VSIM: Retval memory: 32MB
# 
# KERNEL: Main thread initiated.
# KERNEL: Kernel process initialization phase.
# KERNEL: Time resolution set to 1ps.
# ELAB2: Elaboration final pass...
# ELAB2: Create instances ...
# ELAB2: Create instances complete.
# SLP: Started
# SLP: Elaboration phase ...
# SLP: Elaboration phase ... skipped, nothing to simulate in SLP mode : 0.0 [s]
# SLP: Finished : 0.0 [s]
# ELAB2: Elaboration final pass complete - time: 0.1 [s].
# KERNEL: Warning: You are using the Active-HDL Lattice Edition. The performance of simulation is running at a reduced rate.
# KERNEL: Warning: Contact Aldec for available upgrade options - sales@aldec.com.
# KERNEL: Kernel process initialization done.
# Allocation: Simulator allocated 7083 kB (elbread=1280 elab2=5653 kernel=149 sdf=0)
# KERNEL: ASDB file was created in location C:\Users\asdf1\Documents\DigitalDesign\Practica1DSD\Sim\src\wave.asdb
#  1:57 PM, Tuesday, August 21, 2018
#  Simulation has been initialized
restart
# ELBREAD: Elaboration process.
# ELBREAD: Elaboration time 0.0 [s].
# 
# KERNEL: Main thread initiated.
# KERNEL: Kernel process initialization phase.
# KERNEL: Time resolution set to 1ps.
# ELAB2: Elaboration final pass...
# ELAB2: Create instances ...
# ELAB2: Create instances complete.
# SLP: Started
# SLP: Elaboration phase ...
# SLP: Elaboration phase ... skipped, nothing to simulate in SLP mode : 0.0 [s]
# SLP: Finished : 0.0 [s]
# ELAB2: Elaboration final pass complete - time: 0.0 [s].
# KERNEL: Warning: You are using the Active-HDL Lattice Edition. The performance of simulation is running at a reduced rate.
# KERNEL: Warning: Contact Aldec for available upgrade options - sales@aldec.com.
# KERNEL: Kernel process initialization done.
# Allocation: Simulator allocated 7083 kB (elbread=1280 elab2=5653 kernel=149 sdf=0)
# KERNEL: ASDB file was created in location C:\Users\asdf1\Documents\DigitalDesign\Practica1DSD\Sim\src\wave.asdb
#  1:57 PM, Tuesday, August 21, 2018
#  Simulation has been initialized
run 80 ns
# KERNEL: stopped at time: 80 ns
# KERNEL: Simulation has finished. There are no more test vectors to simulate.
# Adding file C:\Users\asdf1\Documents\DigitalDesign\Practica1DSD\Sim\src\untitled.awc ... Done
=======
# Design Explorer: Shortcut to "C:\Users\asdf1\Documents\DigitalDesign\Practica1DSD\Sim\Sim.aws" design added.
designverincludedir -clear
designverlibrarysim -PL -clear
designverlibrarysim -L -clear
designverlibrarysim -PL pmi_work
designverlibrarysim ovi_machxo2
designverdefinemacro -clear
addfile C:/Users/asdf1/Documents/DigitalDesign/Practica1DSD/Practica1.vhd
# Adding file C:\Users\asdf1\Documents\DigitalDesign\Practica1DSD\Practica1.vhd ... Done
vlib C:/Users/asdf1/Documents/DigitalDesign/Practica1DSD/Sim/work
# Adding library O.K.
adel -all
# Library contents cleared.
vcom -dbg -work work C:/Users/asdf1/Documents/DigitalDesign/Practica1DSD/Practica1.vhd
# File: C:\Users\asdf1\Documents\DigitalDesign\Practica1DSD\Practica1.vhd
# Compile Entity "seisEntradas"
# Compile Entity "dosEntradas"
# Compile Architecture "archXOR2" of Entity "dosEntradas"
# Compile Architecture "archXOR6" of Entity "seisEntradas"
# Compile success 0 Errors 0 Warnings  Analysis time :  0.7 [s]
entity seisEntradas
# ELBREAD: Elaboration process.
# ELBREAD: Elaboration time 0.2 [s].
vsim +access +r seisEntradas -PL pmi_work -L ovi_machxo2
# ELBREAD: Elaboration process.
# ELBREAD: Elaboration time 0.0 [s].
# VSIM: Stack memory: 32MB
# VSIM: Retval memory: 32MB
# 
# KERNEL: Main thread initiated.
# KERNEL: Kernel process initialization phase.
# KERNEL: Time resolution set to 1ps.
# ELAB2: Elaboration final pass...
# ELAB2: Create instances ...
# ELAB2: Create instances complete.
# SLP: Started
# SLP: Elaboration phase ...
# SLP: Elaboration phase ... skipped, nothing to simulate in SLP mode : 0.0 [s]
# SLP: Finished : 0.0 [s]
# ELAB2: Elaboration final pass complete - time: 0.3 [s].
# KERNEL: Warning: You are using the Active-HDL Lattice Edition. The performance of simulation is running at a reduced rate.
# KERNEL: Warning: Contact Aldec for available upgrade options - sales@aldec.com.
# KERNEL: Kernel process initialization done.
# Allocation: Simulator allocated 7083 kB (elbread=1280 elab2=5653 kernel=149 sdf=0)
# KERNEL: ASDB file was created in location C:\Users\asdf1\Documents\DigitalDesign\Practica1DSD\Sim\src\wave.asdb
#  1:44 PM, Tuesday, August 21, 2018
#  Simulation has been initialized
add wave *
# 19 signal(s) traced.
run 1000ns
# Waveform file 'untitled.awc' connected to 'C:/Users/asdf1/Documents/DigitalDesign/Practica1DSD/Sim/src/wave.asdb'.
# KERNEL: stopped at time: 1 us
# KERNEL: Simulation has finished. There are no more test vectors to simulate.
endsim
# VSIM: Simulation has finished.
# ELBREAD: Elaboration process.
# ELBREAD: Elaboration time 0.0 [s].
# ELBREAD: Elaboration process.
# ELBREAD: Elaboration time 0.0 [s].
asim -O5 -L ovi_machxo2 -PL pmi_work +access +r seisEntradas archXOR6
# ELBREAD: Elaboration process.
# ELBREAD: Elaboration time 0.0 [s].
# VSIM: Stack memory: 32MB
# VSIM: Retval memory: 32MB
# 
# KERNEL: Main thread initiated.
# KERNEL: Kernel process initialization phase.
# KERNEL: Time resolution set to 1ps.
# ELAB2: Elaboration final pass...
# ELAB2: Create instances ...
# ELAB2: Create instances complete.
# SLP: Started
# SLP: Elaboration phase ...
# SLP: Elaboration phase ... skipped, nothing to simulate in SLP mode : 0.0 [s]
# SLP: Finished : 0.0 [s]
# ELAB2: Elaboration final pass complete - time: 0.0 [s].
# KERNEL: Warning: You are using the Active-HDL Lattice Edition. The performance of simulation is running at a reduced rate.
# KERNEL: Warning: Contact Aldec for available upgrade options - sales@aldec.com.
# KERNEL: Kernel process initialization done.
# Allocation: Simulator allocated 7083 kB (elbread=1280 elab2=5653 kernel=149 sdf=0)
# KERNEL: ASDB file was created in location C:\Users\asdf1\Documents\DigitalDesign\Practica1DSD\Sim\src\wave.asdb
#  1:50 PM, Tuesday, August 21, 2018
#  Simulation has been initialized
# Waveform file 'untitled.awc' connected to 'C:/Users/asdf1/Documents/DigitalDesign/Practica1DSD/Sim/src/wave.asdb'.
run 80 ns
# KERNEL: stopped at time: 80 ns
# KERNEL: Simulation has finished. There are no more test vectors to simulate.
toggle -toggle_type full -nosingle_edge -unknown_edge escape -xml -o $dsn\toggle\toggle.xml -report all {/seisEntradas/a}
# Error: You have no valid license for Toggle Coverage. Contact Aldec for ordering information - sales@aldec.com
# Error: Failed to initialize toggle coverage session.
# Error: 
# 1 signal(s) traced.
# ELBREAD: Elaboration process.
# ELBREAD: Elaboration time 0.0 [s].
# ELBREAD: Elaboration process.
# ELBREAD: Elaboration time 0.2 [s].
# Error: Accelerated Waveform: Simulation database is not connected. Initialize simulation or load simulation database by opening waveform file (AWC, ASDB).
# Error: Accelerated Waveform: Simulation database is not connected. Initialize simulation or load simulation database by opening waveform file (AWC, ASDB).
asim -O5 -L ovi_machxo2 -PL pmi_work +access +r seisEntradas archXOR6
# ELBREAD: Elaboration process.
# ELBREAD: Elaboration time 0.0 [s].
# VSIM: Stack memory: 32MB
# VSIM: Retval memory: 32MB
# 
# KERNEL: Main thread initiated.
# KERNEL: Kernel process initialization phase.
# KERNEL: Time resolution set to 1ps.
# ELAB2: Elaboration final pass...
# ELAB2: Create instances ...
# ELAB2: Create instances complete.
# SLP: Started
# SLP: Elaboration phase ...
# SLP: Elaboration phase ... skipped, nothing to simulate in SLP mode : 0.0 [s]
# SLP: Finished : 0.0 [s]
# ELAB2: Elaboration final pass complete - time: 0.1 [s].
# KERNEL: Warning: You are using the Active-HDL Lattice Edition. The performance of simulation is running at a reduced rate.
# KERNEL: Warning: Contact Aldec for available upgrade options - sales@aldec.com.
# KERNEL: Kernel process initialization done.
# Allocation: Simulator allocated 7083 kB (elbread=1280 elab2=5653 kernel=149 sdf=0)
# KERNEL: ASDB file was created in location C:\Users\asdf1\Documents\DigitalDesign\Practica1DSD\Sim\src\wave.asdb
#  1:56 PM, Tuesday, August 21, 2018
#  Simulation has been initialized
endsim
# VSIM: Simulation has finished.
# ELBREAD: Elaboration process.
# ELBREAD: Elaboration time 0.0 [s].
asim -O5 -L ovi_machxo2 -PL pmi_work +access +r seisEntradas archXOR6
# ELBREAD: Elaboration process.
# ELBREAD: Elaboration time 0.0 [s].
# VSIM: Stack memory: 32MB
# VSIM: Retval memory: 32MB
# 
# KERNEL: Main thread initiated.
# KERNEL: Kernel process initialization phase.
# KERNEL: Time resolution set to 1ps.
# ELAB2: Elaboration final pass...
# ELAB2: Create instances ...
# ELAB2: Create instances complete.
# SLP: Started
# SLP: Elaboration phase ...
# SLP: Elaboration phase ... skipped, nothing to simulate in SLP mode : 0.0 [s]
# SLP: Finished : 0.0 [s]
# ELAB2: Elaboration final pass complete - time: 0.1 [s].
# KERNEL: Warning: You are using the Active-HDL Lattice Edition. The performance of simulation is running at a reduced rate.
# KERNEL: Warning: Contact Aldec for available upgrade options - sales@aldec.com.
# KERNEL: Kernel process initialization done.
# Allocation: Simulator allocated 7083 kB (elbread=1280 elab2=5653 kernel=149 sdf=0)
# KERNEL: ASDB file was created in location C:\Users\asdf1\Documents\DigitalDesign\Practica1DSD\Sim\src\wave.asdb
#  1:57 PM, Tuesday, August 21, 2018
#  Simulation has been initialized
restart
# ELBREAD: Elaboration process.
# ELBREAD: Elaboration time 0.0 [s].
# 
# KERNEL: Main thread initiated.
# KERNEL: Kernel process initialization phase.
# KERNEL: Time resolution set to 1ps.
# ELAB2: Elaboration final pass...
# ELAB2: Create instances ...
# ELAB2: Create instances complete.
# SLP: Started
# SLP: Elaboration phase ...
# SLP: Elaboration phase ... skipped, nothing to simulate in SLP mode : 0.0 [s]
# SLP: Finished : 0.0 [s]
# ELAB2: Elaboration final pass complete - time: 0.0 [s].
# KERNEL: Warning: You are using the Active-HDL Lattice Edition. The performance of simulation is running at a reduced rate.
# KERNEL: Warning: Contact Aldec for available upgrade options - sales@aldec.com.
# KERNEL: Kernel process initialization done.
# Allocation: Simulator allocated 7083 kB (elbread=1280 elab2=5653 kernel=149 sdf=0)
# KERNEL: ASDB file was created in location C:\Users\asdf1\Documents\DigitalDesign\Practica1DSD\Sim\src\wave.asdb
#  1:57 PM, Tuesday, August 21, 2018
#  Simulation has been initialized
run 80 ns
# KERNEL: stopped at time: 80 ns
# KERNEL: Simulation has finished. There are no more test vectors to simulate.
# Adding file C:\Users\asdf1\Documents\DigitalDesign\Practica1DSD\Sim\src\untitled.awc ... Done
>>>>>>> 1e0159934712de369f90e4d4827110fd69e68344
