
synpwrap -msg -prj "Practica2TablaShifter_impl1_synplify.tcl" -log "Practica2TablaShifter_impl1.srf"
Copyright (C) 1992-2017 Lattice Semiconductor Corporation. All rights reserved.
Lattice Diamond Version 3.10.0.111.2
    <postMsg mid="2011000" type="Info"    dynamic="0" navigation="0"  />

==contents of Practica2TablaShifter_impl1.srf
#Build: Synplify Pro (R) M-2017.03L-SP1-1, Build 086R, Aug  4 2017
#install: C:\lscc\diamond\3.10_x64\synpbase
#OS: Windows 8 6.2
#Hostname: DESKTOP-4BVJD33

# Fri Aug 31 13:35:49 2018

#Implementation: impl1

Synopsys HDL Compiler, version comp2017q2p1, Build 190R, built Aug  4 2017
@N|Running in 64-bit mode
Copyright (C) 1994-2017 Synopsys, Inc. This Synopsys software and all associated documentation are proprietary to Synopsys, Inc. and may only be used pursuant to the terms and conditions of a written license agreement with Synopsys, Inc. All other use, reproduction, modification, or distribution of the Synopsys software or the associated documentation is strictly prohibited.

Synopsys VHDL Compiler, version comp2017q2p1, Build 190R, built Aug  4 2017
@N|Running in 64-bit mode
Copyright (C) 1994-2017 Synopsys, Inc. This Synopsys software and all associated documentation are proprietary to Synopsys, Inc. and may only be used pursuant to the terms and conditions of a written license agreement with Synopsys, Inc. All other use, reproduction, modification, or distribution of the Synopsys software or the associated documentation is strictly prohibited.

@N: CD720 :"C:\lscc\diamond\3.10_x64\synpbase\lib\vhd\std.vhd":123:18:123:21|Setting time resolution to ps
@N:"C:\Users\asdf1\Documents\DigitalDesign\Practica2DSD\1\A\shifter2.vhd":7:7:7:13|Top entity is set to shifter.
File C:\Users\asdf1\Documents\DigitalDesign\Practica2DSD\1\A\shifter2.vhd changed - recompiling
VHDL syntax check successful!
File C:\Users\asdf1\Documents\DigitalDesign\Practica2DSD\1\A\shifter2.vhd changed - recompiling
@N: CD630 :"C:\Users\asdf1\Documents\DigitalDesign\Practica2DSD\1\A\shifter2.vhd":7:7:7:13|Synthesizing work.shifter.archshift.
@N: CD364 :"C:\Users\asdf1\Documents\DigitalDesign\Practica2DSD\1\A\shifter2.vhd":29:0:29:2|Removing redundant assignment.
@W: CG296 :"C:\Users\asdf1\Documents\DigitalDesign\Practica2DSD\1\A\shifter2.vhd":17:0:17:6|Incomplete sensitivity list; assuming completeness. Make sure all referenced variables in message CG290 are included in the sensitivity list.
@W: CG290 :"C:\Users\asdf1\Documents\DigitalDesign\Practica2DSD\1\A\shifter2.vhd":22:6:22:7|Referenced variable pn is not in sensitivity list.
Post processing for work.shifter.archshift
@W: CL117 :"C:\Users\asdf1\Documents\DigitalDesign\Practica2DSD\1\A\shifter2.vhd":20:0:20:1|Latch generated from process for signal aux(3); possible missing assignment in an if or case statement.
@W: CL117 :"C:\Users\asdf1\Documents\DigitalDesign\Practica2DSD\1\A\shifter2.vhd":20:0:20:1|Latch generated from process for signal aux(2); possible missing assignment in an if or case statement.
@W: CL117 :"C:\Users\asdf1\Documents\DigitalDesign\Practica2DSD\1\A\shifter2.vhd":20:0:20:1|Latch generated from process for signal aux(1); possible missing assignment in an if or case statement.
@W: CL117 :"C:\Users\asdf1\Documents\DigitalDesign\Practica2DSD\1\A\shifter2.vhd":20:0:20:1|Latch generated from process for signal aux(0); possible missing assignment in an if or case statement.

At c_vhdl Exit (Real Time elapsed 0h:00m:00s; CPU Time elapsed 0h:00m:00s; Memory used current: 70MB peak: 71MB)

Process took 0h:00m:01s realtime, 0h:00m:01s cputime

Process completed successfully.
# Fri Aug 31 13:35:50 2018

###########################################################]
Synopsys Netlist Linker, version comp2017q2p1, Build 190R, built Aug  4 2017
@N|Running in 64-bit mode
File C:\Users\asdf1\Documents\DigitalDesign\Practica2DSD\1\A\impl1\synwork\layer0.srs changed - recompiling

At syn_nfilter Exit (Real Time elapsed 0h:00m:00s; CPU Time elapsed 0h:00m:00s; Memory used current: 67MB peak: 68MB)

Process took 0h:00m:01s realtime, 0h:00m:01s cputime

Process completed successfully.
# Fri Aug 31 13:35:50 2018

###########################################################]
@END

At c_hdl Exit (Real Time elapsed 0h:00m:00s; CPU Time elapsed 0h:00m:00s; Memory used current: 3MB peak: 4MB)

Process took 0h:00m:01s realtime, 0h:00m:01s cputime

Process completed successfully.
# Fri Aug 31 13:35:50 2018

###########################################################]
Synopsys Netlist Linker, version comp2017q2p1, Build 190R, built Aug  4 2017
@N|Running in 64-bit mode
File C:\Users\asdf1\Documents\DigitalDesign\Practica2DSD\1\A\impl1\synwork\Practica2TablaShifter_impl1_comp.srs changed - recompiling

At syn_nfilter Exit (Real Time elapsed 0h:00m:00s; CPU Time elapsed 0h:00m:00s; Memory used current: 67MB peak: 68MB)

Process took 0h:00m:01s realtime, 0h:00m:01s cputime

Process completed successfully.
# Fri Aug 31 13:35:52 2018

###########################################################]
Pre-mapping Report

# Fri Aug 31 13:35:52 2018

Synopsys Lattice Technology Pre-mapping, Version maplat, Build 1796R, Built Aug  4 2017 11:10:16
Copyright (C) 1994-2017 Synopsys, Inc. This Synopsys software and all associated documentation are proprietary to Synopsys, Inc. and may only be used pursuant to the terms and conditions of a written license agreement with Synopsys, Inc. All other use, reproduction, modification, or distribution of the Synopsys software or the associated documentation is strictly prohibited.
Product Version M-2017.03L-SP1-1

Mapper Startup Complete (Real Time elapsed 0h:00m:00s; CPU Time elapsed 0h:00m:00s; Memory used current: 99MB peak: 99MB)

@A: MF827 |No constraint file specified.
@L: C:\Users\asdf1\Documents\DigitalDesign\Practica2DSD\1\A\impl1\Practica2TablaShifter_impl1_scck.rpt 
Printing clock  summary report in "C:\Users\asdf1\Documents\DigitalDesign\Practica2DSD\1\A\impl1\Practica2TablaShifter_impl1_scck.rpt" file 
@N: MF248 |Running in 64-bit mode.
@N: MF666 |Clock conversion enabled. (Command "set_option -fix_gated_and_generated_clocks 1" in the project file.)

Design Input Complete (Real Time elapsed 0h:00m:00s; CPU Time elapsed 0h:00m:00s; Memory used current: 99MB peak: 102MB)


Mapper Initialization Complete (Real Time elapsed 0h:00m:00s; CPU Time elapsed 0h:00m:00s; Memory used current: 99MB peak: 102MB)


Start loading timing files (Real Time elapsed 0h:00m:00s; CPU Time elapsed 0h:00m:00s; Memory used current: 111MB peak: 112MB)


Finished loading timing files (Real Time elapsed 0h:00m:00s; CPU Time elapsed 0h:00m:00s; Memory used current: 111MB peak: 114MB)

ICG Latch Removal Summary:
Number of ICG latches removed:	0
Number of ICG latches not removed:	0
syn_allowed_resources : blockrams=26  set on top level netlist shifter

Finished netlist restructuring (Real Time elapsed 0h:00m:00s; CPU Time elapsed 0h:00m:00s; Memory used current: 139MB peak: 141MB)



Clock Summary
******************

          Start         Requested     Requested     Clock        Clock                   Clock
Level     Clock         Frequency     Period        Type         Group                   Load 
----------------------------------------------------------------------------------------------
0 -       shifter|c     1.0 MHz       1000.000      inferred     Inferred_clkgroup_0     4    
==============================================================================================

@W: MT529 :"c:\users\asdf1\documents\digitaldesign\practica2dsd\1\a\shifter2.vhd":20:0:20:1|Found inferred clock shifter|c which controls 4 sequential elements including aux[3]. This clock has no specified timing constraint which may prevent conversion of gated or generated clocks and may adversely impact design performance. 

Finished Pre Mapping Phase.

Starting constraint checker (Real Time elapsed 0h:00m:00s; CPU Time elapsed 0h:00m:00s; Memory used current: 139MB peak: 141MB)


Finished constraint checker preprocessing (Real Time elapsed 0h:00m:00s; CPU Time elapsed 0h:00m:00s; Memory used current: 139MB peak: 141MB)

None
None

Finished constraint checker (Real Time elapsed 0h:00m:00s; CPU Time elapsed 0h:00m:00s; Memory used current: 139MB peak: 141MB)

Pre-mapping successful!

At Mapper Exit (Real Time elapsed 0h:00m:00s; CPU Time elapsed 0h:00m:00s; Memory used current: 55MB peak: 141MB)

Process took 0h:00m:01s realtime, 0h:00m:01s cputime
# Fri Aug 31 13:35:53 2018

###########################################################]
Map & Optimize Report

# Fri Aug 31 13:35:54 2018

Synopsys Lattice Technology Mapper, Version maplat, Build 1796R, Built Aug  4 2017 11:10:16
Copyright (C) 1994-2017 Synopsys, Inc. This Synopsys software and all associated documentation are proprietary to Synopsys, Inc. and may only be used pursuant to the terms and conditions of a written license agreement with Synopsys, Inc. All other use, reproduction, modification, or distribution of the Synopsys software or the associated documentation is strictly prohibited.
Product Version M-2017.03L-SP1-1

Mapper Startup Complete (Real Time elapsed 0h:00m:00s; CPU Time elapsed 0h:00m:00s; Memory used current: 99MB peak: 99MB)

@N: MF248 |Running in 64-bit mode.
@N: MF666 |Clock conversion enabled. (Command "set_option -fix_gated_and_generated_clocks 1" in the project file.)

Design Input Complete (Real Time elapsed 0h:00m:00s; CPU Time elapsed 0h:00m:00s; Memory used current: 98MB peak: 100MB)


Mapper Initialization Complete (Real Time elapsed 0h:00m:00s; CPU Time elapsed 0h:00m:00s; Memory used current: 99MB peak: 100MB)


Start loading timing files (Real Time elapsed 0h:00m:00s; CPU Time elapsed 0h:00m:00s; Memory used current: 111MB peak: 112MB)


Finished loading timing files (Real Time elapsed 0h:00m:00s; CPU Time elapsed 0h:00m:00s; Memory used current: 111MB peak: 114MB)



Starting Optimization and Mapping (Real Time elapsed 0h:00m:00s; CPU Time elapsed 0h:00m:00s; Memory used current: 139MB peak: 142MB)


Available hyper_sources - for debug and ip models
	None Found


Finished RTL optimizations (Real Time elapsed 0h:00m:00s; CPU Time elapsed 0h:00m:00s; Memory used current: 139MB peak: 142MB)


Starting factoring (Real Time elapsed 0h:00m:00s; CPU Time elapsed 0h:00m:00s; Memory used current: 139MB peak: 142MB)


Finished factoring (Real Time elapsed 0h:00m:00s; CPU Time elapsed 0h:00m:00s; Memory used current: 139MB peak: 142MB)


Starting gated-clock and generated-clock conversion (Real Time elapsed 0h:00m:00s; CPU Time elapsed 0h:00m:00s; Memory used current: 139MB peak: 142MB)


Finished gated-clock and generated-clock conversion (Real Time elapsed 0h:00m:00s; CPU Time elapsed 0h:00m:00s; Memory used current: 139MB peak: 142MB)


Finished generic timing optimizations - Pass 1 (Real Time elapsed 0h:00m:00s; CPU Time elapsed 0h:00m:00s; Memory used current: 139MB peak: 142MB)


Starting Early Timing Optimization (Real Time elapsed 0h:00m:00s; CPU Time elapsed 0h:00m:00s; Memory used current: 140MB peak: 142MB)


Finished Early Timing Optimization (Real Time elapsed 0h:00m:00s; CPU Time elapsed 0h:00m:00s; Memory used current: 140MB peak: 142MB)


Finished generic timing optimizations - Pass 2 (Real Time elapsed 0h:00m:00s; CPU Time elapsed 0h:00m:00s; Memory used current: 139MB peak: 142MB)


Finished preparing to map (Real Time elapsed 0h:00m:00s; CPU Time elapsed 0h:00m:00s; Memory used current: 139MB peak: 142MB)


Finished technology mapping (Real Time elapsed 0h:00m:00s; CPU Time elapsed 0h:00m:00s; Memory used current: 139MB peak: 142MB)

Pass		 CPU time		Worst Slack		Luts / Registers
------------------------------------------------------------
   1		0h:00m:00s		   998.98ns		   4 /         0

Finished technology timing optimizations and critical path resynthesis (Real Time elapsed 0h:00m:00s; CPU Time elapsed 0h:00m:00s; Memory used current: 139MB peak: 142MB)

@N: FX164 |The option to pack registers in the IOB has not been specified. Please set syn_useioff attribute.  

Finished restoring hierarchy (Real Time elapsed 0h:00m:00s; CPU Time elapsed 0h:00m:00s; Memory used current: 139MB peak: 142MB)



@S |Clock Optimization Summary


#### START OF CLOCK OPTIMIZATION REPORT #####[

1 non-gated/non-generated clock tree(s) driving 4 clock pin(s) of sequential element(s)
0 gated/generated clock tree(s) driving 0 clock pin(s) of sequential element(s)
0 instances converted, 0 sequential instances remain driven by gated/generated clocks

=========================== Non-Gated/Non-Generated Clocks ============================
Clock Tree ID     Driving Element     Drive Element Type     Fanout     Sample Instance
---------------------------------------------------------------------------------------
@K:CKID0001       c                   port                   4          aux[0]         
=======================================================================================


##### END OF CLOCK OPTIMIZATION REPORT ######]


Start Writing Netlists (Real Time elapsed 0h:00m:00s; CPU Time elapsed 0h:00m:00s; Memory used current: 106MB peak: 142MB)

Writing Analyst data base C:\Users\asdf1\Documents\DigitalDesign\Practica2DSD\1\A\impl1\synwork\Practica2TablaShifter_impl1_m.srm

Finished Writing Netlist Databases (Real Time elapsed 0h:00m:00s; CPU Time elapsed 0h:00m:00s; Memory used current: 139MB peak: 142MB)

Writing EDIF Netlist and constraint files
@N: FX1056 |Writing EDF file: C:\Users\asdf1\Documents\DigitalDesign\Practica2DSD\1\A\impl1\Practica2TablaShifter_impl1.edi
M-2017.03L-SP1-1
@N: BW106 |Synplicity Constraint File capacitance units using default value of 1pF 

Finished Writing EDIF Netlist and constraint files (Real Time elapsed 0h:00m:01s; CPU Time elapsed 0h:00m:01s; Memory used current: 143MB peak: 145MB)


Start final timing analysis (Real Time elapsed 0h:00m:01s; CPU Time elapsed 0h:00m:01s; Memory used current: 144MB peak: 145MB)

@W: MT420 |Found inferred clock shifter|c with period 1000.00ns. Please declare a user-defined clock on object "p:c"


##### START OF TIMING REPORT #####[
# Timing Report written on Fri Aug 31 13:35:55 2018
#


Top view:               shifter
Requested Frequency:    1.0 MHz
Wire load mode:         top
Paths requested:        5
Constraint File(s):    
@N: MT320 |This timing report is an estimate of place and route data. For final timing results, use the FPGA vendor place and route report.

@N: MT322 |Clock constraints include only register-to-register paths associated with each individual clock.



Performance Summary
*******************


Worst slack in design: 998.028

                   Requested     Estimated     Requested     Estimated                 Clock        Clock              
Starting Clock     Frequency     Frequency     Period        Period        Slack       Type         Group              
-----------------------------------------------------------------------------------------------------------------------
shifter|c          1.0 MHz       507.2 MHz     1000.000      1.972         998.028     inferred     Inferred_clkgroup_0
=======================================================================================================================





Clock Relationships
*******************

Clocks                |    rise  to  rise     |    fall  to  fall   |    rise  to  fall   |    fall  to  rise 
--------------------------------------------------------------------------------------------------------------
Starting   Ending     |  constraint  slack    |  constraint  slack  |  constraint  slack  |  constraint  slack
--------------------------------------------------------------------------------------------------------------
shifter|c  shifter|c  |  1000.000    998.028  |  No paths    -      |  No paths    -      |  No paths    -    
==============================================================================================================
 Note: 'No paths' indicates there are no paths in the design for that pair of clock edges.
       'Diff grp' indicates that paths exist but the starting clock and ending clock are in different clock groups.



Interface Information 
*********************

No IO constraint found



====================================
Detailed Report for Clock: shifter|c
====================================



Starting Points with Worst Slack
********************************

             Starting                                      Arrival            
Instance     Reference     Type        Pin     Net         Time        Slack  
             Clock                                                            
------------------------------------------------------------------------------
aux[0]       shifter|c     FD1S1AY     Q       qn_c[0]     1.044       998.028
aux[1]       shifter|c     FD1S1AY     Q       qn_c[1]     1.044       998.028
aux[2]       shifter|c     FD1S1AY     Q       qn_c[2]     1.044       998.028
aux[3]       shifter|c     FD1S1AY     Q       qn_c[3]     1.044       998.028
==============================================================================


Ending Points with Worst Slack
******************************

             Starting                                         Required            
Instance     Reference     Type        Pin     Net            Time         Slack  
             Clock                                                                
----------------------------------------------------------------------------------
aux[0]       shifter|c     FD1S1AY     D       aux_1_3[3]     1000.089     998.028
aux[1]       shifter|c     FD1S1AY     D       aux_1_2[3]     1000.089     998.028
aux[2]       shifter|c     FD1S1AY     D       aux_1_1[3]     1000.089     998.028
aux[3]       shifter|c     FD1S1AY     D       aux_1[3]       1000.089     998.028
==================================================================================



Worst Path Information
***********************


Path information for path number 1: 
      Requested Period:                      1000.000
    - Setup time:                            -0.089
    + Clock delay at ending point:           0.000 (ideal)
    = Required time:                         1000.089

    - Propagation time:                      2.061
    - Clock delay at starting point:         0.000 (ideal)
    = Slack (critical) :                     998.028

    Number of logic level(s):                1
    Starting point:                          aux[0] / Q
    Ending point:                            aux[3] / D
    The start point is clocked by            shifter|c [rising] on pin CK
    The end   point is clocked by            shifter|c [rising] on pin CK

Instance / Net                  Pin      Pin               Arrival     No. of    
Name               Type         Name     Dir     Delay     Time        Fan Out(s)
---------------------------------------------------------------------------------
aux[0]             FD1S1AY      Q        Out     1.044     1.044       -         
qn_c[0]            Net          -        -       -         -           2         
aux_1[3]           ORCALUT4     B        In      0.000     1.044       -         
aux_1[3]           ORCALUT4     Z        Out     1.017     2.061       -         
aux_1[3]           Net          -        -       -         -           1         
aux[3]             FD1S1AY      D        In      0.000     2.061       -         
=================================================================================



##### END OF TIMING REPORT #####]

Timing exceptions that could not be applied
None

Finished final timing analysis (Real Time elapsed 0h:00m:01s; CPU Time elapsed 0h:00m:01s; Memory used current: 144MB peak: 145MB)


Finished timing report (Real Time elapsed 0h:00m:01s; CPU Time elapsed 0h:00m:01s; Memory used current: 144MB peak: 145MB)

---------------------------------------
Resource Usage Report
Part: lcmxo2_7000he-5

Register bits: 0 of 6864 (0%)
Latch bits:      4
PIC Latch:       0
I/O cells:       10


Details:
FD1S1AY:        4
GSR:            1
IB:             6
OB:             4
ORCALUT4:       4
PUR:            1
VHI:            1
VLO:            1
Mapper successful!

At Mapper Exit (Real Time elapsed 0h:00m:01s; CPU Time elapsed 0h:00m:01s; Memory used current: 31MB peak: 145MB)

Process took 0h:00m:01s realtime, 0h:00m:01s cputime
# Fri Aug 31 13:35:55 2018

###########################################################]


Synthesis exit by 0.

edif2ngd  -l "MachXO2" -d LCMXO2-7000HE -path "C:/Users/asdf1/Documents/DigitalDesign/Practica2DSD/1/A/impl1" -path "C:/Users/asdf1/Documents/DigitalDesign/Practica2DSD/1/A"   "C:/Users/asdf1/Documents/DigitalDesign/Practica2DSD/1/A/impl1/Practica2TablaShifter_impl1.edi" "Practica2TablaShifter_impl1.ngo"   
edif2ngd:  version Diamond (64-bit) 3.10.0.111.2

Copyright (c) 1991-1994 by NeoCAD Inc. All rights reserved.
Copyright (c) 1995 AT&T Corp.   All rights reserved.
Copyright (c) 1995-2001 Lucent Technologies Inc.  All rights reserved.
Copyright (c) 2001 Agere Systems   All rights reserved.
Copyright (c) 2002-2017 Lattice Semiconductor Corporation,  All rights reserved.
Writing the design to Practica2TablaShifter_impl1.ngo...

Total CPU Time: 0 secs  

Total REAL Time: 0 secs  


ngdbuild  -a "MachXO2" -d LCMXO2-7000HE  -p "C:/lscc/diamond/3.10_x64/ispfpga/xo2c00/data"  -p "C:/Users/asdf1/Documents/DigitalDesign/Practica2DSD/1/A/impl1" -p "C:/Users/asdf1/Documents/DigitalDesign/Practica2DSD/1/A"  "Practica2TablaShifter_impl1.ngo" "Practica2TablaShifter_impl1.ngd"  	
ngdbuild:  version Diamond (64-bit) 3.10.0.111.2

Copyright (c) 1991-1994 by NeoCAD Inc. All rights reserved.
Copyright (c) 1995 AT&T Corp.   All rights reserved.
Copyright (c) 1995-2001 Lucent Technologies Inc.  All rights reserved.
Copyright (c) 2001 Agere Systems   All rights reserved.
Copyright (c) 2002-2017 Lattice Semiconductor Corporation,  All rights reserved.
Reading 'Practica2TablaShifter_impl1.ngo' ...
Loading NGL library 'C:/lscc/diamond/3.10_x64/ispfpga/xo2c00a/data/xo2alib.ngl'...
Loading NGL library 'C:/lscc/diamond/3.10_x64/ispfpga/xo2c00/data/xo2clib.ngl'...
Loading NGL library 'C:/lscc/diamond/3.10_x64/ispfpga/mg5g00/data/mg5glib.ngl'...
Loading NGL library 'C:/lscc/diamond/3.10_x64/ispfpga/or5g00/data/orc5glib.ngl'...


Running DRC...

DRC complete with no errors or warnings

Design Results:
     21 blocks expanded
Complete the first expansion.
Writing 'Practica2TablaShifter_impl1.ngd' ...
Total CPU Time: 0 secs  

Total REAL Time: 0 secs  


map -a "MachXO2" -p LCMXO2-7000HE -t TQFP144 -s 5 -oc Commercial   "Practica2TablaShifter_impl1.ngd" -o "Practica2TablaShifter_impl1_map.ncd" -pr "Practica2TablaShifter_impl1.prf" -mp "Practica2TablaShifter_impl1.mrp" -lpf "C:/Users/asdf1/Documents/DigitalDesign/Practica2DSD/1/A/impl1/Practica2TablaShifter_impl1_synplify.lpf" -lpf "C:/Users/asdf1/Documents/DigitalDesign/Practica2DSD/1/A/Practica2TablaShifter.lpf" -c 0            
map:  version Diamond (64-bit) 3.10.0.111.2

Copyright (c) 1991-1994 by NeoCAD Inc. All rights reserved.
Copyright (c) 1995 AT&T Corp.   All rights reserved.
Copyright (c) 1995-2001 Lucent Technologies Inc.  All rights reserved.
Copyright (c) 2001 Agere Systems   All rights reserved.
Copyright (c) 2002-2017 Lattice Semiconductor Corporation,  All rights reserved.
   Process the file: Practica2TablaShifter_impl1.ngd
   Picdevice="LCMXO2-7000HE"

   Pictype="TQFP144"

   Picspeed=5

   Remove unused logic

   Do not produce over sized NCDs.

Part used: LCMXO2-7000HETQFP144, Performance used: 5.

Loading device for application map from file 'xo2c7000.nph' in environment: C:/lscc/diamond/3.10_x64/ispfpga.
Package Status:                     Final          Version 1.39.

Running general design DRC...

Removing unused logic...

Optimizing...




Design Summary:
   Number of registers:      4 out of  7209 (0%)
      PFU registers:            4 out of  6864 (0%)
      PIO registers:            0 out of   345 (0%)
   Number of SLICEs:         2 out of  3432 (0%)
      SLICEs as Logic/ROM:      2 out of  3432 (0%)
      SLICEs as RAM:            0 out of  2574 (0%)
      SLICEs as Carry:          0 out of  3432 (0%)
   Number of LUT4s:          4 out of  6864 (0%)
      Number used as logic LUTs:          4
      Number used as distributed RAM:     0
      Number used as ripple logic:        0
      Number used as shift registers:     0
   Number of PIO sites used: 10 + 4(JTAG) out of 115 (12%)
   Number of block RAMs:  0 out of 26 (0%)
   Number of GSRs:  0 out of 1 (0%)
   EFB used :       No
   JTAG used :      No
   Readback used :  No
   Oscillator used :  No
   Startup used :   No
   POR :            On
   Bandgap :        On
   Number of Power Controller:  0 out of 1 (0%)
   Number of Dynamic Bank Controller (BCINRD):  0 out of 6 (0%)
   Number of Dynamic Bank Controller (BCLVDSO):  0 out of 1 (0%)
   Number of DCCA:  0 out of 8 (0%)
   Number of DCMA:  0 out of 2 (0%)
   Number of PLLs:  0 out of 2 (0%)
   Number of DQSDLLs:  0 out of 2 (0%)
   Number of CLKDIVC:  0 out of 4 (0%)
   Number of ECLKSYNCA:  0 out of 4 (0%)
   Number of ECLKBRIDGECS:  0 out of 2 (0%)
   Notes:-
      1. Total number of LUT4s = (Number of logic LUT4s) + 2*(Number of distributed RAMs) + 2*(Number of ripple logic)
      2. Number of logic LUT4s does not include count of distributed RAM and ripple logic.
   Number of clocks:  1
     Net c_c: 2 loads, 2 rising, 0 falling (Driver: PIO c )
   Number of Clock Enables:  0
   Number of LSRs:  0
   Number of nets driven by tri-state buffers:  0
   Top 10 highest fanout non-clock nets:
     Net s_c: 4 loads
     Net qn_c[0]: 2 loads
     Net qn_c[1]: 2 loads
     Net qn_c[2]: 2 loads
     Net qn_c[3]: 2 loads
     Net aux_1[3]: 1 loads
     Net aux_1_1[3]: 1 loads
     Net aux_1_2[3]: 1 loads
     Net aux_1_3[3]: 1 loads
     Net pn_c[0]: 1 loads
 

   Number of warnings:  0
   Number of errors:    0



Total CPU Time: 0 secs  
Total REAL Time: 0 secs  
Peak Memory Usage: 56 MB

Dumping design to file Practica2TablaShifter_impl1_map.ncd.

mpartrce -p "Practica2TablaShifter_impl1.p2t" -f "Practica2TablaShifter_impl1.p3t" -tf "Practica2TablaShifter_impl1.pt" "Practica2TablaShifter_impl1_map.ncd" "Practica2TablaShifter_impl1.ncd"

---- MParTrce Tool ----
Removing old design directory at request of -rem command line option to this program.
Running par. Please wait . . .

Lattice Place and Route Report for Design "Practica2TablaShifter_impl1_map.ncd"
Fri Aug 31 13:35:58 2018

PAR: Place And Route Diamond (64-bit) 3.10.0.111.2.
Command Line: par -w -l 5 -i 6 -t 1 -c 0 -e 0 -gui -msgset C:/Users/asdf1/Documents/DigitalDesign/Practica2DSD/1/A/promote.xml -exp parUseNBR=1:parCDP=0:parCDR=0:parPathBased=OFF Practica2TablaShifter_impl1_map.ncd Practica2TablaShifter_impl1.dir/5_1.ncd Practica2TablaShifter_impl1.prf
Preference file: Practica2TablaShifter_impl1.prf.
Placement level-cost: 5-1.
Routing Iterations: 6

Loading design for application par from file Practica2TablaShifter_impl1_map.ncd.
Design name: shifter
NCD version: 3.3
Vendor:      LATTICE
Device:      LCMXO2-7000HE
Package:     TQFP144
Performance: 5
Loading device for application par from file 'xo2c7000.nph' in environment: C:/lscc/diamond/3.10_x64/ispfpga.
Package Status:                     Final          Version 1.39.
Performance Hardware Data Status:   Final          Version 34.4.
License checked out.


Ignore Preference Error(s):  True
Device utilization summary:

   PIO (prelim)   10+4(JTAG)/336     4% used
                  10+4(JTAG)/115     12% bonded

   SLICE              2/3432         <1% used



Number of Signals: 14
Number of Connections: 22

Pin Constraint Summary:
   10 out of 10 pins locked (100% locked).

No signal is selected as primary clock.


No signal is selected as secondary clock.

No signal is selected as Global Set/Reset.
Starting Placer Phase 0.

Finished Placer Phase 0.  REAL time: 0 secs 

Starting Placer Phase 1.
...............
Placer score = 8249.
Finished Placer Phase 1.  REAL time: 2 secs 

Starting Placer Phase 2.
.
Placer score =  8249
Finished Placer Phase 2.  REAL time: 2 secs 


------------------ Clock Report ------------------

Global Clock Resources:
  CLK_PIN    : 0 out of 8 (0%)
  PLL        : 0 out of 2 (0%)
  DCM        : 0 out of 2 (0%)
  DCC        : 0 out of 8 (0%)

Quadrants All (TL, TR, BL, BR) - Global Clocks:

  PRIMARY  : 0 out of 8 (0%)
  SECONDARY: 0 out of 8 (0%)

Edge Clocks:
  No edge clock selected.

--------------- End of Clock Report ---------------


I/O Usage Summary (final):
   10 + 4(JTAG) out of 336 (4.2%) PIO sites used.
   10 + 4(JTAG) out of 115 (12.2%) bonded PIO sites used.
   Number of PIO comps: 10; differential: 0.
   Number of Vref pins used: 0.

I/O Bank Usage Summary:
+----------+---------------+------------+-----------+
| I/O Bank | Usage         | Bank Vccio | Bank Vref |
+----------+---------------+------------+-----------+
| 0        | 4 / 28 ( 14%) | 2.5V       | -         |
| 1        | 0 / 29 (  0%) | -          | -         |
| 2        | 6 / 29 ( 20%) | 2.5V       | -         |
| 3        | 0 / 9 (  0%)  | -          | -         |
| 4        | 0 / 10 (  0%) | -          | -         |
| 5        | 0 / 10 (  0%) | -          | -         |
+----------+---------------+------------+-----------+

Total placer CPU time: 1 secs 

Dumping design to file Practica2TablaShifter_impl1.dir/5_1.ncd.


-----------------------------------------------------------------
INFO - par: ASE feature is off due to non timing-driven settings.  
-----------------------------------------------------------------

0 connections routed; 22 unrouted.
Starting router resource preassignment

    <postMsg mid="66011008" type="Warning" dynamic="1" navigation="0" arg0="&#xA;   Signal=c_c loads=2 clock_loads=2"  />

Completed router resource preassignment. Real time: 3 secs 

Start NBR router at 13:36:01 08/31/18

*****************************************************************
Info: NBR allows conflicts(one node used by more than one signal)
      in the earlier iterations. In each iteration, it tries to  
      solve the conflicts while keeping the critical connections 
      routed as short as possible. The routing process is said to
      be completed when no conflicts exist and all connections   
      are routed.                                                
Note: NBR uses a different method to calculate timing slacks. The
      worst slack and total negative slack may not be the same as
      that in TRCE report. You should always run TRCE to verify  
      your design.                                               
*****************************************************************

Start NBR special constraint process at 13:36:01 08/31/18

Start NBR section for initial routing at 13:36:01 08/31/18
Level 4, iteration 1
0(0.00%) conflict; 0(0.00%) untouched conn; 0 (nbr) score; real time: 3 secs 

Info: Initial congestion level at 75% usage is 0
Info: Initial congestion area  at 75% usage is 0 (0.00%)

Start NBR section for normal routing at 13:36:01 08/31/18
Level 4, iteration 1
0(0.00%) conflict; 0(0.00%) untouched conn; 0 (nbr) score; real time: 3 secs 

Start NBR section for re-routing at 13:36:01 08/31/18
Level 4, iteration 1
0(0.00%) conflict; 0(0.00%) untouched conn; 0 (nbr) score; real time: 3 secs 

Start NBR section for post-routing at 13:36:01 08/31/18

End NBR router with 0 unrouted connection

NBR Summary
-----------
  Number of unrouted connections : 0 (0.00%)
  Number of connections with timing violations : 0 (0.00%)
  Estimated worst slack<setup> : <n/a>
  Timing score<setup> : 0
-----------
Notes: The timing info is calculated for SETUP only and all PAR_ADJs are ignored.



    <postMsg mid="66011008" type="Warning" dynamic="1" navigation="0" arg0="&#xA;   Signal=c_c loads=2 clock_loads=2"  />

Total CPU time 3 secs 
Total REAL time: 3 secs 
Completely routed.
End of route.  22 routed (100.00%); 0 unrouted.

Hold time timing score: 0, hold timing errors: 0

Timing score: 0 

Dumping design to file Practica2TablaShifter_impl1.dir/5_1.ncd.


PAR_SUMMARY::Run status = Success
PAR_SUMMARY::Number of unrouted conns = 0
PAR_SUMMARY::Worst  slack<setup/<ns>> = <n/a>
PAR_SUMMARY::Timing score<setup/<ns>> = <n/a>
PAR_SUMMARY::Worst  slack<hold /<ns>> = <n/a>
PAR_SUMMARY::Timing score<hold /<ns>> = <n/a>
PAR_SUMMARY::Number of errors = 0

Total CPU  time to completion: 3 secs 
Total REAL time to completion: 3 secs 

par done!

Copyright (c) 1991-1994 by NeoCAD Inc. All rights reserved.
Copyright (c) 1995 AT&T Corp.   All rights reserved.
Copyright (c) 1995-2001 Lucent Technologies Inc.  All rights reserved.
Copyright (c) 2001 Agere Systems   All rights reserved.
Copyright (c) 2002-2017 Lattice Semiconductor Corporation,  All rights reserved.
Exiting par with exit code 0
Exiting mpartrce with exit code 0

bitgen -f "Practica2TablaShifter_impl1.t2b" -w "Practica2TablaShifter_impl1.ncd" -jedec "Practica2TablaShifter_impl1.prf"


BITGEN: Bitstream Generator Diamond (64-bit) 3.10.0.111.2
Copyright (c) 1991-1994 by NeoCAD Inc. All rights reserved.
Copyright (c) 1995 AT&T Corp.   All rights reserved.
Copyright (c) 1995-2001 Lucent Technologies Inc.  All rights reserved.
Copyright (c) 2001 Agere Systems   All rights reserved.
Copyright (c) 2002-2017 Lattice Semiconductor Corporation,  All rights reserved.


Loading design for application Bitgen from file Practica2TablaShifter_impl1.ncd.
Design name: shifter
NCD version: 3.3
Vendor:      LATTICE
Device:      LCMXO2-7000HE
Package:     TQFP144
Performance: 5
Loading device for application Bitgen from file 'xo2c7000.nph' in environment: C:/lscc/diamond/3.10_x64/ispfpga.
Package Status:                     Final          Version 1.39.
Performance Hardware Data Status:   Final          Version 34.4.

Running DRC.
DRC detected 0 errors and 0 warnings.
Reading Preference File from Practica2TablaShifter_impl1.prf.

Preference Summary:
+---------------------------------+---------------------------------+
|  Preference                     |  Current Setting                |
+---------------------------------+---------------------------------+
|                         RamCfg  |                        Reset**  |
+---------------------------------+---------------------------------+
|                     MCCLK_FREQ  |                         2.08**  |
+---------------------------------+---------------------------------+
|                  CONFIG_SECURE  |                          OFF**  |
+---------------------------------+---------------------------------+
|                          INBUF  |                           ON**  |
+---------------------------------+---------------------------------+
|                      JTAG_PORT  |                       ENABLE**  |
+---------------------------------+---------------------------------+
|                       SDM_PORT  |                      DISABLE**  |
+---------------------------------+---------------------------------+
|                 SLAVE_SPI_PORT  |                      DISABLE**  |
+---------------------------------+---------------------------------+
|                MASTER_SPI_PORT  |                      DISABLE**  |
+---------------------------------+---------------------------------+
|                       I2C_PORT  |                      DISABLE**  |
+---------------------------------+---------------------------------+
|        MUX_CONFIGURATION_PORTS  |                      DISABLE**  |
+---------------------------------+---------------------------------+
|                  CONFIGURATION  |                          CFG**  |
+---------------------------------+---------------------------------+
|                COMPRESS_CONFIG  |                           ON**  |
+---------------------------------+---------------------------------+
|                        MY_ASSP  |                          OFF**  |
+---------------------------------+---------------------------------+
|               ONE_TIME_PROGRAM  |                          OFF**  |
+---------------------------------+---------------------------------+
|                 ENABLE_TRANSFR  |                      DISABLE**  |
+---------------------------------+---------------------------------+
|                  SHAREDEBRINIT  |                      DISABLE**  |
+---------------------------------+---------------------------------+
|            BACKGROUND_RECONFIG  |                          OFF**  |
+---------------------------------+---------------------------------+
 *  Default setting.
 ** The specified setting matches the default setting.


Creating bit map...
 
Bitstream Status: Final           Version 1.94.
 
Saving bit stream in "Practica2TablaShifter_impl1.jed".
 
===========
UFM Summary.
===========
UFM Size:        2046 Pages (128*2046 Bits).
UFM Utilization: General Purpose Flash Memory.
 
Available General Purpose Flash Memory: 2046 Pages (Page 0 to Page 2045).
Initialized UFM Pages:                     0 Page.
 
