Design: 4:27 PM, Sunday, May 06, 2018
Design: Opening design "\\VBOXSVR\DigitalDesign\Practica5\vhd\Practica5\Practica5.adf"
Compilation with file reorder...
File: \\VBOXSVR\DigitalDesign\Practica5\vhd\Practica5.vhd
Compile Entity "decoder"
Compile Architecture "DSMB" of Entity "decoder"
Top-Level unit detected
Entity  =>   decoder
Compile success 0 Errors 0 Warnings  Analysis time :  1.0 [s]
ELBREAD: Elaboration process.
ELBREAD: Elaboration time 0.0 [s].
ELBREAD: Elaboration process.
ELBREAD: Elaboration time 0.0 [s].
KERNEL: Main thread initiated.
KERNEL: Kernel process initialization phase.
ELAB2: Elaboration final pass...
ELAB2: Elaboration final pass complete - time: 0.0 [s].
KERNEL: Kernel process initialization done.
4:28 PM, Sunday, May 06, 2018
Simulation has been initialized
Selected Top-Level: decoder (DSMB)
KERNEL: stopped at time: 2 ms
KERNEL: Simulation has finished. There are no more test vectors to simulate.
Warning: Active-HDL(tm) Sim has reached  the maximum simulation time (2ms) allowed in any single simulation run.  The effective length of the simulation may be extended by running multiple simulations in increments of 2ms.  To upgrade your software to handle simulations greater than this time as well as VHDL source level simulation contact Aldec - sales@aldec.com
Warning: Active-HDL(tm) Sim has reached  the maximum simulation time (2ms) allowed in any single simulation run.  The effective length of the simulation may be extended by running multiple simulations in increments of 2ms.  To upgrade your software to handle simulations greater than this time as well as VHDL source level simulation contact Aldec - sales@aldec.com
Warning: Active-HDL(tm) Sim has reached  the maximum simulation time (2ms) allowed in any single simulation run.  The effective length of the simulation may be extended by running multiple simulations in increments of 2ms.  To upgrade your software to handle simulations greater than this time as well as VHDL source level simulation contact Aldec - sales@aldec.com
ELBREAD: Elaboration process.
ELBREAD: Elaboration time 0.0 [s].
KERNEL: Main thread initiated.
KERNEL: Kernel process initialization phase.
ELAB2: Elaboration final pass...
ELAB2: Elaboration final pass complete - time: 0.0 [s].
KERNEL: Kernel process initialization done.
4:29 PM, Sunday, May 06, 2018
Simulation has been initialized
Selected Top-Level: decoder (DSMB)
KERNEL: stopped at time: 100 ns
KERNEL: Simulation has finished. There are no more test vectors to simulate.
ELBREAD: Elaboration process.
ELBREAD: Elaboration time 0.0 [s].
KERNEL: Main thread initiated.
KERNEL: Kernel process initialization phase.
ELAB2: Elaboration final pass...
ELAB2: Elaboration final pass complete - time: 0.0 [s].
KERNEL: Kernel process initialization done.
4:29 PM, Sunday, May 06, 2018
Simulation has been initialized
Selected Top-Level: decoder (DSMB)
Warning: Active-HDL(tm) Sim has reached  the maximum simulation time (2ms) allowed in any single simulation run.  The effective length of the simulation may be extended by running multiple simulations in increments of 2ms.  To upgrade your software to handle simulations greater than this time as well as VHDL source level simulation contact Aldec - sales@aldec.com
KERNEL: Simulation has finished. There are no more test vectors to simulate.
Warning: Active-HDL(tm) Sim has reached  the maximum simulation time (2ms) allowed in any single simulation run.  The effective length of the simulation may be extended by running multiple simulations in increments of 2ms.  To upgrade your software to handle simulations greater than this time as well as VHDL source level simulation contact Aldec - sales@aldec.com
ELBREAD: Elaboration process.
ELBREAD: Elaboration time 0.0 [s].
KERNEL: Main thread initiated.
KERNEL: Kernel process initialization phase.
ELAB2: Elaboration final pass...
ELAB2: Elaboration final pass complete - time: 0.0 [s].
KERNEL: Kernel process initialization done.
4:29 PM, Sunday, May 06, 2018
Simulation has been initialized
Selected Top-Level: decoder (DSMB)
KERNEL: stopped at time: 2 ms
 reached  the maximum simulation time (2ms) allowed in any single simulation run.  The effective length of the simulation may be extended by running multiple simulations in increments of 2ms.  To upgrade your software to handle simulations greater than this time as well as VHDL source level simulation contact Aldec - sales@aldec.com
KERNEL: Simulation has finished. There are no more test vectors to simulate.
Warning: Active-HDL(tm) Sim has reached  the maximum simulation time (2ms) allowed in any single simulation run.  The effective length of the simulation may be extended by running multiple simulations in increments of 2ms.  To upgrade your software to handle simulations greater than this time as well as VHDL source level simulation contact Aldec - sales@aldec.com
ELBREAD: Elaboration process.
ELBREAD: Elaboration time 0.0 [s].
KERNEL: Main thread initiated.
KERNEL: Kernel process initialization phase.
ELAB2: Elaboration final pass...
ELAB2: Elaboration final pass complete - time: 0.0 [s].
KERNEL: Kernel process initialization done.
4:29 PM, Sunday, May 06, 2018
Simulation has been initialized
Selected Top-Level: decoder (DSMB)
ELBREAD: Elaboration process.
ELBREAD: Elaboration time 0.0 [s].
KERNEL: Main thread initiated.
KERNEL: Kernel process initialization phase.
ELAB2: Elaboration final pass...
ELAB2: Elaboration final pass complete - time: 0.0 [s].
KERNEL: Kernel process initialization done.
4:29 PM, Sunday, May 06, 2018
Simulation has been initialized
Selected Top-Level: decoder (DSMB)
ELBREAD: Elaboration process.
ELBREAD: Elaboration time 0.0 [s].
KERNEL: Main thread initiated.
KERNEL: Kernel process initialization phase.
ELAB2: Elaboration final pass...
ELAB2: Elaboration final pass complete - time: 0.0 [s].
KERNEL: Kernel process initialization done.
4:30 PM, Sunday, May 06, 2018
Simulation has been initialized
Selected Top-Level: decoder (DSMB)
Warning: Active-HDL(tm) Sim has reached  the maximum simulation time (2ms) allowed in any single simulation run.  The effective length of the simulation may be extended by running multiple simulations in increments of 2ms.  To upgrade your software to handle simulations greater than this time as well as VHDL source level simulation contact Aldec - sales@aldec.com
KERNEL: Simulation has finished. There are no more test vectors to simulate.
Warning: Active-HDL(tm) Sim has reached  the maximum simulation time (2ms) allowed in any single simulation run.  The effective length of the simulation may be extended by running multiple simulations in increments of 2ms.  To upgrade your software to handle simulations greater than this time as well as VHDL source level simulation contact Aldec - sales@aldec.com
Warning: Active-HDL(tm) Sim has reached  the maximum simulation time (2ms) allowed in any single simulation run.  The effective length of the simulation may be extended by running multiple simulations in increments of 2ms.  To upgrade your software to handle simulations greater than this time as well as VHDL source level simulation contact Aldec - sales@aldec.com
ELBREAD: Elaboration process.
ELBREAD: Elaboration time 0.0 [s].
KERNEL: Main thread initiated.
KERNEL: Kernel process initialization phase.
ELAB2: Elaboration final pass...
ELAB2: Elaboration final pass complete - time: 0.0 [s].
KERNEL: Kernel process initialization done.
4:33 PM, Sunday, May 06, 2018
Simulation has been initialized
Selected Top-Level: decoder (DSMB)
ELBREAD: Elaboration process.
ELBREAD: Elaboration time 0.0 [s].
KERNEL: Main thread initiated.
KERNEL: Kernel process initialization phase.
ELAB2: Elaboration final pass...
ELAB2: Elaboration final pass complete - time: 0.0 [s].
KERNEL: Kernel process initialization done.
4:34 PM, Sunday, May 06, 2018
Simulation has been initialized
Selected Top-Level: decoder (DSMB)
ELBREAD: Elaboration process.
ELBREAD: Elaboration time 0.0 [s].
KERNEL: Main thread initiated.
KERNEL: Kernel process initialization phase.
ELAB2: Elaboration final pass...
ELAB2: Elaboration final pass complete - time: 0.0 [s].
KERNEL: Kernel process initialization done.
4:34 PM, Sunday, May 06, 2018
Simulation has been initialized
Selected Top-Level: decoder (DSMB)
KERNEL: stopped at time: 0 ps
KERNEL: stopped at time: 0 ps
ELBREAD: Elaboration process.
ELBREAD: Elaboration time 0.0 [s].
KERNEL: Main thread initiated.
KERNEL: Kernel process initialization phase.
ELAB2: Elaboration final pass...
ELAB2: Elaboration final pass complete - time: 0.0 [s].
KERNEL: Kernel process initialization done.
4:35 PM, Sunday, May 06, 2018
Simulation has been initialized
Selected Top-Level: decoder (DSMB)
KERNEL: stopped at time: 0 ps
ELBREAD: Elaboration process.
ELBREAD: Elaboration time 0.0 [s].
KERNEL: Main thread initiated.
KERNEL: Kernel process initialization phase.
ELAB2: Elaboration final pass...
ELAB2: Elaboration final pass complete - time: 0.0 [s].
KERNEL: Kernel process initialization done.
4:35 PM, Sunday, May 06, 2018
Simulation has been initialized
Selected Top-Level: decoder (DSMB)
Warning: Active-HDL(tm) Sim has reached  the maximum simulation time (2ms) allowed in any single simulation run.  The effective length of the simulation may be extended by running multiple simulations in increments of 2ms.  To upgrade your software to handle simulations greater than this time as well as VHDL source level simulation contact Aldec - sales@aldec.com
KERNEL: Simulation has finished. There are no more test vectors to simulate.
Warning: Active-HDL(tm) Sim has reached  the maximum simulation time (2ms) allowed in any single simulation run.  The effective length of the simulation may be extended by running multiple simulations in increments of 2ms.  To upgrade your software to handle simulations greater than this time as well as VHDL source level simulation contact Aldec - sales@aldec.com
ELBREAD: Elaboration process.
ELBREAD: Elaboration time 0.0 [s].
KERNEL: Main thread initiated.
KERNEL: Kernel process initialization phase.
ELAB2: Elaboration final pass...
ELAB2: Elaboration final pass complete - time: 0.0 [s].
KERNEL: Kernel process initialization done.
4:36 PM, Sunday, May 06, 2018
Simulation has been initialized
Selected Top-Level: decoder (DSMB)
KERNEL: stopped at time: 0 ps
ELBREAD: Elaboration process.
ELBREAD: Elaboration time 0.0 [s].
KERNEL: Main thread initiated.
KERNEL: Kernel process initialization phase.
ELAB2: Elaboration final pass...
ELAB2: Elaboration final pass complete - time: 0.0 [s].
KERNEL: Kernel process initialization done.
4:36 PM, Sunday, May 06, 2018
Simulation has been initialized
Selected Top-Level: decoder (DSMB)
KERNEL: stopped at time: 0 ps
ELBREAD: Elaboration process.
ELBREAD: Elaboration time 0.0 [s].
KERNEL: Main thread initiated.
KERNEL: Kernel process initialization phase.
ELAB2: Elaboration final pass...
ELAB2: Elaboration final pass complete - time: 0.0 [s].
KERNEL: Kernel process initialization done.
4:37 PM, Sunday, May 06, 2018
Simulation has been initialized
Selected Top-Level: decoder (DSMB)
Warning: Active-HDL(tm) Sim has reached  the maximum simulation time (2ms) allowed in any single simulation run.  The effective length of the simulation may be extended by running multiple simulations in increments of 2ms.  To upgrade your software to handle simulations greater than this time as well as VHDL source level simulation contact Aldec - sales@aldec.com
KERNEL: Simulation has finished. There are no more test vectors to simulate.
Warning: Active-HDL(tm) Sim has reached  the maximum simulation time (2ms) allowed in any single simulation run.  The effective length of the simulation may be extended by running multiple simulations in increments of 2ms.  To upgrade your software to handle simulations greater than this time as well as VHDL source level simulation contact Aldec - sales@aldec.com
Warning: Active-HDL(tm) Sim has reached  the maximum simulation time (2ms) allowed in any single simulation run.  The effective length of the simulation may be extended by running multiple simulations in increments of 2ms.  To upgrade your software to handle simulations greater than this time as well as VHDL source level simulation contact Aldec - sales@aldec.com
ELBREAD: Elaboration process.
ELBREAD: Elaboration time 0.0 [s].
KERNEL: Main thread initiated.
KERNEL: Kernel process initialization phase.
ELAB2: Elaboration final pass...
ELAB2: Elaboration final pass complete - time: 0.0 [s].
KERNEL: Kernel process initialization done.
4:37 PM, Sunday, May 06, 2018
Simulation has been initialized
Selected Top-Level: decoder (DSMB)
KERNEL: stopped at time: 2 ms
 reached  the maximum simulation time (2ms) allowed in any single simulation run.  The effective length of the simulation may be extended by running multiple simulations in increments of 2ms.  To upgrade your software to handle simulations greater than this time as well as VHDL source level simulation contact Aldec - sales@aldec.com
KERNEL: Simulation has finished. There are no more test vectors to simulate.
Warning: Active-HDL(tm) Sim has reached  the maximum simulation time (2ms) allowed in any single simulation run.  The effective length of the simulation may be extended by running multiple simulations in increments of 2ms.  To upgrade your software to handle simulations greater than this time as well as VHDL source level simulation contact Aldec - sales@aldec.com
Warning: Active-HDL(tm) Sim has reached  the maximum simulation time (2ms) allowed in any single simulation run.  The effective length of the simulation may be extended by running multiple simulations in increments of 2ms.  To upgrade your software to handle simulations greater than this time as well as VHDL source level simulation contact Aldec - sales@aldec.com
Warning: Active-HDL(tm) Sim has reached  the maximum simulation time (2ms) allowed in any single simulation run.  The effective length of the simulation may be extended by running multiple simulations in increments of 2ms.  To upgrade your software to handle simulations greater than this time as well as VHDL source level simulation contact Aldec - sales@aldec.com
ELBREAD: Elaboration process.
ELBREAD: Elaboration time 0.0 [s].
KERNEL: Main thread initiated.
KERNEL: Kernel process initialization phase.
ELAB2: Elaboration final pass...
ELAB2: Elaboration final pass complete - time: 0.0 [s].
KERNEL: Kernel process initialization done.
4:38 PM, Sunday, May 06, 2018
Simulation has been initialized
Selected Top-Level: decoder (DSMB)
Warning: Active-HDL(tm) Sim has reached  the maximum simulation time (2ms) allowed in any single simulation run.  The effective length of the simulation may be extended by running multiple simulations in increments of 2ms.  To upgrade your software to handle simulations greater than this time as well as VHDL source level simulation contact Aldec - sales@aldec.com
KERNEL: Simulation has finished. There are no more test vectors to simulate.
Warning: Active-HDL(tm) Sim has reached  the maximum simulation time (2ms) allowed in any single simulation run.  The effective length of the simulation may be extended by running multiple simulations in increments of 2ms.  To upgrade your software to handle simulations greater than this time as well as VHDL source level simulation contact Aldec - sales@aldec.com
Simulation has been stopped
