
    Lattice Mapping Report File for Design Module 'corrimientoRotacional'


Design Information
------------------

Command line:   map -a MachXO2 -p LCMXO2-7000HE -t TQFP144 -s 5 -oc Commercial
     Practic2_impl1.ngd -o Practic2_impl1_map.ncd -pr Practic2_impl1.prf -mp
     Practic2_impl1.mrp -lpf C:/Users/asdf1/Documents/DigitalDesign/Practica2DSD
     /asdfasd/impl1/Practic2_impl1_synplify.lpf -lpf
     C:/Users/asdf1/Documents/DigitalDesign/Practica2DSD/asdfasd/Practic2.lpf -c
     0 -gui 
Target Vendor:  LATTICE
Target Device:  LCMXO2-7000HETQFP144
Target Performance:   5
Mapper:  xo2c00,  version:  Diamond (64-bit) 3.10.0.111.2
Mapped on:  08/30/18  14:31:10

Design Summary
--------------

   Number of registers:      4 out of  7209 (0%)
      PFU registers:            4 out of  6864 (0%)
      PIO registers:            0 out of   345 (0%)
   Number of SLICEs:         2 out of  3432 (0%)
      SLICEs as Logic/ROM:      2 out of  3432 (0%)
      SLICEs as RAM:            0 out of  2574 (0%)
      SLICEs as Carry:          0 out of  3432 (0%)
   Number of LUT4s:          4 out of  6864 (0%)
      Number used as logic LUTs:          4
      Number used as distributed RAM:     0
      Number used as ripple logic:        0
      Number used as shift registers:     0
   Number of PIO sites used: 10 + 4(JTAG) out of 115 (12%)
   Number of block RAMs:  0 out of 26 (0%)
   Number of GSRs:  0 out of 1 (0%)
   EFB used :       No
   JTAG used :      No
   Readback used :  No
   Oscillator used :  No
   Startup used :   No
   POR :            On
   Bandgap :        On
   Number of Power Controller:  0 out of 1 (0%)
   Number of Dynamic Bank Controller (BCINRD):  0 out of 6 (0%)
   Number of Dynamic Bank Controller (BCLVDSO):  0 out of 1 (0%)
   Number of DCCA:  0 out of 8 (0%)
   Number of DCMA:  0 out of 2 (0%)
   Number of PLLs:  0 out of 2 (0%)
   Number of DQSDLLs:  0 out of 2 (0%)
   Number of CLKDIVC:  0 out of 4 (0%)
   Number of ECLKSYNCA:  0 out of 4 (0%)
   Number of ECLKBRIDGECS:  0 out of 2 (0%)
   Notes:-
      1. Total number of LUT4s = (Number of logic LUT4s) + 2*(Number of
     distributed RAMs) + 2*(Number of ripple logic)
      2. Number of logic LUT4s does not include count of distributed RAM and
     ripple logic.
   Number of clocks:  1
     Net oao: 2 loads, 0 rising, 2 falling (Driver: PIO clk0 )
   Number of Clock Enables:  0

                                    Page 1




Design:  corrimientoRotacional                         Date:  08/30/18  14:31:10

Design Summary (cont)
---------------------
   Number of LSRs:  0
   Number of nets driven by tri-state buffers:  0
   Top 10 highest fanout non-clock nets:
     Net shift_c: 4 loads
     Net z_c[0]: 2 loads
     Net z_c[1]: 2 loads
     Net z_c[2]: 2 loads
     Net z_c[3]: 2 loads
     Net N_11: 1 loads
     Net N_12: 1 loads
     Net N_13: 1 loads
     Net N_14: 1 loads
     Net pn_c[3]: 1 loads




   Number of warnings:  0
   Number of errors:    0
     

Design Errors/Warnings
----------------------

   No errors or warnings present.

IO (PIO) Attributes
-------------------

+---------------------+-----------+-----------+------------+
| IO Name             | Direction | Levelmode | IO         |
|                     |           |  IO_TYPE  | Register   |
+---------------------+-----------+-----------+------------+
| z[0]                | OUTPUT    | LVCMOS25  |            |
+---------------------+-----------+-----------+------------+
| shift               | INPUT     | LVCMOS25  |            |
+---------------------+-----------+-----------+------------+
| z[3]                | OUTPUT    | LVCMOS25  |            |
+---------------------+-----------+-----------+------------+
| z[2]                | OUTPUT    | LVCMOS25  |            |
+---------------------+-----------+-----------+------------+
| z[1]                | OUTPUT    | LVCMOS25  |            |
+---------------------+-----------+-----------+------------+
| pn[3]               | INPUT     | LVCMOS25  |            |
+---------------------+-----------+-----------+------------+
| pn[2]               | INPUT     | LVCMOS25  |            |
+---------------------+-----------+-----------+------------+
| pn[1]               | INPUT     | LVCMOS25  |            |
+---------------------+-----------+-----------+------------+
| pn[0]               | INPUT     | LVCMOS25  |            |
+---------------------+-----------+-----------+------------+
| clk0                | INPUT     | LVCMOS25  |            |
+---------------------+-----------+-----------+------------+




                                    Page 2




Design:  corrimientoRotacional                         Date:  08/30/18  14:31:10

Removed logic
-------------

Block VCC undriven or does not drive anything - clipped.
Block GSR_INST undriven or does not drive anything - clipped.
Block GND undriven or does not drive anything - clipped.
Block ao/GND undriven or does not drive anything - clipped.
Block ao/VCC undriven or does not drive anything - clipped.
Block an0/VCC undriven or does not drive anything - clipped.
Block an0/GND undriven or does not drive anything - clipped.
Block an1/VCC undriven or does not drive anything - clipped.
Block an1/GND undriven or does not drive anything - clipped.
Block an2/VCC undriven or does not drive anything - clipped.
Block an2/GND undriven or does not drive anything - clipped.
Block an3/VCC undriven or does not drive anything - clipped.
Block an3/GND undriven or does not drive anything - clipped.
Block ff0/GND undriven or does not drive anything - clipped.
Block ff0/VCC undriven or does not drive anything - clipped.
Block ff1/GND undriven or does not drive anything - clipped.
Block ff1/VCC undriven or does not drive anything - clipped.
Block ff2/GND undriven or does not drive anything - clipped.
Block ff2/VCC undriven or does not drive anything - clipped.
Block ff3/GND undriven or does not drive anything - clipped.
Block ff3/VCC undriven or does not drive anything - clipped.
Signal ff0.tmp.CN was merged into signal oao
Signal VCC undriven or does not drive anything - clipped.
Block ff3/tmp.CN was optimized away.

Memory Usage
------------


     

Run Time and Memory Usage
-------------------------

   Total CPU Time: 0 secs  
   Total REAL Time: 0 secs  
   Peak Memory Usage: 56 MB
        


















                                    Page 3


Copyright (c) 1991-1994 by NeoCAD Inc. All rights reserved.
     Copyright (c) 1995 AT&T Corp.   All rights reserved.
     Copyright (c) 1995-2001 Lucent Technologies Inc.  All rights reserved.
     Copyright (c) 2001 Agere Systems   All rights reserved.
     Copyright (c) 2002-2017 Lattice Semiconductor Corporation,  All rights
     reserved.
