
             Lattice Mapping Report File for Design Module 'PIPO'


Design Information
------------------

Command line:   map -a MachXO2 -p LCMXO2-7000HE -t TQFP144 -s 5 -oc Commercial
     Practica3Ejercico1_Ejercicio1.ngd -o Practica3Ejercico1_Ejercicio1_map.ncd
     -pr Practica3Ejercico1_Ejercicio1.prf -mp Practica3Ejercico1_Ejercicio1.mrp
     -lpf C:/Users/asdf1/Documents/DigitalDesign/Practica3DSD/Ejercicio1/Practic
     a3Ejercico1_Ejercicio1_synplify.lpf -lpf
     C:/Users/asdf1/Documents/DigitalDesign/Practica3DSD/Practica3Ejercico1.lpf
     -c 0 -gui -msgset
     C:/Users/asdf1/Documents/DigitalDesign/Practica3DSD/promote.xml 
Target Vendor:  LATTICE
Target Device:  LCMXO2-7000HETQFP144
Target Performance:   5
Mapper:  xo2c00,  version:  Diamond (64-bit) 3.10.0.111.2
Mapped on:  09/06/18  19:53:35

Design Summary
--------------

   Number of registers:      8 out of  7209 (0%)
      PFU registers:            0 out of  6864 (0%)
      PIO registers:            8 out of   345 (2%)
   Number of SLICEs:         0 out of  3432 (0%)
      SLICEs as Logic/ROM:      0 out of  3432 (0%)
      SLICEs as RAM:            0 out of  2574 (0%)
      SLICEs as Carry:          0 out of  3432 (0%)
   Number of LUT4s:          0 out of  6864 (0%)
      Number used as logic LUTs:          0
      Number used as distributed RAM:     0
      Number used as ripple logic:        0
      Number used as shift registers:     0
   Number of PIO sites used: 17 + 4(JTAG) out of 115 (18%)
   Number of block RAMs:  0 out of 26 (0%)
   Number of GSRs:  0 out of 1 (0%)
   EFB used :       No
   JTAG used :      No
   Readback used :  No
   Oscillator used :  No
   Startup used :   No
   POR :            On
   Bandgap :        On
   Number of Power Controller:  0 out of 1 (0%)
   Number of Dynamic Bank Controller (BCINRD):  0 out of 6 (0%)
   Number of Dynamic Bank Controller (BCLVDSO):  0 out of 1 (0%)
   Number of DCCA:  0 out of 8 (0%)
   Number of DCMA:  0 out of 2 (0%)
   Number of PLLs:  0 out of 2 (0%)
   Number of DQSDLLs:  0 out of 2 (0%)
   Number of CLKDIVC:  0 out of 4 (0%)
   Number of ECLKSYNCA:  0 out of 4 (0%)
   Number of ECLKBRIDGECS:  0 out of 2 (0%)
   Notes:-
      1. Total number of LUT4s = (Number of logic LUT4s) + 2*(Number of
     distributed RAMs) + 2*(Number of ripple logic)
      2. Number of logic LUT4s does not include count of distributed RAM and
     ripple logic.
   Number of clocks:  1

                                    Page 1




Design:  PIPO                                          Date:  09/06/18  19:53:35

Design Summary (cont)
---------------------
     Net ck_c: 8 loads, 8 rising, 0 falling (Driver: PIO ck )
   Number of Clock Enables:  0
   Number of LSRs:  0
   Number of nets driven by tri-state buffers:  0
   Top 10 highest fanout non-clock nets:
     Net Dn_c[0]: 1 loads
     Net Dn_c[1]: 1 loads
     Net Dn_c[2]: 1 loads
     Net Dn_c[3]: 1 loads
     Net Dn_c[7]: 1 loads
     Net Qn_c[0]: 1 loads
     Net Qn_c[1]: 1 loads
     Net Qn_c[2]: 1 loads
     Net Qn_c[3]: 1 loads
     Net Qn_c[7]: 1 loads




   Number of warnings:  0
   Number of errors:    0
     

Design Errors/Warnings
----------------------

   No errors or warnings present.

IO (PIO) Attributes
-------------------

+---------------------+-----------+-----------+------------+
| IO Name             | Direction | Levelmode | IO         |
|                     |           |  IO_TYPE  | Register   |
+---------------------+-----------+-----------+------------+
| Qn[0]               | OUTPUT    | LVCMOS25  |            |
+---------------------+-----------+-----------+------------+
| Dn[0]               | INPUT     | LVCMOS25  | IN         |
+---------------------+-----------+-----------+------------+
| Qn[7]               | OUTPUT    | LVCMOS25  |            |
+---------------------+-----------+-----------+------------+
| Qn[6]               | OUTPUT    | LVCMOS25  |            |
+---------------------+-----------+-----------+------------+
| Qn[5]               | OUTPUT    | LVCMOS25  |            |
+---------------------+-----------+-----------+------------+
| Qn[4]               | OUTPUT    | LVCMOS25  |            |
+---------------------+-----------+-----------+------------+
| Qn[3]               | OUTPUT    | LVCMOS25  |            |
+---------------------+-----------+-----------+------------+
| Qn[2]               | OUTPUT    | LVCMOS25  |            |
+---------------------+-----------+-----------+------------+
| Qn[1]               | OUTPUT    | LVCMOS25  |            |
+---------------------+-----------+-----------+------------+
| ck                  | INPUT     | LVCMOS25  |            |
+---------------------+-----------+-----------+------------+
| Dn[7]               | INPUT     | LVCMOS25  | IN         |

                                    Page 2




Design:  PIPO                                          Date:  09/06/18  19:53:35

IO (PIO) Attributes (cont)
--------------------------
+---------------------+-----------+-----------+------------+
| Dn[6]               | INPUT     | LVCMOS25  | IN         |
+---------------------+-----------+-----------+------------+
| Dn[5]               | INPUT     | LVCMOS25  | IN         |
+---------------------+-----------+-----------+------------+
| Dn[4]               | INPUT     | LVCMOS25  | IN         |
+---------------------+-----------+-----------+------------+
| Dn[3]               | INPUT     | LVCMOS25  | IN         |
+---------------------+-----------+-----------+------------+
| Dn[2]               | INPUT     | LVCMOS25  | IN         |
+---------------------+-----------+-----------+------------+
| Dn[1]               | INPUT     | LVCMOS25  | IN         |
+---------------------+-----------+-----------+------------+

Removed logic
-------------

Block VCC undriven or does not drive anything - clipped.
Block GSR_INST undriven or does not drive anything - clipped.
Block GND undriven or does not drive anything - clipped.
Signal VCC undriven or does not drive anything - clipped.
Signal GND undriven or does not drive anything - clipped.

Memory Usage
------------


     

Run Time and Memory Usage
-------------------------

   Total CPU Time: 0 secs  
   Total REAL Time: 0 secs  
   Peak Memory Usage: 56 MB
        





















                                    Page 3


Copyright (c) 1991-1994 by NeoCAD Inc. All rights reserved.
     Copyright (c) 1995 AT&T Corp.   All rights reserved.
     Copyright (c) 1995-2001 Lucent Technologies Inc.  All rights reserved.
     Copyright (c) 2001 Agere Systems   All rights reserved.
     Copyright (c) 2002-2017 Lattice Semiconductor Corporation,  All rights
     reserved.
