Running in Lattice mode

Starting:    C:\lscc\diamond\3.10_x64\synpbase\bin64\mbin\synbatch.exe
Install:     C:\lscc\diamond\3.10_x64\synpbase
Hostname:    DESKTOP-4BVJD33
Date:        Mon Sep  3 14:55:22 2018
Version:     M-2017.03L-SP1-1

Arguments:   -product synplify_pro -batch Practica3Ejercico1_Ejercicio1_synplify.tcl
ProductType: synplify_pro




log file: "C:\Users\asdf1\Documents\DigitalDesign\Practica3DSD\Ejercicio1\Practica3Ejercico1_Ejercicio1.srr"
Running: hdl_info_gen in foreground

Generating HDL info...

hdl_info_gen completed
# Mon Sep  3 14:55:23 2018

Return Code: 0
Run Time:00h:00m:01s
log file: "C:\Users\asdf1\Documents\DigitalDesign\Practica3DSD\Ejercicio1\Practica3Ejercico1_Ejercicio1.srr"
Running: Ejercicio1 in foreground

Running proj_1|Ejercicio1

Running: compile (Compile) on proj_1|Ejercicio1
# Mon Sep  3 14:55:23 2018

Running: compile_flow (Compile Process) on proj_1|Ejercicio1
# Mon Sep  3 14:55:23 2018

Running: compiler (Compile Input) on proj_1|Ejercicio1
# Mon Sep  3 14:55:23 2018
Copied C:\Users\asdf1\Documents\DigitalDesign\Practica3DSD\Ejercicio1\synwork\Practica3Ejercico1_Ejercicio1_comp.srs to C:\Users\asdf1\Documents\DigitalDesign\Practica3DSD\Ejercicio1\Practica3Ejercico1_Ejercicio1.srs

compiler completed
# Mon Sep  3 14:55:25 2018

Return Code: 0
Run Time:00h:00m:02s

Running: multi_srs_gen (Multi-srs Generator) on proj_1|Ejercicio1
# Mon Sep  3 14:55:25 2018

multi_srs_gen completed
# Mon Sep  3 14:55:25 2018

Return Code: 0
Run Time:00h:00m:00s
Copied C:\Users\asdf1\Documents\DigitalDesign\Practica3DSD\Ejercicio1\synwork\Practica3Ejercico1_Ejercicio1_mult.srs to C:\Users\asdf1\Documents\DigitalDesign\Practica3DSD\Ejercicio1\Practica3Ejercico1_Ejercicio1.srs
Copied C:\Users\asdf1\Documents\DigitalDesign\Practica3DSD\Ejercicio1\Practica3Ejercico1_Ejercicio1.srr to C:\Users\asdf1\Documents\DigitalDesign\Practica3DSD\Ejercicio1\Practica3Ejercico1_Ejercicio1.srf
Complete: Compile Process on proj_1|Ejercicio1

Running: premap (Pre-mapping) on proj_1|Ejercicio1
# Mon Sep  3 14:55:25 2018

premap completed with warnings
# Mon Sep  3 14:55:26 2018

Return Code: 1
Run Time:00h:00m:01s
Complete: Compile on proj_1|Ejercicio1

Running: map (Map) on proj_1|Ejercicio1
# Mon Sep  3 14:55:26 2018
License granted for 4 parallel jobs

Running: fpga_mapper (Map & Optimize) on proj_1|Ejercicio1
# Mon Sep  3 14:55:26 2018
Copied C:\Users\asdf1\Documents\DigitalDesign\Practica3DSD\Ejercicio1\synwork\Practica3Ejercico1_Ejercicio1_m.srm to C:\Users\asdf1\Documents\DigitalDesign\Practica3DSD\Ejercicio1\Practica3Ejercico1_Ejercicio1.srm

fpga_mapper completed with warnings
# Mon Sep  3 14:55:28 2018

Return Code: 1
Run Time:00h:00m:02s
Complete: Map on proj_1|Ejercicio1
Copied C:\Users\asdf1\Documents\DigitalDesign\Practica3DSD\Ejercicio1\Practica3Ejercico1_Ejercicio1.srr to C:\Users\asdf1\Documents\DigitalDesign\Practica3DSD\Ejercicio1\Practica3Ejercico1_Ejercicio1.srf
Complete: Logic Synthesis on proj_1|Ejercicio1
TCL script complete: "Practica3Ejercico1_Ejercicio1_synplify.tcl"
exit status=0
exit status=0
Save changes for project:
C:\Users\asdf1\Documents\DigitalDesign\Practica3DSD\Ejercicio1\proj_1.prj
batch mode default:no
