Design: 11:10 AM, Friday, May 25, 2018
Design: Opening design "\\VBOXSVR\DigitalDesign\Practica9\Practica9\Practica9.adf"
ELBREAD: Elaboration process.
ELBREAD: Elaboration time 0.0 [s].
Compilation with file reorder...
File: \\VBOXSVR\DigitalDesign\Practica9\Practica9.vhd
Compile Entity "CuadroDeAlarma"
Compile Architecture "arch_cuadrodealarma" of Entity "CuadroDeAlarma"
Top-Level unit detected
Entity  =>   CuadroDeAlarma
Compile success 0 Errors 0 Warnings  Analysis time :  0.1 [s]
ELBREAD: Elaboration process.
ELBREAD: Elaboration time 0.0 [s].
ELBREAD: Elaboration process.
ELBREAD: Elaboration time 0.0 [s].
KERNEL: Main thread initiated.
KERNEL: Kernel process initialization phase.
ELAB2: Elaboration final pass...
ELAB2: Elaboration final pass complete - time: 0.0 [s].
KERNEL: Kernel process initialization done.
11:18 AM, Friday, May 25, 2018
Simulation has been initialized
Selected Top-Level: CuadroDeAlarma (arch_cuadrodealarma)
KERNEL: stopped at time: 100 ns
KERNEL: Simulation has finished. There are no more test vectors to simulate.
KERNEL: stopped at time: 200 ns
KERNEL: Simulation has finished. There are no more test vectors to simulate.
KERNEL: stopped at time: 300 ns
KERNEL: Simulation has finished. There are no more test vectors to simulate.
Simulation has been stopped
Compilation...
File: \\VBOXSVR\DigitalDesign\Practica9\Practica9.vhd
Compile Entity "CuadroDeAlarma"
Entity "CuadroDeAlarma" has been skipped - no difference detected.
Compile Architecture "arch_cuadrodealarma" of Entity "CuadroDeAlarma"
Compile success 0 Errors 0 Warnings  Analysis time :  0.0 [s]
ELBREAD: Elaboration process.
ELBREAD: Elaboration time 0.0 [s].
KERNEL: Main thread initiated.
KERNEL: Kernel process initialization phase.
ELAB2: Elaboration final pass...
ELAB2: Elaboration final pass complete - time: 0.0 [s].
KERNEL: Kernel process initialization done.
11:22 AM, Friday, May 25, 2018
Simulation has been initialized
Selected Top-Level: CuadroDeAlarma (arch_cuadrodealarma)
KERNEL: stopped at time: 100 ns
KERNEL: Simulation has finished. There are no more test vectors to simulate.
ELBREAD: Elaboration process.
ELBREAD: Elaboration time 0.0 [s].
KERNEL: Main thread initiated.
KERNEL: Kernel process initialization phase.
ELAB2: Elaboration final pass...
ELAB2: Elaboration final pass complete - time: 0.0 [s].
KERNEL: Kernel process initialization done.
11:23 AM, Friday, May 25, 2018
Simulation has been initialized
Selected Top-Level: CuadroDeAlarma (arch_cuadrodealarma)
KERNEL: stopped at time: 100 ns
KERNEL: Simulation has finished. There are no more test vectors to simulate.
KERNEL: stopped at time: 200 ns
KERNEL: Simulation has finished. There are no more test vectors to simulate.
KERNEL: stopped at time: 300 ns
KERNEL: Simulation has finished. There are no more test vectors to simulate.
Simulation has been stopped
