Design: 12:27 PM, Wednesday, May 23, 2018
Design: Opening design "\\VBOXSVR\DigitalDesign\Practica5\Practica5\Practica5.adf"
Compilation with file reorder...
File: \\VBOXSVR\DigitalDesign\Practica5\Practica5.vhd
Compile Entity "Decoder"
Error: COMP96_0078: Practica5.vhd : (10, 3): Unknown identifier "pin_numbers".
Error: COMP96_0088: Practica5.vhd : (10, 3): The attribute designator must denote an attribute.
Compile Architecture "Arch_Decode" of Entity "Decoder"
Error: COMP96_0056: Practica5.vhd : (15, 1): Cannot find referenced entity declaration "Decoder".
Compile failure 3 Errors 0 Warnings  Analysis time :  0.0 [s]
Compilation with file reorder...
File: \\VBOXSVR\DigitalDesign\Practica5\Practica5.vhd
Compile Entity "Decoder"
Compile Architecture "Arch_Decode" of Entity "Decoder"
Top-Level unit detected
Entity  =>   Decoder
Compile success 0 Errors 0 Warnings  Analysis time :  0.0 [s]
ELBREAD: Elaboration process.
ELBREAD: Elaboration time 0.0 [s].
KERNEL: Main thread initiated.
KERNEL: Kernel process initialization phase.
ELAB2: Elaboration final pass...
ELAB2: Elaboration final pass complete - time: 0.0 [s].
KERNEL: Kernel process initialization done.
12:27 PM, Wednesday, May 23, 2018
Simulation has been initialized
Selected Top-Level: Decoder (Arch_Decode)
KERNEL: stopped at time: 100 ns
KERNEL: Simulation has finished. There are no more test vectors to simulate.
KERNEL: stopped at time: 200 ns
KERNEL: Simulation has finished. There are no more test vectors to simulate.
ELBREAD: Elaboration process.
ELBREAD: Elaboration time 0.0 [s].
KERNEL: Main thread initiated.
KERNEL: Kernel process initialization phase.
ELAB2: Elaboration final pass...
ELAB2: Elaboration final pass complete - time: 0.0 [s].
KERNEL: Kernel process initialization done.
12:28 PM, Wednesday, May 23, 2018
Simulation has been initialized
Selected Top-Level: Decoder (Arch_Decode)
KERNEL: stopped at time: 100 ns
KERNEL: Simulation has finished. There are no more test vectors to simulate.
KERNEL: stopped at time: 200 ns
KERNEL: Simulation has finished. There are no more test vectors to simulate.
ELBREAD: Elaboration process.
ELBREAD: Elaboration time 0.0 [s].
KERNEL: Main thread initiated.
KERNEL: Kernel process initialization phase.
ELAB2: Elaboration final pass...
ELAB2: Elaboration final pass complete - time: 0.0 [s].
KERNEL: Kernel process initialization done.
12:28 PM, Wednesday, May 23, 2018
Simulation has been initialized
Selected Top-Level: Decoder (Arch_Decode)
KERNEL: stopped at time: 100 ns
KERNEL: Simulation has finished. There are no more test vectors to simulate.
KERNEL: stopped at time: 200 ns
KERNEL: Simulation has finished. There are no more test vectors to simulate.
KERNEL: stopped at time: 300 ns
KERNEL: Simulation has finished. There are no more test vectors to simulate.
Simulation has been stopped
