
     | | | | | | |
   _________________
  -|               |-
  -|               |-
  -|               |-
  -|    CYPRESS    |-
  -|               |-
  -|               |-   Warp VHDL Synthesis Compiler: Version 6.3 IR 35
  -|               |-   Copyright (C) 1991-2001 Cypress Semiconductor
   |_______________|
     | | | | | | |

======================================================================
Compiling:  Practica9.vhd
Options:    -m -yu -e10 -w100 -o2 -ygs -fP -v10 -dc22v10 -ppalce22v10-25pc/pi -b Practica9.vhd -u Practica9.hie
======================================================================

vhdlfe V6.3 IR 35:  VHDL parser
Wed May 23 14:48:20 2018

Library 'work' => directory 'lc22v10'
Linking 'C:\Program Files\Cypress\Warp\bin\std.vhd'.
Linking 'C:\Program Files\Cypress\Warp\lib\common\cypress.vhd'.
Linking 'C:\Program Files\Cypress\Warp\lib\common\work\cypress.vif'.
Library 'ieee' => directory 'C:\Program Files\Cypress\Warp\lib\ieee\work'
Linking 'C:\Program Files\Cypress\Warp\lib\ieee\work\stdlogic.vif'.

vhdlfe:  No errors.


tovif V6.3 IR 35:  High-level synthesis
Wed May 23 14:48:20 2018

Linking 'C:\Program Files\Cypress\Warp\bin\std.vhd'.
Linking 'C:\Program Files\Cypress\Warp\lib\common\cypress.vhd'.
Linking 'C:\Program Files\Cypress\Warp\lib\common\work\cypress.vif'.
Linking 'C:\Program Files\Cypress\Warp\lib\ieee\work\stdlogic.vif'.

tovif:  No errors.


topld V6.3 IR 35:  Synthesis and optimization
Wed May 23 14:48:21 2018

Linking 'C:\Program Files\Cypress\Warp\bin\std.vhd'.
Linking 'C:\Program Files\Cypress\Warp\lib\common\cypress.vhd'.
Linking 'C:\Program Files\Cypress\Warp\lib\common\work\cypress.vif'.
Linking 'C:\Program Files\Cypress\Warp\lib\ieee\work\stdlogic.vif'.

----------------------------------------------------------
Detecting unused logic.
----------------------------------------------------------



------------------------------------------------------
Alias Detection
------------------------------------------------------

------------------------------------------------------
Aliased 0 equations, 1 wires.
------------------------------------------------------

----------------------------------------------------------
Circuit simplification
----------------------------------------------------------

----------------------------------------------------------
Circuit simplification results:

	Expanded 4 signals.
	Turned 0 signals into soft nodes.
	Maximum default expansion cost was set at 10.
----------------------------------------------------------

------------------------------------------------------
Alias Detection
------------------------------------------------------

------------------------------------------------------
Aliased 0 equations, 0 wires.
------------------------------------------------------
Created 27 PLD nodes.

topld:  No errors.

----------------------------------------------------------------------------
PLD Optimizer Software:       DSGNOPT.EXE    31/03/2000  [v4.02 ] 6.3 IR 35

DESIGN HEADER INFORMATION  (14:48:22)

Input File(s): Practica9.pla
Device       : C22V10
Package      : palce22v10-25pc/pi
ReportFile   : Practica9.rpt

Program Controls:
    COMMAND LANGUAGE_VHDL 
    COMMAND PROPERTY BUS_HOLD ENABLE 

Signal Requests:
    GROUP USEPOL ALL
    GROUP FAST_SLEW ALL

Completed Successfully  
----------------------------------------------------------------------------
PLD Optimizer Software:       DSGNOPT.EXE    31/03/2000  [v4.02 ] 6.3 IR 35

OPTIMIZATION OPTIONS       (14:48:22)

Messages:
  Information: Process virtual 'me' ... converted to NODE.
  Information: Process virtual 'ma' ... converted to NODE.
  Information: Process virtual 'i' ... converted to NODE.
  Information: Optimizing logic using best output polarity for signals:
         display(0) display(1) display(2) display(3) display(4) display(5)
         display(6) i ma me



Summary:
                 Error Count = 0      Warning Count = 0

Completed Successfully  
----------------------------------------------------------------------------
PLD Optimizer Software:       MINOPT.EXE     01/NOV/1999  [v4.02 ] 6.3 IR 35

LOGIC MINIMIZATION         ()

Messages:


Summary:
                 Error Count = 0      Warning Count = 0

Completed Successfully
----------------------------------------------------------------------------
PLD Optimizer Software:       DSGNOPT.EXE    31/03/2000  [v4.02 ] 6.3 IR 35

OPTIMIZATION OPTIONS       (14:48:22)

Messages:
  Information: Optimizing Banked Preset/Reset requirements.


Summary:
                 Error Count = 0      Warning Count = 0

Completed Successfully  
----------------------------------------------------------------------------
PLD Compiler Software:        PLA2JED.EXE    31/03/2000  [v4.02 ] 6.3 IR 35

<CYPRESSTAG name="Equations" icon=FILE_RPT_EQUATION>
DESIGN EQUATIONS           (14:48:22)
</CYPRESSTAG>

    /display(0) =
          /display(0) * /i * /ma * /me 

    /display(1) =
          /display(1) * /i * /ma * /me 

    /display(2) =
          /display(2) * /i * /ma * /me 

    display(3) =
          /i * /ma * me 
        + display(3) * /i * /ma 

    /display(4) =
          /display(4) * /i * /me 
        + /i * ma 

    /display(5) =
          /display(5) * /i * /me 
        + /i * ma 

    display(6) =
          /i * /ma * me 
        + display(6) * /i * /ma 

    /i =
          /d(0) * /i * ref(0) * selct(0) * selct(1) 
        + /d(1) * /i * ref(1) * selct(0) * selct(1) 
        + d(0) * /i * /ref(0) * selct(0) * selct(1) 
        + d(1) * /i * /ref(1) * selct(0) * selct(1) 
        + /c(0) * /i * ref(0) * /selct(0) * selct(1) 
        + /c(1) * /i * ref(1) * /selct(0) * selct(1) 
        + c(0) * /i * /ref(0) * /selct(0) * selct(1) 
        + c(1) * /i * /ref(1) * /selct(0) * selct(1) 
        + /b(0) * /i * ref(0) * selct(0) * /selct(1) 
        + /b(1) * /i * ref(1) * selct(0) * /selct(1) 
        + b(0) * /i * /ref(0) * selct(0) * /selct(1) 
        + b(1) * /i * /ref(1) * selct(0) * /selct(1) 
        + /a(0) * /i * ref(0) * /selct(0) * /selct(1) 
        + /a(1) * /i * ref(1) * /selct(0) * /selct(1) 
        + a(0) * /i * /ref(0) * /selct(0) * /selct(1) 
        + a(1) * /i * /ref(1) * /selct(0) * /selct(1) 

    ma =
          d(0) * d(1) * /ref(0) * selct(0) * selct(1) 
        + d(0) * /ref(0) * /ref(1) * selct(0) * selct(1) 
        + c(0) * c(1) * /ref(0) * /selct(0) * selct(1) 
        + c(0) * /ref(0) * /ref(1) * /selct(0) * selct(1) 
        + b(0) * b(1) * /ref(0) * selct(0) * /selct(1) 
        + b(0) * /ref(0) * /ref(1) * selct(0) * /selct(1) 
        + a(0) * a(1) * /ref(0) * /selct(0) * /selct(1) 
        + a(0) * /ref(0) * /ref(1) * /selct(0) * /selct(1) 
        + d(1) * /ref(1) * selct(0) * selct(1) 
        + c(1) * /ref(1) * /selct(0) * selct(1) 
        + b(1) * /ref(1) * selct(0) * /selct(1) 
        + a(1) * /ref(1) * /selct(0) * /selct(1) 
        + ma 

    me =
          /d(0) * ref(0) * ref(1) * selct(0) * selct(1) 
        + /d(0) * /d(1) * ref(0) * selct(0) * selct(1) 
        + /c(0) * ref(0) * ref(1) * /selct(0) * selct(1) 
        + /c(0) * /c(1) * ref(0) * /selct(0) * selct(1) 
        + /b(0) * ref(0) * ref(1) * selct(0) * /selct(1) 
        + /b(0) * /b(1) * ref(0) * selct(0) * /selct(1) 
        + /a(0) * ref(0) * ref(1) * /selct(0) * /selct(1) 
        + /a(0) * /a(1) * ref(0) * /selct(0) * /selct(1) 
        + /d(1) * ref(1) * selct(0) * selct(1) 
        + /c(1) * ref(1) * /selct(0) * selct(1) 
        + /b(1) * ref(1) * selct(0) * /selct(1) 
        + /a(1) * ref(1) * /selct(0) * /selct(1) 
        + me 


Completed Successfully  
----------------------------------------------------------------------------
PLD Compiler Software:        PLA2JED.EXE    31/03/2000  [v4.02 ] 6.3 IR 35

DESIGN RULE CHECK          (14:48:22)

Messages:
                 None.


Summary:
                 Error Count = 0      Warning Count = 0

Completed Successfully  
----------------------------------------------------------------------------
PLD Compiler Software:        PLA2JED.EXE    31/03/2000  [v4.02 ] 6.3 IR 35

<CYPRESSTAG name="Pinout" icon=FILE_RPT_PINOUT>
PINOUT INFORMATION   (14:48:22)
</CYPRESSTAG>
Messages:
  Information: Checking for duplicate NODE logic.
                 None.


                                 C22V10
                 __________________________________________
       selct(1) =| 1|                                  |24|* not used       
       selct(0) =| 2|                                  |23|= display(5)     
         ref(1) =| 3|                                  |22|= display(3)     
         ref(0) =| 4|                                  |21|= display(1)     
           d(1) =| 5|                                  |20|= (ma)           
           d(0) =| 6|                                  |19|= display(0)     
           c(1) =| 7|                                  |18|= (i)            
           c(0) =| 8|                                  |17|= (me)           
           b(1) =| 9|                                  |16|= display(2)     
           b(0) =|10|                                  |15|= display(4)     
           a(1) =|11|                                  |14|= display(6)     
       not used *|12|                                  |13|= a(0)           
                 __________________________________________


Summary:
                 Error Count = 0      Warning Count = 0

Completed Successfully  
----------------------------------------------------------------------------
PLD Compiler Software:        PLA2JED.EXE    31/03/2000  [v4.02 ] 6.3 IR 35

<CYPRESSTAG name="Utilization" icon=FILE_RPT_UTILIZATION>
RESOURCE UTILIZATION (14:48:22)
</CYPRESSTAG>
  Information: Macrocell Utilization.

                     Description        Used     Max
                 ______________________________________
                 | Dedicated Inputs   |   11  |   11  |
                 | Clock/Inputs       |    1  |    1  |
                 | I/O Macrocells     |   10  |   10  |
                 ______________________________________
                                          22  /   22   = 100 %


  Information: Output Logic Product Term Utilization.

                  Node#  Output Signal Name  Used   Max
                 ________________________________________
                 | 14  |  display(6)      |   2  |   8  |
                 | 15  |  display(4)      |   2  |  10  |
                 | 16  |  display(2)      |   1  |  12  |
                 | 17  |  me              |  13  |  14  |
                 | 18  |  i               |  16  |  16  |
                 | 19  |  display(0)      |   1  |  16  |
                 | 20  |  ma              |  13  |  14  |
                 | 21  |  display(1)      |   1  |  12  |
                 | 22  |  display(3)      |   2  |  10  |
                 | 23  |  display(5)      |   2  |   8  |
                 | 25  |  Unused          |   0  |   1  |
                 ________________________________________
                                             53  / 121   = 43  %


Completed Successfully  
----------------------------------------------------------------------------
PLD Compiler Software:        PLA2JED.EXE    31/03/2000  [v4.02 ] 6.3 IR 35

JEDEC ASSEMBLE             (14:48:22)

Messages:
  Information: Output file 'Practica9.pin' created.
  Information: Output file 'Practica9.jed' created.

  Usercode:    
  Checksum:    4661



Summary:
                 Error Count = 0      Warning Count = 0

Completed Successfully at 14:48:22
