
synpwrap -msg -prj "EjercicioRec1_impl1_synplify.tcl" -log "EjercicioRec1_impl1.srf"
Copyright (C) 1992-2017 Lattice Semiconductor Corporation. All rights reserved.
Lattice Diamond Version 3.10.0.111.2
    <postMsg mid="2011000" type="Info"    dynamic="0" navigation="0"  />

==contents of EjercicioRec1_impl1.srf
#Build: Synplify Pro (R) M-2017.03L-SP1-1, Build 086R, Aug  4 2017
#install: C:\lscc\diamond\3.10_x64\synpbase
#OS: Windows 8 6.2
#Hostname: DESKTOP-4BVJD33

# Wed Sep 26 14:14:29 2018

#Implementation: impl1

Synopsys HDL Compiler, version comp2017q2p1, Build 190R, built Aug  4 2017
@N|Running in 64-bit mode
Copyright (C) 1994-2017 Synopsys, Inc. This Synopsys software and all associated documentation are proprietary to Synopsys, Inc. and may only be used pursuant to the terms and conditions of a written license agreement with Synopsys, Inc. All other use, reproduction, modification, or distribution of the Synopsys software or the associated documentation is strictly prohibited.

Synopsys VHDL Compiler, version comp2017q2p1, Build 190R, built Aug  4 2017
@N|Running in 64-bit mode
Copyright (C) 1994-2017 Synopsys, Inc. This Synopsys software and all associated documentation are proprietary to Synopsys, Inc. and may only be used pursuant to the terms and conditions of a written license agreement with Synopsys, Inc. All other use, reproduction, modification, or distribution of the Synopsys software or the associated documentation is strictly prohibited.

@N: CD720 :"C:\lscc\diamond\3.10_x64\synpbase\lib\vhd\std.vhd":123:18:123:21|Setting time resolution to ps
@N:"C:\Users\asdf1\Documents\DigitalDesign\EjercicioRecuperacion\Eje1.vhd":6:7:6:15|Top entity is set to ejercicio.
File C:\Users\asdf1\Documents\DigitalDesign\EjercicioRecuperacion\Eje1.vhd changed - recompiling
VHDL syntax check successful!
File C:\Users\asdf1\Documents\DigitalDesign\EjercicioRecuperacion\Eje1.vhd changed - recompiling
@N: CD630 :"C:\Users\asdf1\Documents\DigitalDesign\EjercicioRecuperacion\Eje1.vhd":6:7:6:15|Synthesizing work.ejercicio.archejercicio.
@W: CD276 :"C:\lscc\diamond\3.10_x64\cae_library\synthesis\vhdl\machxo2.vhd":2297:8:2297:15|Map for port sedstdby of component osch not found
@N: CD630 :"C:\lscc\diamond\3.10_x64\cae_library\synthesis\vhdl\machxo2.vhd":2291:10:2291:13|Synthesizing work.osch.syn_black_box.
Post processing for work.osch.syn_black_box
Post processing for work.ejercicio.archejercicio
@A: CL282 :"C:\Users\asdf1\Documents\DigitalDesign\EjercicioRecuperacion\Eje1.vhd":29:1:29:2|Feedback mux created for signal d[3:0]. It is possible a set/reset assignment for this is signal missing. To improve timing and area, specify a set/reset value.

At c_vhdl Exit (Real Time elapsed 0h:00m:00s; CPU Time elapsed 0h:00m:00s; Memory used current: 70MB peak: 71MB)

Process took 0h:00m:01s realtime, 0h:00m:01s cputime

Process completed successfully.
# Wed Sep 26 14:14:29 2018

###########################################################]
Synopsys Netlist Linker, version comp2017q2p1, Build 190R, built Aug  4 2017
@N|Running in 64-bit mode
File C:\Users\asdf1\Documents\DigitalDesign\EjercicioRecuperacion\impl1\synwork\layer0.srs changed - recompiling

At syn_nfilter Exit (Real Time elapsed 0h:00m:00s; CPU Time elapsed 0h:00m:00s; Memory used current: 67MB peak: 68MB)

Process took 0h:00m:01s realtime, 0h:00m:01s cputime

Process completed successfully.
# Wed Sep 26 14:14:29 2018

###########################################################]
@END

At c_hdl Exit (Real Time elapsed 0h:00m:00s; CPU Time elapsed 0h:00m:00s; Memory used current: 3MB peak: 4MB)

Process took 0h:00m:01s realtime, 0h:00m:01s cputime

Process completed successfully.
# Wed Sep 26 14:14:30 2018

###########################################################]
Synopsys Netlist Linker, version comp2017q2p1, Build 190R, built Aug  4 2017
@N|Running in 64-bit mode
File C:\Users\asdf1\Documents\DigitalDesign\EjercicioRecuperacion\impl1\synwork\EjercicioRec1_impl1_comp.srs changed - recompiling

At syn_nfilter Exit (Real Time elapsed 0h:00m:00s; CPU Time elapsed 0h:00m:00s; Memory used current: 67MB peak: 68MB)

Process took 0h:00m:01s realtime, 0h:00m:01s cputime

Process completed successfully.
# Wed Sep 26 14:14:31 2018

###########################################################]
Pre-mapping Report

# Wed Sep 26 14:14:31 2018

Synopsys Lattice Technology Pre-mapping, Version maplat, Build 1796R, Built Aug  4 2017 11:10:16
Copyright (C) 1994-2017 Synopsys, Inc. This Synopsys software and all associated documentation are proprietary to Synopsys, Inc. and may only be used pursuant to the terms and conditions of a written license agreement with Synopsys, Inc. All other use, reproduction, modification, or distribution of the Synopsys software or the associated documentation is strictly prohibited.
Product Version M-2017.03L-SP1-1

Mapper Startup Complete (Real Time elapsed 0h:00m:00s; CPU Time elapsed 0h:00m:00s; Memory used current: 99MB peak: 100MB)

@A: MF827 |No constraint file specified.
@L: C:\Users\asdf1\Documents\DigitalDesign\EjercicioRecuperacion\impl1\EjercicioRec1_impl1_scck.rpt 
Printing clock  summary report in "C:\Users\asdf1\Documents\DigitalDesign\EjercicioRecuperacion\impl1\EjercicioRec1_impl1_scck.rpt" file 
@N: MF248 |Running in 64-bit mode.
@N: MF666 |Clock conversion enabled. (Command "set_option -fix_gated_and_generated_clocks 1" in the project file.)

Design Input Complete (Real Time elapsed 0h:00m:00s; CPU Time elapsed 0h:00m:00s; Memory used current: 100MB peak: 102MB)


Mapper Initialization Complete (Real Time elapsed 0h:00m:00s; CPU Time elapsed 0h:00m:00s; Memory used current: 100MB peak: 102MB)


Start loading timing files (Real Time elapsed 0h:00m:00s; CPU Time elapsed 0h:00m:00s; Memory used current: 111MB peak: 112MB)


Finished loading timing files (Real Time elapsed 0h:00m:00s; CPU Time elapsed 0h:00m:00s; Memory used current: 111MB peak: 114MB)

@W: FX474 |User-specified initial value defined for some sequential elements which can prevent optimum synthesis results from being achieved. 
ICG Latch Removal Summary:
Number of ICG latches removed:	0
Number of ICG latches not removed:	0
syn_allowed_resources : blockrams=26  set on top level netlist ejercicio

Finished netlist restructuring (Real Time elapsed 0h:00m:00s; CPU Time elapsed 0h:00m:00s; Memory used current: 139MB peak: 141MB)



Clock Summary
******************

          Start                                   Requested     Requested     Clock                                             Clock                   Clock
Level     Clock                                   Frequency     Period        Type                                              Group                   Load 
-------------------------------------------------------------------------------------------------------------------------------------------------------------
0 -       ejercicio|clk_0_inferred_clock          26.6 MHz      37.594        inferred                                          Inferred_clkgroup_0     26   
1 .         ejercicio|blink_LED_derived_clock     26.6 MHz      37.594        derived (from ejercicio|clk_0_inferred_clock)     Inferred_clkgroup_0     16   
=============================================================================================================================================================

@W: MT529 :"c:\users\asdf1\documents\digitaldesign\ejerciciorecuperacion\eje1.vhd":39:2:39:3|Found inferred clock ejercicio|clk_0_inferred_clock which controls 26 sequential elements including clk_low. This clock has no specified timing constraint which may prevent conversion of gated or generated clocks and may adversely impact design performance. 

Finished Pre Mapping Phase.

Starting constraint checker (Real Time elapsed 0h:00m:00s; CPU Time elapsed 0h:00m:00s; Memory used current: 139MB peak: 141MB)


Finished constraint checker preprocessing (Real Time elapsed 0h:00m:00s; CPU Time elapsed 0h:00m:00s; Memory used current: 139MB peak: 141MB)

None
None

Finished constraint checker (Real Time elapsed 0h:00m:00s; CPU Time elapsed 0h:00m:00s; Memory used current: 139MB peak: 141MB)

Pre-mapping successful!

At Mapper Exit (Real Time elapsed 0h:00m:00s; CPU Time elapsed 0h:00m:00s; Memory used current: 55MB peak: 141MB)

Process took 0h:00m:01s realtime, 0h:00m:01s cputime
# Wed Sep 26 14:14:32 2018

###########################################################]
Map & Optimize Report

# Wed Sep 26 14:14:33 2018

Synopsys Lattice Technology Mapper, Version maplat, Build 1796R, Built Aug  4 2017 11:10:16
Copyright (C) 1994-2017 Synopsys, Inc. This Synopsys software and all associated documentation are proprietary to Synopsys, Inc. and may only be used pursuant to the terms and conditions of a written license agreement with Synopsys, Inc. All other use, reproduction, modification, or distribution of the Synopsys software or the associated documentation is strictly prohibited.
Product Version M-2017.03L-SP1-1

Mapper Startup Complete (Real Time elapsed 0h:00m:00s; CPU Time elapsed 0h:00m:00s; Memory used current: 99MB peak: 99MB)

@N: MF248 |Running in 64-bit mode.
@N: MF666 |Clock conversion enabled. (Command "set_option -fix_gated_and_generated_clocks 1" in the project file.)

Design Input Complete (Real Time elapsed 0h:00m:00s; CPU Time elapsed 0h:00m:00s; Memory used current: 98MB peak: 100MB)


Mapper Initialization Complete (Real Time elapsed 0h:00m:00s; CPU Time elapsed 0h:00m:00s; Memory used current: 99MB peak: 100MB)


Start loading timing files (Real Time elapsed 0h:00m:00s; CPU Time elapsed 0h:00m:00s; Memory used current: 111MB peak: 112MB)


Finished loading timing files (Real Time elapsed 0h:00m:00s; CPU Time elapsed 0h:00m:00s; Memory used current: 111MB peak: 114MB)



Starting Optimization and Mapping (Real Time elapsed 0h:00m:00s; CPU Time elapsed 0h:00m:00s; Memory used current: 139MB peak: 141MB)


Available hyper_sources - for debug and ip models
	None Found


Finished RTL optimizations (Real Time elapsed 0h:00m:00s; CPU Time elapsed 0h:00m:00s; Memory used current: 139MB peak: 141MB)


Starting factoring (Real Time elapsed 0h:00m:00s; CPU Time elapsed 0h:00m:00s; Memory used current: 139MB peak: 141MB)


Finished factoring (Real Time elapsed 0h:00m:00s; CPU Time elapsed 0h:00m:00s; Memory used current: 139MB peak: 141MB)


Starting gated-clock and generated-clock conversion (Real Time elapsed 0h:00m:00s; CPU Time elapsed 0h:00m:00s; Memory used current: 139MB peak: 141MB)


Finished gated-clock and generated-clock conversion (Real Time elapsed 0h:00m:00s; CPU Time elapsed 0h:00m:00s; Memory used current: 139MB peak: 141MB)


Finished generic timing optimizations - Pass 1 (Real Time elapsed 0h:00m:00s; CPU Time elapsed 0h:00m:00s; Memory used current: 139MB peak: 141MB)


Starting Early Timing Optimization (Real Time elapsed 0h:00m:00s; CPU Time elapsed 0h:00m:00s; Memory used current: 140MB peak: 141MB)


Finished Early Timing Optimization (Real Time elapsed 0h:00m:00s; CPU Time elapsed 0h:00m:00s; Memory used current: 140MB peak: 141MB)


Finished generic timing optimizations - Pass 2 (Real Time elapsed 0h:00m:00s; CPU Time elapsed 0h:00m:00s; Memory used current: 140MB peak: 141MB)


Finished preparing to map (Real Time elapsed 0h:00m:00s; CPU Time elapsed 0h:00m:00s; Memory used current: 139MB peak: 141MB)


Finished technology mapping (Real Time elapsed 0h:00m:00s; CPU Time elapsed 0h:00m:00s; Memory used current: 139MB peak: 141MB)

Pass		 CPU time		Worst Slack		Luts / Registers
------------------------------------------------------------
   1		0h:00m:00s		    30.59ns		  11 /        42

Finished technology timing optimizations and critical path resynthesis (Real Time elapsed 0h:00m:00s; CPU Time elapsed 0h:00m:00s; Memory used current: 139MB peak: 141MB)

@N: FX164 |The option to pack registers in the IOB has not been specified. Please set syn_useioff attribute.  

Finished restoring hierarchy (Real Time elapsed 0h:00m:00s; CPU Time elapsed 0h:00m:00s; Memory used current: 139MB peak: 141MB)

@N: MT611 :|Automatically generated clock ejercicio|blink_LED_derived_clock is not used and is being removed


@S |Clock Optimization Summary


#### START OF CLOCK OPTIMIZATION REPORT #####[

0 non-gated/non-generated clock tree(s) driving 0 clock pin(s) of sequential element(s)
1 gated/generated clock tree(s) driving 42 clock pin(s) of sequential element(s)
0 instances converted, 42 sequential instances remain driven by gated/generated clocks

================================================================================================= Gated/Generated Clocks =================================================================================================
Clock Tree ID     Driving Element     Drive Element Type     Fanout     Sample Instance     Explanation                                                                                                                   
--------------------------------------------------------------------------------------------------------------------------------------------------------------------------------------------------------------------------
@K:CKID0001       OSCInst0            OSCH                   42         clk_low             Gating structure creates improper gating logic. See the Gated Clocks description in the user guide for conversion requirements
==========================================================================================================================================================================================================================


##### END OF CLOCK OPTIMIZATION REPORT ######]


Start Writing Netlists (Real Time elapsed 0h:00m:00s; CPU Time elapsed 0h:00m:00s; Memory used current: 106MB peak: 141MB)

Writing Analyst data base C:\Users\asdf1\Documents\DigitalDesign\EjercicioRecuperacion\impl1\synwork\EjercicioRec1_impl1_m.srm

Finished Writing Netlist Databases (Real Time elapsed 0h:00m:00s; CPU Time elapsed 0h:00m:00s; Memory used current: 139MB peak: 141MB)

Writing EDIF Netlist and constraint files
@N: FX1056 |Writing EDF file: C:\Users\asdf1\Documents\DigitalDesign\EjercicioRecuperacion\impl1\EjercicioRec1_impl1.edi
M-2017.03L-SP1-1
@N: BW106 |Synplicity Constraint File capacitance units using default value of 1pF 

Finished Writing EDIF Netlist and constraint files (Real Time elapsed 0h:00m:01s; CPU Time elapsed 0h:00m:01s; Memory used current: 143MB peak: 145MB)


Start final timing analysis (Real Time elapsed 0h:00m:01s; CPU Time elapsed 0h:00m:01s; Memory used current: 144MB peak: 145MB)

@W: MT420 |Found inferred clock ejercicio|clk_0_inferred_clock with period 37.59ns. Please declare a user-defined clock on object "n:clk_0"


##### START OF TIMING REPORT #####[
# Timing Report written on Wed Sep 26 14:14:34 2018
#


Top view:               ejercicio
Requested Frequency:    26.6 MHz
Wire load mode:         top
Paths requested:        5
Constraint File(s):    
@N: MT320 |This timing report is an estimate of place and route data. For final timing results, use the FPGA vendor place and route report.

@N: MT322 |Clock constraints include only register-to-register paths associated with each individual clock.



Performance Summary
*******************


Worst slack in design: 29.386

                                   Requested     Estimated     Requested     Estimated                Clock        Clock              
Starting Clock                     Frequency     Frequency     Period        Period        Slack      Type         Group              
--------------------------------------------------------------------------------------------------------------------------------------
ejercicio|clk_0_inferred_clock     26.6 MHz      121.8 MHz     37.594        8.208         29.386     inferred     Inferred_clkgroup_0
System                             1.0 MHz       NA            1000.000      NA            NA         system       system_clkgroup    
======================================================================================================================================
Estimated period and frequency reported as NA means no slack depends directly on the clock waveform





Clock Relationships
*******************

Clocks                                                          |    rise  to  rise    |    fall  to  fall   |    rise  to  fall   |    fall  to  rise 
-------------------------------------------------------------------------------------------------------------------------------------------------------
Starting                        Ending                          |  constraint  slack   |  constraint  slack  |  constraint  slack  |  constraint  slack
-------------------------------------------------------------------------------------------------------------------------------------------------------
ejercicio|clk_0_inferred_clock  ejercicio|clk_0_inferred_clock  |  37.594      29.386  |  No paths    -      |  No paths    -      |  No paths    -    
=======================================================================================================================================================
 Note: 'No paths' indicates there are no paths in the design for that pair of clock edges.
       'Diff grp' indicates that paths exist but the starting clock and ending clock are in different clock groups.



Interface Information 
*********************

No IO constraint found



====================================
Detailed Report for Clock: ejercicio|clk_0_inferred_clock
====================================



Starting Points with Worst Slack
********************************

              Starting                                                             Arrival           
Instance      Reference                          Type        Pin     Net           Time        Slack 
              Clock                                                                                  
-----------------------------------------------------------------------------------------------------
count[9]      ejercicio|clk_0_inferred_clock     FD1S3IX     Q       count[9]      1.044       29.386
count[10]     ejercicio|clk_0_inferred_clock     FD1S3IX     Q       count[10]     1.044       29.386
count[11]     ejercicio|clk_0_inferred_clock     FD1S3AX     Q       count[11]     1.044       29.386
count[14]     ejercicio|clk_0_inferred_clock     FD1S3AX     Q       count[14]     1.044       29.386
count[15]     ejercicio|clk_0_inferred_clock     FD1S3AX     Q       count[15]     1.044       29.386
count[16]     ejercicio|clk_0_inferred_clock     FD1S3AX     Q       count[16]     1.044       29.386
count[12]     ejercicio|clk_0_inferred_clock     FD1S3IX     Q       count[12]     1.044       30.402
count[13]     ejercicio|clk_0_inferred_clock     FD1S3IX     Q       count[13]     1.044       30.402
count[17]     ejercicio|clk_0_inferred_clock     FD1S3IX     Q       count[17]     1.044       31.419
count[18]     ejercicio|clk_0_inferred_clock     FD1S3IX     Q       count[18]     1.044       31.419
=====================================================================================================


Ending Points with Worst Slack
******************************

              Starting                                                                             Required           
Instance      Reference                          Type         Pin     Net                          Time         Slack 
              Clock                                                                                                   
----------------------------------------------------------------------------------------------------------------------
d_0io[0]      ejercicio|clk_0_inferred_clock     OFS1P3DX     SP      rst_pad_RNIM9O11             37.122       29.386
d_0io[1]      ejercicio|clk_0_inferred_clock     OFS1P3DX     SP      rst_pad_RNIM9O11             37.122       29.386
d_0io[2]      ejercicio|clk_0_inferred_clock     OFS1P3DX     SP      rst_pad_RNIM9O11             37.122       29.386
d_0io[3]      ejercicio|clk_0_inferred_clock     OFS1P3DX     SP      rst_pad_RNIM9O11             37.122       29.386
count[0]      ejercicio|clk_0_inferred_clock     FD1S3IX      CD      P_blink_LED\.un2_count_i     36.791       30.263
count[9]      ejercicio|clk_0_inferred_clock     FD1S3IX      CD      P_blink_LED\.un2_count_i     36.791       30.263
count[10]     ejercicio|clk_0_inferred_clock     FD1S3IX      CD      P_blink_LED\.un2_count_i     36.791       30.263
count[12]     ejercicio|clk_0_inferred_clock     FD1S3IX      CD      P_blink_LED\.un2_count_i     36.791       30.263
count[13]     ejercicio|clk_0_inferred_clock     FD1S3IX      CD      P_blink_LED\.un2_count_i     36.791       30.263
count[17]     ejercicio|clk_0_inferred_clock     FD1S3IX      CD      P_blink_LED\.un2_count_i     36.791       30.263
======================================================================================================================



Worst Path Information
***********************


Path information for path number 1: 
      Requested Period:                      37.594
    - Setup time:                            0.472
    + Clock delay at ending point:           0.000 (ideal)
    = Required time:                         37.122

    - Propagation time:                      7.737
    - Clock delay at starting point:         0.000 (ideal)
    = Slack (critical) :                     29.386

    Number of logic level(s):                6
    Starting point:                          count[9] / Q
    Ending point:                            d_0io[0] / SP
    The start point is clocked by            ejercicio|clk_0_inferred_clock [rising] on pin CK
    The end   point is clocked by            ejercicio|clk_0_inferred_clock [rising] on pin SCLK

Instance / Net                               Pin      Pin               Arrival     No. of    
Name                            Type         Name     Dir     Delay     Time        Fan Out(s)
----------------------------------------------------------------------------------------------
count[9]                        FD1S3IX      Q        Out     1.044     1.044       -         
count[9]                        Net          -        -       -         -           2         
P_blink_LED\.un2_countlto11     ORCALUT4     A        In      0.000     1.044       -         
P_blink_LED\.un2_countlto11     ORCALUT4     Z        Out     1.017     2.061       -         
P_blink_LED\.un2_countlt13      Net          -        -       -         -           1         
P_blink_LED\.un2_countlto16     ORCALUT4     A        In      0.000     2.061       -         
P_blink_LED\.un2_countlto16     ORCALUT4     Z        Out     1.017     3.077       -         
P_blink_LED\.un2_countlt19      Net          -        -       -         -           1         
P_blink_LED\.un2_countlto19     ORCALUT4     A        In      0.000     3.077       -         
P_blink_LED\.un2_countlto19     ORCALUT4     Z        Out     1.017     4.094       -         
P_blink_LED\.un2_countlt20      Net          -        -       -         -           1         
P_blink_LED\.un2_countlto22     ORCALUT4     A        In      0.000     4.094       -         
P_blink_LED\.un2_countlto22     ORCALUT4     Z        Out     1.153     5.247       -         
P_blink_LED\.un2_countlt23      Net          -        -       -         -           3         
clk_low_RNI9PTU                 ORCALUT4     A        In      0.000     5.247       -         
clk_low_RNI9PTU                 ORCALUT4     Z        Out     1.297     6.544       -         
clk_low_RNI9PTU                 Net          -        -       -         -           13        
rst_pad_RNIM9O11                ORCALUT4     A        In      0.000     6.544       -         
rst_pad_RNIM9O11                ORCALUT4     Z        Out     1.193     7.737       -         
rst_pad_RNIM9O11                Net          -        -       -         -           4         
d_0io[0]                        OFS1P3DX     SP       In      0.000     7.737       -         
==============================================================================================



##### END OF TIMING REPORT #####]

Timing exceptions that could not be applied
None

Finished final timing analysis (Real Time elapsed 0h:00m:01s; CPU Time elapsed 0h:00m:01s; Memory used current: 144MB peak: 145MB)


Finished timing report (Real Time elapsed 0h:00m:01s; CPU Time elapsed 0h:00m:01s; Memory used current: 144MB peak: 145MB)

---------------------------------------
Resource Usage Report
Part: lcmxo2_7000he-5

Register bits: 42 of 6864 (1%)
PIC Latch:       0
I/O cells:       11


Details:
CCU2D:          13
FD1P3DX:        8
FD1S3AX:        15
FD1S3IX:        11
GSR:            1
IB:             5
IFS1P3DX:       4
INV:            2
OB:             6
OFS1P3DX:       4
ORCALUT4:       9
OSCH:           1
PUR:            1
VHI:            1
VLO:            1
Mapper successful!

At Mapper Exit (Real Time elapsed 0h:00m:01s; CPU Time elapsed 0h:00m:01s; Memory used current: 31MB peak: 145MB)

Process took 0h:00m:01s realtime, 0h:00m:01s cputime
# Wed Sep 26 14:14:34 2018

###########################################################]


Synthesis exit by 0.

edif2ngd  -l "MachXO2" -d LCMXO2-7000HE -path "C:/Users/asdf1/Documents/DigitalDesign/EjercicioRecuperacion/impl1" -path "C:/Users/asdf1/Documents/DigitalDesign/EjercicioRecuperacion"   "C:/Users/asdf1/Documents/DigitalDesign/EjercicioRecuperacion/impl1/EjercicioRec1_impl1.edi" "EjercicioRec1_impl1.ngo"   
edif2ngd:  version Diamond (64-bit) 3.10.0.111.2

Copyright (c) 1991-1994 by NeoCAD Inc. All rights reserved.
Copyright (c) 1995 AT&T Corp.   All rights reserved.
Copyright (c) 1995-2001 Lucent Technologies Inc.  All rights reserved.
Copyright (c) 2001 Agere Systems   All rights reserved.
Copyright (c) 2002-2017 Lattice Semiconductor Corporation,  All rights reserved.
Writing the design to EjercicioRec1_impl1.ngo...

Total CPU Time: 0 secs  

Total REAL Time: 0 secs  


ngdbuild  -a "MachXO2" -d LCMXO2-7000HE  -p "C:/lscc/diamond/3.10_x64/ispfpga/xo2c00/data"  -p "C:/Users/asdf1/Documents/DigitalDesign/EjercicioRecuperacion/impl1" -p "C:/Users/asdf1/Documents/DigitalDesign/EjercicioRecuperacion"  "EjercicioRec1_impl1.ngo" "EjercicioRec1_impl1.ngd"  	
ngdbuild:  version Diamond (64-bit) 3.10.0.111.2

Copyright (c) 1991-1994 by NeoCAD Inc. All rights reserved.
Copyright (c) 1995 AT&T Corp.   All rights reserved.
Copyright (c) 1995-2001 Lucent Technologies Inc.  All rights reserved.
Copyright (c) 2001 Agere Systems   All rights reserved.
Copyright (c) 2002-2017 Lattice Semiconductor Corporation,  All rights reserved.
Reading 'EjercicioRec1_impl1.ngo' ...
Loading NGL library 'C:/lscc/diamond/3.10_x64/ispfpga/xo2c00a/data/xo2alib.ngl'...
Loading NGL library 'C:/lscc/diamond/3.10_x64/ispfpga/xo2c00/data/xo2clib.ngl'...
Loading NGL library 'C:/lscc/diamond/3.10_x64/ispfpga/mg5g00/data/mg5glib.ngl'...
Loading NGL library 'C:/lscc/diamond/3.10_x64/ispfpga/or5g00/data/orc5glib.ngl'...


Running DRC...

    <postMsg mid="1166052" type="Warning" dynamic="2" navigation="1" arg0="logical" arg1="OSCInst0_SEDSTDBY" arg2="OSCInst0_SEDSTDBY"  />
    <postMsg mid="1163101" type="Warning" dynamic="1" navigation="0" arg0="1"  />

Design Results:
     81 blocks expanded
Complete the first expansion.
Writing 'EjercicioRec1_impl1.ngd' ...
Total CPU Time: 0 secs  

Total REAL Time: 0 secs  


map -a "MachXO2" -p LCMXO2-7000HE -t TQFP144 -s 5 -oc Commercial   "EjercicioRec1_impl1.ngd" -o "EjercicioRec1_impl1_map.ncd" -pr "EjercicioRec1_impl1.prf" -mp "EjercicioRec1_impl1.mrp" -lpf "C:/Users/asdf1/Documents/DigitalDesign/EjercicioRecuperacion/impl1/EjercicioRec1_impl1_synplify.lpf" -lpf "C:/Users/asdf1/Documents/DigitalDesign/EjercicioRecuperacion/EjercicioRec1.lpf" -c 0            
map:  version Diamond (64-bit) 3.10.0.111.2

Copyright (c) 1991-1994 by NeoCAD Inc. All rights reserved.
Copyright (c) 1995 AT&T Corp.   All rights reserved.
Copyright (c) 1995-2001 Lucent Technologies Inc.  All rights reserved.
Copyright (c) 2001 Agere Systems   All rights reserved.
Copyright (c) 2002-2017 Lattice Semiconductor Corporation,  All rights reserved.
   Process the file: EjercicioRec1_impl1.ngd
   Picdevice="LCMXO2-7000HE"

   Pictype="TQFP144"

   Picspeed=5

   Remove unused logic

   Do not produce over sized NCDs.

Part used: LCMXO2-7000HETQFP144, Performance used: 5.

Loading device for application map from file 'xo2c7000.nph' in environment: C:/lscc/diamond/3.10_x64/ispfpga.
Package Status:                     Final          Version 1.39.

Running general design DRC...

Removing unused logic...

Optimizing...

1 CCU2 constant inputs absorbed.

    <postMsg mid="51001030" type="Warning" dynamic="1" navigation="0" arg0="rst_c"  />



Design Summary:
   Number of registers:     42 out of  7209 (1%)
      PFU registers:           34 out of  6864 (0%)
      PIO registers:            8 out of   345 (2%)
   Number of SLICEs:        19 out of  3432 (1%)
      SLICEs as Logic/ROM:     19 out of  3432 (1%)
      SLICEs as RAM:            0 out of  2574 (0%)
      SLICEs as Carry:         13 out of  3432 (0%)
   Number of LUT4s:         36 out of  6864 (1%)
      Number used as logic LUTs:         10
      Number used as distributed RAM:     0
      Number used as ripple logic:       26
      Number used as shift registers:     0
   Number of PIO sites used: 11 + 4(JTAG) out of 115 (13%)
   Number of block RAMs:  0 out of 26 (0%)
   Number of GSRs:  1 out of 1 (100%)
   EFB used :       No
   JTAG used :      No
   Readback used :  No
   Oscillator used :  Yes
   Startup used :   No
   POR :            On
   Bandgap :        On
   Number of Power Controller:  0 out of 1 (0%)
   Number of Dynamic Bank Controller (BCINRD):  0 out of 6 (0%)
   Number of Dynamic Bank Controller (BCLVDSO):  0 out of 1 (0%)
   Number of DCCA:  0 out of 8 (0%)
   Number of DCMA:  0 out of 2 (0%)
   Number of PLLs:  0 out of 2 (0%)
   Number of DQSDLLs:  0 out of 2 (0%)
   Number of CLKDIVC:  0 out of 4 (0%)
   Number of ECLKSYNCA:  0 out of 4 (0%)
   Number of ECLKBRIDGECS:  0 out of 2 (0%)
   Notes:-
      1. Total number of LUT4s = (Number of logic LUT4s) + 2*(Number of distributed RAMs) + 2*(Number of ripple logic)
      2. Number of logic LUT4s does not include count of distributed RAM and ripple logic.
   Number of clocks:  1
     Net clk_0_0: 27 loads, 27 rising, 0 falling (Driver: OSCInst0 )
   Number of Clock Enables:  2
     Net clk_low_RNI9PTU: 8 loads, 4 LSLICEs
     Net rst_pad_RNIM9O11: 4 loads, 0 LSLICEs
   Number of local set/reset loads for net rst_c merged into GSR:  12
   Number of LSRs:  1
     Net P_blink_LED.un2_count_i: 7 loads, 7 LSLICEs
   Number of nets driven by tri-state buffers:  0
   Top 10 highest fanout non-clock nets:
     Net clk_low_RNI9PTU: 9 loads
     Net P_blink_LED.un2_count_i: 7 loads
     Net count[23]: 4 loads
     Net count[24]: 4 loads
     Net rst_pad_RNIM9O11: 4 loads
     Net blink_LED_c: 3 loads
     Net P_blink_LED.un2_countlt23: 3 loads
     Net count[0]: 2 loads
     Net count[14]: 2 loads
     Net count[15]: 2 loads
 

   Number of warnings:  1
   Number of errors:    0



Total CPU Time: 0 secs  
Total REAL Time: 0 secs  
Peak Memory Usage: 57 MB

Dumping design to file EjercicioRec1_impl1_map.ncd.

mpartrce -p "EjercicioRec1_impl1.p2t" -f "EjercicioRec1_impl1.p3t" -tf "EjercicioRec1_impl1.pt" "EjercicioRec1_impl1_map.ncd" "EjercicioRec1_impl1.ncd"

---- MParTrce Tool ----
Removing old design directory at request of -rem command line option to this program.
Running par. Please wait . . .

Lattice Place and Route Report for Design "EjercicioRec1_impl1_map.ncd"
Wed Sep 26 14:14:37 2018

PAR: Place And Route Diamond (64-bit) 3.10.0.111.2.
Command Line: par -w -l 5 -i 6 -t 1 -c 0 -e 0 -gui -msgset C:/Users/asdf1/Documents/DigitalDesign/EjercicioRecuperacion/promote.xml -exp parUseNBR=1:parCDP=0:parCDR=0:parPathBased=OFF EjercicioRec1_impl1_map.ncd EjercicioRec1_impl1.dir/5_1.ncd EjercicioRec1_impl1.prf
Preference file: EjercicioRec1_impl1.prf.
Placement level-cost: 5-1.
Routing Iterations: 6

Loading design for application par from file EjercicioRec1_impl1_map.ncd.
Design name: ejercicio
NCD version: 3.3
Vendor:      LATTICE
Device:      LCMXO2-7000HE
Package:     TQFP144
Performance: 5
Loading device for application par from file 'xo2c7000.nph' in environment: C:/lscc/diamond/3.10_x64/ispfpga.
Package Status:                     Final          Version 1.39.
Performance Hardware Data Status:   Final          Version 34.4.
License checked out.


Ignore Preference Error(s):  True
Device utilization summary:

   PIO (prelim)   11+4(JTAG)/336     4% used
                  11+4(JTAG)/115     13% bonded
   IOLOGIC            8/336           2% used

   SLICE             19/3432         <1% used

   GSR                1/1           100% used
   OSC                1/1           100% used


Number of Signals: 94
Number of Connections: 164

Pin Constraint Summary:
   11 out of 11 pins locked (100% locked).

The following 1 signal is selected to use the primary clock routing resources:
    clk_0_0 (driver: OSCInst0, clk load #: 27)


No signal is selected as secondary clock.

Signal rst_c is selected as Global Set/Reset.
Starting Placer Phase 0.

Finished Placer Phase 0.  REAL time: 0 secs 

Starting Placer Phase 1.
..................
Placer score = 17102.
Finished Placer Phase 1.  REAL time: 5 secs 

Starting Placer Phase 2.
.
Placer score =  17102
Finished Placer Phase 2.  REAL time: 5 secs 


------------------ Clock Report ------------------

Global Clock Resources:
  CLK_PIN    : 0 out of 8 (0%)
  PLL        : 0 out of 2 (0%)
  DCM        : 0 out of 2 (0%)
  DCC        : 0 out of 8 (0%)

Quadrants All (TL, TR, BL, BR) - Global Clocks:
  PRIMARY "clk_0_0" from OSC on comp "OSCInst0" on site "OSC", clk load = 27

  PRIMARY  : 1 out of 8 (12%)
  SECONDARY: 0 out of 8 (0%)

Edge Clocks:
  No edge clock selected.

--------------- End of Clock Report ---------------


I/O Usage Summary (final):
   11 + 4(JTAG) out of 336 (4.5%) PIO sites used.
   11 + 4(JTAG) out of 115 (13.0%) bonded PIO sites used.
   Number of PIO comps: 11; differential: 0.
   Number of Vref pins used: 0.

I/O Bank Usage Summary:
+----------+---------------+------------+-----------+
| I/O Bank | Usage         | Bank Vccio | Bank Vref |
+----------+---------------+------------+-----------+
| 0        | 0 / 28 (  0%) | -          | -         |
| 1        | 0 / 29 (  0%) | -          | -         |
| 2        | 6 / 29 ( 20%) | 2.5V       | -         |
| 3        | 0 / 9 (  0%)  | -          | -         |
| 4        | 0 / 10 (  0%) | -          | -         |
| 5        | 5 / 10 ( 50%) | 2.5V       | -         |
+----------+---------------+------------+-----------+

Total placer CPU time: 4 secs 

Dumping design to file EjercicioRec1_impl1.dir/5_1.ncd.

0 connections routed; 164 unrouted.
Starting router resource preassignment

Completed router resource preassignment. Real time: 6 secs 

Start NBR router at 14:14:43 09/26/18

*****************************************************************
Info: NBR allows conflicts(one node used by more than one signal)
      in the earlier iterations. In each iteration, it tries to  
      solve the conflicts while keeping the critical connections 
      routed as short as possible. The routing process is said to
      be completed when no conflicts exist and all connections   
      are routed.                                                
Note: NBR uses a different method to calculate timing slacks. The
      worst slack and total negative slack may not be the same as
      that in TRCE report. You should always run TRCE to verify  
      your design.                                               
*****************************************************************

Start NBR special constraint process at 14:14:43 09/26/18

Start NBR section for initial routing at 14:14:43 09/26/18
Level 4, iteration 1
6(0.00%) conflicts; 0(0.00%) untouched conn; 0 (nbr) score; 
Estimated worst slack/total negative slack<setup>: 27.033ns/0.000ns; real time: 6 secs 

Info: Initial congestion level at 75% usage is 0
Info: Initial congestion area  at 75% usage is 0 (0.00%)

Start NBR section for normal routing at 14:14:43 09/26/18
Level 4, iteration 1
4(0.00%) conflicts; 0(0.00%) untouched conn; 0 (nbr) score; 
Estimated worst slack/total negative slack<setup>: 27.150ns/0.000ns; real time: 6 secs 
Level 4, iteration 2
2(0.00%) conflicts; 0(0.00%) untouched conn; 0 (nbr) score; 
Estimated worst slack/total negative slack<setup>: 27.150ns/0.000ns; real time: 6 secs 
Level 4, iteration 3
1(0.00%) conflict; 0(0.00%) untouched conn; 0 (nbr) score; 
Estimated worst slack/total negative slack<setup>: 27.150ns/0.000ns; real time: 6 secs 
Level 4, iteration 4
0(0.00%) conflict; 0(0.00%) untouched conn; 0 (nbr) score; 
Estimated worst slack/total negative slack<setup>: 27.150ns/0.000ns; real time: 6 secs 

Start NBR section for setup/hold timing optimization with effort level 3 at 14:14:43 09/26/18

Start NBR section for re-routing at 14:14:43 09/26/18
Level 4, iteration 1
0(0.00%) conflict; 0(0.00%) untouched conn; 0 (nbr) score; 
Estimated worst slack/total negative slack<setup>: 27.150ns/0.000ns; real time: 6 secs 

Start NBR section for post-routing at 14:14:43 09/26/18

End NBR router with 0 unrouted connection

NBR Summary
-----------
  Number of unrouted connections : 0 (0.00%)
  Number of connections with timing violations : 0 (0.00%)
  Estimated worst slack<setup> : 27.150ns
  Timing score<setup> : 0
-----------
Notes: The timing info is calculated for SETUP only and all PAR_ADJs are ignored.



Total CPU time 5 secs 
Total REAL time: 7 secs 
Completely routed.
End of route.  164 routed (100.00%); 0 unrouted.

Hold time timing score: 0, hold timing errors: 0

Timing score: 0 

Dumping design to file EjercicioRec1_impl1.dir/5_1.ncd.


PAR_SUMMARY::Run status = Success
PAR_SUMMARY::Number of unrouted conns = 0
PAR_SUMMARY::Worst  slack<setup/<ns>> = 27.150
PAR_SUMMARY::Timing score<setup/<ns>> = 0.000
PAR_SUMMARY::Worst  slack<hold /<ns>> = 0.304
PAR_SUMMARY::Timing score<hold /<ns>> = 0.000
PAR_SUMMARY::Number of errors = 0

Total CPU  time to completion: 5 secs 
Total REAL time to completion: 7 secs 

par done!

Copyright (c) 1991-1994 by NeoCAD Inc. All rights reserved.
Copyright (c) 1995 AT&T Corp.   All rights reserved.
Copyright (c) 1995-2001 Lucent Technologies Inc.  All rights reserved.
Copyright (c) 2001 Agere Systems   All rights reserved.
Copyright (c) 2002-2017 Lattice Semiconductor Corporation,  All rights reserved.
Exiting par with exit code 0
Exiting mpartrce with exit code 0

bitgen -f "EjercicioRec1_impl1.t2b" -w "EjercicioRec1_impl1.ncd" -jedec "EjercicioRec1_impl1.prf"


BITGEN: Bitstream Generator Diamond (64-bit) 3.10.0.111.2
Copyright (c) 1991-1994 by NeoCAD Inc. All rights reserved.
Copyright (c) 1995 AT&T Corp.   All rights reserved.
Copyright (c) 1995-2001 Lucent Technologies Inc.  All rights reserved.
Copyright (c) 2001 Agere Systems   All rights reserved.
Copyright (c) 2002-2017 Lattice Semiconductor Corporation,  All rights reserved.


Loading design for application Bitgen from file EjercicioRec1_impl1.ncd.
Design name: ejercicio
NCD version: 3.3
Vendor:      LATTICE
Device:      LCMXO2-7000HE
Package:     TQFP144
Performance: 5
Loading device for application Bitgen from file 'xo2c7000.nph' in environment: C:/lscc/diamond/3.10_x64/ispfpga.
Package Status:                     Final          Version 1.39.
Performance Hardware Data Status:   Final          Version 34.4.

Running DRC.
DRC detected 0 errors and 0 warnings.
Reading Preference File from EjercicioRec1_impl1.prf.

Preference Summary:
+---------------------------------+---------------------------------+
|  Preference                     |  Current Setting                |
+---------------------------------+---------------------------------+
|                         RamCfg  |                        Reset**  |
+---------------------------------+---------------------------------+
|                     MCCLK_FREQ  |                         2.08**  |
+---------------------------------+---------------------------------+
|                  CONFIG_SECURE  |                          OFF**  |
+---------------------------------+---------------------------------+
|                          INBUF  |                           ON**  |
+---------------------------------+---------------------------------+
|                      JTAG_PORT  |                       ENABLE**  |
+---------------------------------+---------------------------------+
|                       SDM_PORT  |                      DISABLE**  |
+---------------------------------+---------------------------------+
|                 SLAVE_SPI_PORT  |                      DISABLE**  |
+---------------------------------+---------------------------------+
|                MASTER_SPI_PORT  |                      DISABLE**  |
+---------------------------------+---------------------------------+
|                       I2C_PORT  |                      DISABLE**  |
+---------------------------------+---------------------------------+
|        MUX_CONFIGURATION_PORTS  |                      DISABLE**  |
+---------------------------------+---------------------------------+
|                  CONFIGURATION  |                          CFG**  |
+---------------------------------+---------------------------------+
|                COMPRESS_CONFIG  |                           ON**  |
+---------------------------------+---------------------------------+
|                        MY_ASSP  |                          OFF**  |
+---------------------------------+---------------------------------+
|               ONE_TIME_PROGRAM  |                          OFF**  |
+---------------------------------+---------------------------------+
|                 ENABLE_TRANSFR  |                      DISABLE**  |
+---------------------------------+---------------------------------+
|                  SHAREDEBRINIT  |                      DISABLE**  |
+---------------------------------+---------------------------------+
|            BACKGROUND_RECONFIG  |                          OFF**  |
+---------------------------------+---------------------------------+
 *  Default setting.
 ** The specified setting matches the default setting.


Creating bit map...
 
Bitstream Status: Final           Version 1.94.
 
Saving bit stream in "EjercicioRec1_impl1.jed".
 
===========
UFM Summary.
===========
UFM Size:        2046 Pages (128*2046 Bits).
UFM Utilization: General Purpose Flash Memory.
 
Available General Purpose Flash Memory: 2046 Pages (Page 0 to Page 2045).
Initialized UFM Pages:                     0 Page.
 
