# Synopsys Constraint Checker, version maplat, Build 1796R, built Aug  4 2017
# Copyright (C) 1994-2017 Synopsys, Inc. This Synopsys software and all associated documentation are proprietary to Synopsys, Inc. and may only be used pursuant to the terms and conditions of a written license agreement with Synopsys, Inc. All other use, reproduction, modification, or distribution of the Synopsys software or the associated documentation is strictly prohibited.

# Written on Wed Sep 26 14:14:32 2018


##### DESIGN INFO #######################################################

Top View:                "ejercicio"
Constraint File(s):      (none)




##### SUMMARY ############################################################

Found 0 issues in 0 out of 0 constraints


##### DETAILS ############################################################



Clock Relationships
*******************

Starting                              Ending                                |     rise to rise     |     fall to fall     |     rise to fall     |     fall to rise                     
---------------------------------------------------------------------------------------------------------------------------------------------------------------------------------------
ejercicio|clk_0_inferred_clock        ejercicio|clk_0_inferred_clock        |     37.594           |     No paths         |     No paths         |     No paths                         
ejercicio|blink_LED_derived_clock     ejercicio|blink_LED_derived_clock     |     37.594           |     No paths         |     No paths         |     No paths                         
=======================================================================================================================================================================================
 Note: 'No paths' indicates there are no paths in the design for that pair of clock edges.
       'Diff grp' indicates that paths exist but the starting clock and ending clock are in different clock groups.


Unconstrained Start/End Points
******************************

p:d[0]
p:d[1]
p:d[2]
p:d[3]
p:q[0]
p:q[1]
p:q[2]
p:q[3]
p:rst


Inapplicable constraints
************************

(none)


Applicable constraints with issues
**********************************

(none)


Constraints with matching wildcard expressions
**********************************************

(none)


Library Report
**************


# End of Constraint Checker Report
