
synpwrap -msg -prj "Practica5_impl1_synplify.tcl" -log "Practica5_impl1.srf"
Copyright (C) 1992-2017 Lattice Semiconductor Corporation. All rights reserved.
Lattice Diamond Version 3.10.0.111.2
    <postMsg mid="2011000" type="Info"    dynamic="0" navigation="0"  />

==contents of Practica5_impl1.srf
#Build: Synplify Pro (R) M-2017.03L-SP1-1, Build 086R, Aug  4 2017
#install: C:\lscc\diamond\3.10_x64\synpbase
#OS: Windows 8 6.2
#Hostname: DESKTOP-4BVJD33

# Fri Oct  5 00:37:23 2018

#Implementation: impl1

Synopsys HDL Compiler, version comp2017q2p1, Build 190R, built Aug  4 2017
@N|Running in 64-bit mode
Copyright (C) 1994-2017 Synopsys, Inc. This Synopsys software and all associated documentation are proprietary to Synopsys, Inc. and may only be used pursuant to the terms and conditions of a written license agreement with Synopsys, Inc. All other use, reproduction, modification, or distribution of the Synopsys software or the associated documentation is strictly prohibited.

Synopsys VHDL Compiler, version comp2017q2p1, Build 190R, built Aug  4 2017
@N|Running in 64-bit mode
Copyright (C) 1994-2017 Synopsys, Inc. This Synopsys software and all associated documentation are proprietary to Synopsys, Inc. and may only be used pursuant to the terms and conditions of a written license agreement with Synopsys, Inc. All other use, reproduction, modification, or distribution of the Synopsys software or the associated documentation is strictly prohibited.

@N: CD720 :"C:\lscc\diamond\3.10_x64\synpbase\lib\vhd\std.vhd":123:18:123:21|Setting time resolution to ps
@N:"C:\Users\asdf1\Documents\DigitalDesign\Practica5DSD\Practica5.vhd":6:7:6:17|Top entity is set to contadorBCD.
File C:\Users\asdf1\Documents\DigitalDesign\Practica5DSD\Practica5.vhd changed - recompiling
VHDL syntax check successful!
File C:\Users\asdf1\Documents\DigitalDesign\Practica5DSD\Practica5.vhd changed - recompiling
@N: CD630 :"C:\Users\asdf1\Documents\DigitalDesign\Practica5DSD\Practica5.vhd":6:7:6:17|Synthesizing work.contadorbcd.test_osc.
@W: CD276 :"C:\lscc\diamond\3.10_x64\cae_library\synthesis\vhdl\machxo2.vhd":2297:8:2297:15|Map for port sedstdby of component osch not found
@N: CD630 :"C:\lscc\diamond\3.10_x64\cae_library\synthesis\vhdl\machxo2.vhd":2291:10:2291:13|Synthesizing work.osch.syn_black_box.
Post processing for work.osch.syn_black_box
@W: CG296 :"C:\Users\asdf1\Documents\DigitalDesign\Practica5DSD\Practica5.vhd":186:10:186:16|Incomplete sensitivity list; assuming completeness. Make sure all referenced variables in message CG290 are included in the sensitivity list.
@W: CG290 :"C:\Users\asdf1\Documents\DigitalDesign\Practica5DSD\Practica5.vhd":193:30:193:34|Referenced variable disp4 is not in sensitivity list.
@W: CG290 :"C:\Users\asdf1\Documents\DigitalDesign\Practica5DSD\Practica5.vhd":192:30:192:34|Referenced variable disp3 is not in sensitivity list.
@W: CG290 :"C:\Users\asdf1\Documents\DigitalDesign\Practica5DSD\Practica5.vhd":191:30:191:34|Referenced variable disp2 is not in sensitivity list.
@W: CG290 :"C:\Users\asdf1\Documents\DigitalDesign\Practica5DSD\Practica5.vhd":190:30:190:34|Referenced variable disp1 is not in sensitivity list.
Post processing for work.contadorbcd.test_osc

At c_vhdl Exit (Real Time elapsed 0h:00m:00s; CPU Time elapsed 0h:00m:00s; Memory used current: 75MB peak: 76MB)

Process took 0h:00m:01s realtime, 0h:00m:01s cputime

Process completed successfully.
# Fri Oct  5 00:37:24 2018

###########################################################]
Synopsys Netlist Linker, version comp2017q2p1, Build 190R, built Aug  4 2017
@N|Running in 64-bit mode
File C:\Users\asdf1\Documents\DigitalDesign\Practica5DSD\impl1\synwork\layer0.srs changed - recompiling

At syn_nfilter Exit (Real Time elapsed 0h:00m:00s; CPU Time elapsed 0h:00m:00s; Memory used current: 67MB peak: 68MB)

Process took 0h:00m:01s realtime, 0h:00m:01s cputime

Process completed successfully.
# Fri Oct  5 00:37:25 2018

###########################################################]
@END

At c_hdl Exit (Real Time elapsed 0h:00m:00s; CPU Time elapsed 0h:00m:00s; Memory used current: 3MB peak: 4MB)

Process took 0h:00m:01s realtime, 0h:00m:01s cputime

Process completed successfully.
# Fri Oct  5 00:37:25 2018

###########################################################]
Synopsys Netlist Linker, version comp2017q2p1, Build 190R, built Aug  4 2017
@N|Running in 64-bit mode
File C:\Users\asdf1\Documents\DigitalDesign\Practica5DSD\impl1\synwork\Practica5_impl1_comp.srs changed - recompiling

At syn_nfilter Exit (Real Time elapsed 0h:00m:00s; CPU Time elapsed 0h:00m:00s; Memory used current: 67MB peak: 68MB)

Process took 0h:00m:01s realtime, 0h:00m:01s cputime

Process completed successfully.
# Fri Oct  5 00:37:26 2018

###########################################################]
Pre-mapping Report

# Fri Oct  5 00:37:27 2018

Synopsys Lattice Technology Pre-mapping, Version maplat, Build 1796R, Built Aug  4 2017 11:10:16
Copyright (C) 1994-2017 Synopsys, Inc. This Synopsys software and all associated documentation are proprietary to Synopsys, Inc. and may only be used pursuant to the terms and conditions of a written license agreement with Synopsys, Inc. All other use, reproduction, modification, or distribution of the Synopsys software or the associated documentation is strictly prohibited.
Product Version M-2017.03L-SP1-1

Mapper Startup Complete (Real Time elapsed 0h:00m:00s; CPU Time elapsed 0h:00m:00s; Memory used current: 99MB peak: 99MB)

@A: MF827 |No constraint file specified.
@L: C:\Users\asdf1\Documents\DigitalDesign\Practica5DSD\impl1\Practica5_impl1_scck.rpt 
Printing clock  summary report in "C:\Users\asdf1\Documents\DigitalDesign\Practica5DSD\impl1\Practica5_impl1_scck.rpt" file 
@N: MF248 |Running in 64-bit mode.
@N: MF666 |Clock conversion enabled. (Command "set_option -fix_gated_and_generated_clocks 1" in the project file.)

Design Input Complete (Real Time elapsed 0h:00m:00s; CPU Time elapsed 0h:00m:00s; Memory used current: 100MB peak: 102MB)


Mapper Initialization Complete (Real Time elapsed 0h:00m:00s; CPU Time elapsed 0h:00m:00s; Memory used current: 100MB peak: 102MB)


Start loading timing files (Real Time elapsed 0h:00m:00s; CPU Time elapsed 0h:00m:00s; Memory used current: 112MB peak: 112MB)


Finished loading timing files (Real Time elapsed 0h:00m:00s; CPU Time elapsed 0h:00m:00s; Memory used current: 112MB peak: 114MB)

@W: FX474 |User-specified initial value defined for some sequential elements which can prevent optimum synthesis results from being achieved. 
ICG Latch Removal Summary:
Number of ICG latches removed:	0
Number of ICG latches not removed:	0
syn_allowed_resources : blockrams=26  set on top level netlist contadorBCD

Finished netlist restructuring (Real Time elapsed 0h:00m:00s; CPU Time elapsed 0h:00m:00s; Memory used current: 139MB peak: 141MB)



Clock Summary
******************

          Start                                     Requested     Requested     Clock                                               Clock                   Clock
Level     Clock                                     Frequency     Period        Type                                                Group                   Load 
-----------------------------------------------------------------------------------------------------------------------------------------------------------------
0 -       contadorBCD|clk_0_inferred_clock          2.1 MHz       480.769       inferred                                            Inferred_clkgroup_0     28   
1 .         contadorBCD|blink_LED_derived_clock     2.1 MHz       480.769       derived (from contadorBCD|clk_0_inferred_clock)     Inferred_clkgroup_0     16   
=================================================================================================================================================================

@W: MT529 :"c:\users\asdf1\documents\digitaldesign\practica5dsd\practica5.vhd":42:42:42:51|Found inferred clock contadorBCD|clk_0_inferred_clock which controls 28 sequential elements including clk_low. This clock has no specified timing constraint which may prevent conversion of gated or generated clocks and may adversely impact design performance. 

Finished Pre Mapping Phase.

Starting constraint checker (Real Time elapsed 0h:00m:00s; CPU Time elapsed 0h:00m:00s; Memory used current: 139MB peak: 141MB)


Finished constraint checker preprocessing (Real Time elapsed 0h:00m:00s; CPU Time elapsed 0h:00m:00s; Memory used current: 139MB peak: 141MB)

None
None

Finished constraint checker (Real Time elapsed 0h:00m:00s; CPU Time elapsed 0h:00m:00s; Memory used current: 139MB peak: 141MB)

Pre-mapping successful!

At Mapper Exit (Real Time elapsed 0h:00m:00s; CPU Time elapsed 0h:00m:00s; Memory used current: 55MB peak: 141MB)

Process took 0h:00m:01s realtime, 0h:00m:01s cputime
# Fri Oct  5 00:37:28 2018

###########################################################]
Map & Optimize Report

# Fri Oct  5 00:37:28 2018

Synopsys Lattice Technology Mapper, Version maplat, Build 1796R, Built Aug  4 2017 11:10:16
Copyright (C) 1994-2017 Synopsys, Inc. This Synopsys software and all associated documentation are proprietary to Synopsys, Inc. and may only be used pursuant to the terms and conditions of a written license agreement with Synopsys, Inc. All other use, reproduction, modification, or distribution of the Synopsys software or the associated documentation is strictly prohibited.
Product Version M-2017.03L-SP1-1

Mapper Startup Complete (Real Time elapsed 0h:00m:00s; CPU Time elapsed 0h:00m:00s; Memory used current: 99MB peak: 99MB)

@N: MF248 |Running in 64-bit mode.
@N: MF666 |Clock conversion enabled. (Command "set_option -fix_gated_and_generated_clocks 1" in the project file.)

Design Input Complete (Real Time elapsed 0h:00m:00s; CPU Time elapsed 0h:00m:00s; Memory used current: 98MB peak: 100MB)


Mapper Initialization Complete (Real Time elapsed 0h:00m:00s; CPU Time elapsed 0h:00m:00s; Memory used current: 98MB peak: 100MB)


Start loading timing files (Real Time elapsed 0h:00m:00s; CPU Time elapsed 0h:00m:00s; Memory used current: 111MB peak: 112MB)


Finished loading timing files (Real Time elapsed 0h:00m:00s; CPU Time elapsed 0h:00m:00s; Memory used current: 111MB peak: 114MB)



Starting Optimization and Mapping (Real Time elapsed 0h:00m:00s; CPU Time elapsed 0h:00m:00s; Memory used current: 139MB peak: 141MB)


Available hyper_sources - for debug and ip models
	None Found

@N: FX493 |Applying initial value "00000001" on instance m[7:0].

Finished RTL optimizations (Real Time elapsed 0h:00m:00s; CPU Time elapsed 0h:00m:00s; Memory used current: 139MB peak: 141MB)


Starting factoring (Real Time elapsed 0h:00m:00s; CPU Time elapsed 0h:00m:00s; Memory used current: 139MB peak: 141MB)


Finished factoring (Real Time elapsed 0h:00m:00s; CPU Time elapsed 0h:00m:00s; Memory used current: 141MB peak: 141MB)


Starting gated-clock and generated-clock conversion (Real Time elapsed 0h:00m:00s; CPU Time elapsed 0h:00m:00s; Memory used current: 140MB peak: 141MB)


Finished gated-clock and generated-clock conversion (Real Time elapsed 0h:00m:00s; CPU Time elapsed 0h:00m:00s; Memory used current: 140MB peak: 141MB)


Finished generic timing optimizations - Pass 1 (Real Time elapsed 0h:00m:00s; CPU Time elapsed 0h:00m:00s; Memory used current: 141MB peak: 142MB)


Starting Early Timing Optimization (Real Time elapsed 0h:00m:00s; CPU Time elapsed 0h:00m:00s; Memory used current: 142MB peak: 142MB)


Finished Early Timing Optimization (Real Time elapsed 0h:00m:00s; CPU Time elapsed 0h:00m:00s; Memory used current: 142MB peak: 142MB)


Finished generic timing optimizations - Pass 2 (Real Time elapsed 0h:00m:00s; CPU Time elapsed 0h:00m:00s; Memory used current: 141MB peak: 142MB)


Finished preparing to map (Real Time elapsed 0h:00m:00s; CPU Time elapsed 0h:00m:00s; Memory used current: 141MB peak: 142MB)


Finished technology mapping (Real Time elapsed 0h:00m:00s; CPU Time elapsed 0h:00m:00s; Memory used current: 147MB peak: 149MB)

Pass		 CPU time		Worst Slack		Luts / Registers
------------------------------------------------------------
   1		0h:00m:00s		   469.97ns		 114 /        44

Finished technology timing optimizations and critical path resynthesis (Real Time elapsed 0h:00m:01s; CPU Time elapsed 0h:00m:00s; Memory used current: 147MB peak: 149MB)

@N: FX164 |The option to pack registers in the IOB has not been specified. Please set syn_useioff attribute.  

Finished restoring hierarchy (Real Time elapsed 0h:00m:01s; CPU Time elapsed 0h:00m:00s; Memory used current: 148MB peak: 149MB)

@N: MT611 :|Automatically generated clock contadorBCD|blink_LED_derived_clock is not used and is being removed


@S |Clock Optimization Summary


#### START OF CLOCK OPTIMIZATION REPORT #####[

0 non-gated/non-generated clock tree(s) driving 0 clock pin(s) of sequential element(s)
1 gated/generated clock tree(s) driving 44 clock pin(s) of sequential element(s)
0 instances converted, 44 sequential instances remain driven by gated/generated clocks

================================================================================================= Gated/Generated Clocks =================================================================================================
Clock Tree ID     Driving Element     Drive Element Type     Fanout     Sample Instance     Explanation                                                                                                                   
--------------------------------------------------------------------------------------------------------------------------------------------------------------------------------------------------------------------------
@K:CKID0001       OSCInst0            OSCH                   44         clk_low             Gating structure creates improper gating logic. See the Gated Clocks description in the user guide for conversion requirements
==========================================================================================================================================================================================================================


##### END OF CLOCK OPTIMIZATION REPORT ######]


Start Writing Netlists (Real Time elapsed 0h:00m:01s; CPU Time elapsed 0h:00m:01s; Memory used current: 114MB peak: 149MB)

Writing Analyst data base C:\Users\asdf1\Documents\DigitalDesign\Practica5DSD\impl1\synwork\Practica5_impl1_m.srm

Finished Writing Netlist Databases (Real Time elapsed 0h:00m:01s; CPU Time elapsed 0h:00m:01s; Memory used current: 147MB peak: 149MB)

Writing EDIF Netlist and constraint files
@N: FX1056 |Writing EDF file: C:\Users\asdf1\Documents\DigitalDesign\Practica5DSD\impl1\Practica5_impl1.edi
M-2017.03L-SP1-1
@N: BW106 |Synplicity Constraint File capacitance units using default value of 1pF 

Finished Writing EDIF Netlist and constraint files (Real Time elapsed 0h:00m:02s; CPU Time elapsed 0h:00m:01s; Memory used current: 151MB peak: 153MB)


Start final timing analysis (Real Time elapsed 0h:00m:02s; CPU Time elapsed 0h:00m:01s; Memory used current: 152MB peak: 153MB)

@W: MT420 |Found inferred clock contadorBCD|clk_0_inferred_clock with period 480.77ns. Please declare a user-defined clock on object "n:clk_0"


##### START OF TIMING REPORT #####[
# Timing Report written on Fri Oct  5 00:37:30 2018
#


Top view:               contadorBCD
Requested Frequency:    2.1 MHz
Wire load mode:         top
Paths requested:        5
Constraint File(s):    
@N: MT320 |This timing report is an estimate of place and route data. For final timing results, use the FPGA vendor place and route report.

@N: MT322 |Clock constraints include only register-to-register paths associated with each individual clock.



Performance Summary
*******************


Worst slack in design: 469.880

                                     Requested     Estimated     Requested     Estimated                 Clock        Clock              
Starting Clock                       Frequency     Frequency     Period        Period        Slack       Type         Group              
-----------------------------------------------------------------------------------------------------------------------------------------
contadorBCD|clk_0_inferred_clock     2.1 MHz       91.8 MHz      480.769       10.889        469.880     inferred     Inferred_clkgroup_0
System                               1.0 MHz       NA            1000.000      NA            NA          system       system_clkgroup    
=========================================================================================================================================
Estimated period and frequency reported as NA means no slack depends directly on the clock waveform





Clock Relationships
*******************

Clocks                                                              |    rise  to  rise     |    fall  to  fall   |    rise  to  fall   |    fall  to  rise 
------------------------------------------------------------------------------------------------------------------------------------------------------------
Starting                          Ending                            |  constraint  slack    |  constraint  slack  |  constraint  slack  |  constraint  slack
------------------------------------------------------------------------------------------------------------------------------------------------------------
contadorBCD|clk_0_inferred_clock  contadorBCD|clk_0_inferred_clock  |  480.769     469.880  |  No paths    -      |  No paths    -      |  No paths    -    
============================================================================================================================================================
 Note: 'No paths' indicates there are no paths in the design for that pair of clock edges.
       'Diff grp' indicates that paths exist but the starting clock and ending clock are in different clock groups.



Interface Information 
*********************

No IO constraint found



====================================
Detailed Report for Clock: contadorBCD|clk_0_inferred_clock
====================================



Starting Points with Worst Slack
********************************

               Starting                                                                Arrival            
Instance       Reference                            Type        Pin     Net            Time        Slack  
               Clock                                                                                      
----------------------------------------------------------------------------------------------------------
s_count[1]     contadorBCD|clk_0_inferred_clock     FD1P3DX     Q       s_count[1]     1.256       469.880
s_count[2]     contadorBCD|clk_0_inferred_clock     FD1P3DX     Q       s_count[2]     1.256       469.880
d_count[2]     contadorBCD|clk_0_inferred_clock     FD1P3DX     Q       d_count[2]     1.228       469.908
s_count[0]     contadorBCD|clk_0_inferred_clock     FD1P3DX     Q       s_count[0]     1.236       469.933
d_count[1]     contadorBCD|clk_0_inferred_clock     FD1P3DX     Q       d_count[1]     1.188       469.948
s_count[3]     contadorBCD|clk_0_inferred_clock     FD1P3DX     Q       s_count[3]     1.220       469.949
d_count[0]     contadorBCD|clk_0_inferred_clock     FD1P3DX     Q       d_count[0]     1.236       471.086
d_count[3]     contadorBCD|clk_0_inferred_clock     FD1P3DX     Q       d_count[3]     1.220       471.102
c_count[1]     contadorBCD|clk_0_inferred_clock     FD1P3DX     Q       c_count[1]     1.232       471.169
c_count[2]     contadorBCD|clk_0_inferred_clock     FD1P3DX     Q       c_count[2]     1.232       471.169
==========================================================================================================


Ending Points with Worst Slack
******************************

               Starting                                                                             Required            
Instance       Reference                            Type        Pin     Net                         Time         Slack  
               Clock                                                                                                    
------------------------------------------------------------------------------------------------------------------------
m_count[3]     contadorBCD|clk_0_inferred_clock     FD1P3DX     D       contaBCD\.m_count_12[3]     480.858      469.880
m_count[1]     contadorBCD|clk_0_inferred_clock     FD1P3DX     D       contaBCD\.m_count_12[1]     480.858      470.076
m_count[2]     contadorBCD|clk_0_inferred_clock     FD1P3DX     D       contaBCD\.m_count_12[2]     480.858      470.076
c_count[3]     contadorBCD|clk_0_inferred_clock     FD1P3DX     D       contaBCD\.c_count_10[3]     480.858      471.113
c_count[1]     contadorBCD|clk_0_inferred_clock     FD1P3DX     D       contaBCD\.c_count_10[1]     480.858      471.405
c_count[2]     contadorBCD|clk_0_inferred_clock     FD1P3DX     D       contaBCD\.c_count_10[2]     480.858      471.405
d_count[3]     contadorBCD|clk_0_inferred_clock     FD1P3DX     D       contaBCD\.d_count_8[3]      480.858      472.303
d_count[1]     contadorBCD|clk_0_inferred_clock     FD1P3DX     D       contaBCD\.d_count_8[1]      480.858      472.445
d_count[2]     contadorBCD|clk_0_inferred_clock     FD1P3DX     D       contaBCD\.d_count_8[2]      480.858      472.445
m_count[0]     contadorBCD|clk_0_inferred_clock     FD1P3DX     D       contaBCD\.m_count_12[0]     480.858      473.169
========================================================================================================================



Worst Path Information
***********************


Path information for path number 1: 
      Requested Period:                      480.769
    - Setup time:                            -0.089
    + Clock delay at ending point:           0.000 (ideal)
    = Required time:                         480.858

    - Propagation time:                      10.978
    - Clock delay at starting point:         0.000 (ideal)
    = Slack (critical) :                     469.880

    Number of logic level(s):                8
    Starting point:                          s_count[1] / Q
    Ending point:                            m_count[3] / D
    The start point is clocked by            contadorBCD|clk_0_inferred_clock [rising] on pin CK
    The end   point is clocked by            contadorBCD|clk_0_inferred_clock [rising] on pin CK

Instance / Net                                                           Pin      Pin               Arrival     No. of    
Name                                                        Type         Name     Dir     Delay     Time        Fan Out(s)
--------------------------------------------------------------------------------------------------------------------------
s_count[1]                                                  FD1P3DX      Q        Out     1.256     1.256       -         
s_count[1]                                                  Net          -        -       -         -           14        
contaBCD\.m_count_12_sn.contaBCD\.d_count_8s2_0_a2          ORCALUT4     C        In      0.000     1.256       -         
contaBCD\.m_count_12_sn.contaBCD\.d_count_8s2_0_a2          ORCALUT4     Z        Out     1.265     2.521       -         
N_73                                                        Net          -        -       -         -           8         
contaBCD\.m_count_12_sn.contaBCD\.c_count_10_ss0_i_a2_1     ORCALUT4     D        In      0.000     2.521       -         
contaBCD\.m_count_12_sn.contaBCD\.c_count_10_ss0_i_a2_1     ORCALUT4     Z        Out     1.225     3.745       -         
N_170                                                       Net          -        -       -         -           5         
contaBCD\.m_count_12_sn.contaBCD\.c_count_10_ss0_i_a2       ORCALUT4     B        In      0.000     3.745       -         
contaBCD\.m_count_12_sn.contaBCD\.c_count_10_ss0_i_a2       ORCALUT4     Z        Out     1.273     5.018       -         
N_177                                                       Net          -        -       -         -           9         
contaBCD\.m_count_12_sn.contaBCD\.m_count_12s2_0_a4         ORCALUT4     B        In      0.000     5.018       -         
contaBCD\.m_count_12_sn.contaBCD\.m_count_12s2_0_a4         ORCALUT4     Z        Out     1.233     6.251       -         
N_65                                                        Net          -        -       -         -           6         
un1_m_count_5_cry_1_0                                       CCU2D        C0       In      0.000     6.251       -         
un1_m_count_5_cry_1_0                                       CCU2D        COUT     Out     1.544     7.795       -         
un1_m_count_5_cry_2                                         Net          -        -       -         -           1         
un1_m_count_5_s_3_0                                         CCU2D        CIN      In      0.000     7.795       -         
un1_m_count_5_s_3_0                                         CCU2D        S0       Out     1.549     9.345       -         
un1_m_count_5_s_3_0_S0                                      Net          -        -       -         -           1         
contaBCD\.m_count_12_sn.contaBCD\.m_count_12_m0[3]          ORCALUT4     B        In      0.000     9.345       -         
contaBCD\.m_count_12_sn.contaBCD\.m_count_12_m0[3]          ORCALUT4     Z        Out     1.017     10.361      -         
contaBCD\.m_count_12_m0[3]                                  Net          -        -       -         -           1         
contaBCD\.m_count_12_sn.contaBCD\.m_count_12[3]             ORCALUT4     B        In      0.000     10.361      -         
contaBCD\.m_count_12_sn.contaBCD\.m_count_12[3]             ORCALUT4     Z        Out     0.617     10.978      -         
contaBCD\.m_count_12[3]                                     Net          -        -       -         -           1         
m_count[3]                                                  FD1P3DX      D        In      0.000     10.978      -         
==========================================================================================================================



##### END OF TIMING REPORT #####]

Timing exceptions that could not be applied
None

Finished final timing analysis (Real Time elapsed 0h:00m:02s; CPU Time elapsed 0h:00m:01s; Memory used current: 152MB peak: 153MB)


Finished timing report (Real Time elapsed 0h:00m:02s; CPU Time elapsed 0h:00m:01s; Memory used current: 152MB peak: 153MB)

---------------------------------------
Resource Usage Report
Part: lcmxo2_7000he-5

Register bits: 44 of 6864 (1%)
PIC Latch:       0
I/O cells:       32


Details:
CCU2D:          22
FD1P3DX:        16
FD1S3AX:        19
FD1S3AY:        1
FD1S3IX:        8
GSR:            1
IB:             19
INV:            1
OB:             13
ORCALUT4:       108
OSCH:           1
PFUMX:          1
PUR:            1
VHI:            1
VLO:            1
Mapper successful!

At Mapper Exit (Real Time elapsed 0h:00m:02s; CPU Time elapsed 0h:00m:02s; Memory used current: 31MB peak: 153MB)

Process took 0h:00m:02s realtime, 0h:00m:02s cputime
# Fri Oct  5 00:37:31 2018

###########################################################]


Synthesis exit by 0.

edif2ngd  -l "MachXO2" -d LCMXO2-7000HE -path "C:/Users/asdf1/Documents/DigitalDesign/Practica5DSD/impl1" -path "C:/Users/asdf1/Documents/DigitalDesign/Practica5DSD"   "C:/Users/asdf1/Documents/DigitalDesign/Practica5DSD/impl1/Practica5_impl1.edi" "Practica5_impl1.ngo"   
edif2ngd:  version Diamond (64-bit) 3.10.0.111.2

Copyright (c) 1991-1994 by NeoCAD Inc. All rights reserved.
Copyright (c) 1995 AT&T Corp.   All rights reserved.
Copyright (c) 1995-2001 Lucent Technologies Inc.  All rights reserved.
Copyright (c) 2001 Agere Systems   All rights reserved.
Copyright (c) 2002-2017 Lattice Semiconductor Corporation,  All rights reserved.
Writing the design to Practica5_impl1.ngo...

Total CPU Time: 0 secs  

Total REAL Time: 0 secs  


ngdbuild  -a "MachXO2" -d LCMXO2-7000HE  -p "C:/lscc/diamond/3.10_x64/ispfpga/xo2c00/data"  -p "C:/Users/asdf1/Documents/DigitalDesign/Practica5DSD/impl1" -p "C:/Users/asdf1/Documents/DigitalDesign/Practica5DSD"  "Practica5_impl1.ngo" "Practica5_impl1.ngd"  	
ngdbuild:  version Diamond (64-bit) 3.10.0.111.2

Copyright (c) 1991-1994 by NeoCAD Inc. All rights reserved.
Copyright (c) 1995 AT&T Corp.   All rights reserved.
Copyright (c) 1995-2001 Lucent Technologies Inc.  All rights reserved.
Copyright (c) 2001 Agere Systems   All rights reserved.
Copyright (c) 2002-2017 Lattice Semiconductor Corporation,  All rights reserved.
Reading 'Practica5_impl1.ngo' ...
Loading NGL library 'C:/lscc/diamond/3.10_x64/ispfpga/xo2c00a/data/xo2alib.ngl'...
Loading NGL library 'C:/lscc/diamond/3.10_x64/ispfpga/xo2c00/data/xo2clib.ngl'...
Loading NGL library 'C:/lscc/diamond/3.10_x64/ispfpga/mg5g00/data/mg5glib.ngl'...
Loading NGL library 'C:/lscc/diamond/3.10_x64/ispfpga/or5g00/data/orc5glib.ngl'...


Running DRC...

    <postMsg mid="1166052" type="Warning" dynamic="2" navigation="1" arg0="logical" arg1="OSCInst0_SEDSTDBY" arg2="OSCInst0_SEDSTDBY"  />
    <postMsg mid="1163101" type="Warning" dynamic="1" navigation="0" arg0="1"  />

Design Results:
    212 blocks expanded
Complete the first expansion.
Writing 'Practica5_impl1.ngd' ...
Total CPU Time: 0 secs  

Total REAL Time: 0 secs  


map -a "MachXO2" -p LCMXO2-7000HE -t TQFP144 -s 5 -oc Commercial   "Practica5_impl1.ngd" -o "Practica5_impl1_map.ncd" -pr "Practica5_impl1.prf" -mp "Practica5_impl1.mrp" -lpf "C:/Users/asdf1/Documents/DigitalDesign/Practica5DSD/impl1/Practica5_impl1_synplify.lpf" -lpf "C:/Users/asdf1/Documents/DigitalDesign/Practica5DSD/Practica5.lpf" -c 0            
map:  version Diamond (64-bit) 3.10.0.111.2

Copyright (c) 1991-1994 by NeoCAD Inc. All rights reserved.
Copyright (c) 1995 AT&T Corp.   All rights reserved.
Copyright (c) 1995-2001 Lucent Technologies Inc.  All rights reserved.
Copyright (c) 2001 Agere Systems   All rights reserved.
Copyright (c) 2002-2017 Lattice Semiconductor Corporation,  All rights reserved.
   Process the file: Practica5_impl1.ngd
   Picdevice="LCMXO2-7000HE"

   Pictype="TQFP144"

   Picspeed=5

   Remove unused logic

   Do not produce over sized NCDs.

Part used: LCMXO2-7000HETQFP144, Performance used: 5.

Loading device for application map from file 'xo2c7000.nph' in environment: C:/lscc/diamond/3.10_x64/ispfpga.
Package Status:                     Final          Version 1.39.

Running general design DRC...

Removing unused logic...

Optimizing...

1 CCU2 constant inputs absorbed.

    <postMsg mid="51001030" type="Warning" dynamic="1" navigation="0" arg0="reset_c"  />



Design Summary:
   Number of registers:     44 out of  7209 (1%)
      PFU registers:           44 out of  6864 (1%)
      PIO registers:            0 out of   345 (0%)
   Number of SLICEs:        77 out of  3432 (2%)
      SLICEs as Logic/ROM:     77 out of  3432 (2%)
      SLICEs as RAM:            0 out of  2574 (0%)
      SLICEs as Carry:         22 out of  3432 (1%)
   Number of LUT4s:        153 out of  6864 (2%)
      Number used as logic LUTs:        109
      Number used as distributed RAM:     0
      Number used as ripple logic:       44
      Number used as shift registers:     0
   Number of PIO sites used: 32 + 4(JTAG) out of 115 (31%)
   Number of block RAMs:  0 out of 26 (0%)
   Number of GSRs:  1 out of 1 (100%)
   EFB used :       No
   JTAG used :      No
   Readback used :  No
   Oscillator used :  Yes
   Startup used :   No
   POR :            On
   Bandgap :        On
   Number of Power Controller:  0 out of 1 (0%)
   Number of Dynamic Bank Controller (BCINRD):  0 out of 6 (0%)
   Number of Dynamic Bank Controller (BCLVDSO):  0 out of 1 (0%)
   Number of DCCA:  0 out of 8 (0%)
   Number of DCMA:  0 out of 2 (0%)
   Number of PLLs:  0 out of 2 (0%)
   Number of DQSDLLs:  0 out of 2 (0%)
   Number of CLKDIVC:  0 out of 4 (0%)
   Number of ECLKSYNCA:  0 out of 4 (0%)
   Number of ECLKBRIDGECS:  0 out of 2 (0%)
   Notes:-
      1. Total number of LUT4s = (Number of logic LUT4s) + 2*(Number of distributed RAMs) + 2*(Number of ripple logic)
      2. Number of logic LUT4s does not include count of distributed RAM and ripple logic.
   Number of clocks:  1
     Net clk_0_0: 26 loads, 26 rising, 0 falling (Driver: OSCInst0 )
   Number of Clock Enables:  1
     Net clk_low_RNIRD5V: 9 loads, 9 LSLICEs
   Number of local set/reset loads for net reset_c merged into GSR:  16
   Number of LSRs:  1
     Net lowClk.un2_count_i: 6 loads, 6 LSLICEs
   Number of nets driven by tri-state buffers:  0
   Top 10 highest fanout non-clock nets:
     Net load_c: 24 loads
     Net s_count[1]: 14 loads
     Net s_count[2]: 14 loads
     Net c_count[0]: 11 loads
     Net d_count[0]: 11 loads
     Net mux_c[3]: 11 loads
     Net s_count[0]: 11 loads
     Net c_count[1]: 10 loads
     Net c_count[2]: 10 loads
     Net m_count[0]: 10 loads
 

   Number of warnings:  1
   Number of errors:    0



Total CPU Time: 0 secs  
Total REAL Time: 0 secs  
Peak Memory Usage: 58 MB

Dumping design to file Practica5_impl1_map.ncd.

mpartrce -p "Practica5_impl1.p2t" -f "Practica5_impl1.p3t" -tf "Practica5_impl1.pt" "Practica5_impl1_map.ncd" "Practica5_impl1.ncd"

---- MParTrce Tool ----
Removing old design directory at request of -rem command line option to this program.
Running par. Please wait . . .

Lattice Place and Route Report for Design "Practica5_impl1_map.ncd"
Fri Oct 05 00:37:35 2018

PAR: Place And Route Diamond (64-bit) 3.10.0.111.2.
Command Line: par -w -l 5 -i 6 -t 1 -c 0 -e 0 -gui -msgset C:/Users/asdf1/Documents/DigitalDesign/Practica5DSD/promote.xml -exp parUseNBR=1:parCDP=0:parCDR=0:parPathBased=OFF Practica5_impl1_map.ncd Practica5_impl1.dir/5_1.ncd Practica5_impl1.prf
Preference file: Practica5_impl1.prf.
Placement level-cost: 5-1.
Routing Iterations: 6

Loading design for application par from file Practica5_impl1_map.ncd.
Design name: contadorBCD
NCD version: 3.3
Vendor:      LATTICE
Device:      LCMXO2-7000HE
Package:     TQFP144
Performance: 5
Loading device for application par from file 'xo2c7000.nph' in environment: C:/lscc/diamond/3.10_x64/ispfpga.
Package Status:                     Final          Version 1.39.
Performance Hardware Data Status:   Final          Version 34.4.
License checked out.


Ignore Preference Error(s):  True
Device utilization summary:

   PIO (prelim)   32+4(JTAG)/336     11% used
                  32+4(JTAG)/115     31% bonded

   SLICE             77/3432          2% used

   GSR                1/1           100% used
   OSC                1/1           100% used


Number of Signals: 219
Number of Connections: 569

Pin Constraint Summary:
   32 out of 32 pins locked (100% locked).

The following 1 signal is selected to use the primary clock routing resources:
    clk_0_0 (driver: OSCInst0, clk load #: 26)


No signal is selected as secondary clock.

Signal reset_c is selected as Global Set/Reset.
Starting Placer Phase 0.
.........
Finished Placer Phase 0.  REAL time: 0 secs 

Starting Placer Phase 1.
..................
Placer score = 51258.
Finished Placer Phase 1.  REAL time: 4 secs 

Starting Placer Phase 2.
.
Placer score =  50471
Finished Placer Phase 2.  REAL time: 4 secs 


------------------ Clock Report ------------------

Global Clock Resources:
  CLK_PIN    : 0 out of 8 (0%)
  PLL        : 0 out of 2 (0%)
  DCM        : 0 out of 2 (0%)
  DCC        : 0 out of 8 (0%)

Quadrants All (TL, TR, BL, BR) - Global Clocks:
  PRIMARY "clk_0_0" from OSC on comp "OSCInst0" on site "OSC", clk load = 26

  PRIMARY  : 1 out of 8 (12%)
  SECONDARY: 0 out of 8 (0%)

Edge Clocks:
  No edge clock selected.

--------------- End of Clock Report ---------------


I/O Usage Summary (final):
   32 + 4(JTAG) out of 336 (10.7%) PIO sites used.
   32 + 4(JTAG) out of 115 (31.3%) bonded PIO sites used.
   Number of PIO comps: 32; differential: 0.
   Number of Vref pins used: 0.

I/O Bank Usage Summary:
+----------+----------------+------------+-----------+
| I/O Bank | Usage          | Bank Vccio | Bank Vref |
+----------+----------------+------------+-----------+
| 0        | 2 / 28 (  7%)  | 2.5V       | -         |
| 1        | 11 / 29 ( 37%) | 2.5V       | -         |
| 2        | 2 / 29 (  6%)  | 2.5V       | -         |
| 3        | 8 / 9 ( 88%)   | 2.5V       | -         |
| 4        | 6 / 10 ( 60%)  | 2.5V       | -         |
| 5        | 3 / 10 ( 30%)  | 2.5V       | -         |
+----------+----------------+------------+-----------+

Total placer CPU time: 4 secs 

Dumping design to file Practica5_impl1.dir/5_1.ncd.

0 connections routed; 569 unrouted.
Starting router resource preassignment

Completed router resource preassignment. Real time: 6 secs 

Start NBR router at 00:37:41 10/05/18

*****************************************************************
Info: NBR allows conflicts(one node used by more than one signal)
      in the earlier iterations. In each iteration, it tries to  
      solve the conflicts while keeping the critical connections 
      routed as short as possible. The routing process is said to
      be completed when no conflicts exist and all connections   
      are routed.                                                
Note: NBR uses a different method to calculate timing slacks. The
      worst slack and total negative slack may not be the same as
      that in TRCE report. You should always run TRCE to verify  
      your design.                                               
*****************************************************************

Start NBR special constraint process at 00:37:41 10/05/18

Start NBR section for initial routing at 00:37:41 10/05/18
Level 4, iteration 1
21(0.01%) conflicts; 0(0.00%) untouched conn; 0 (nbr) score; 
Estimated worst slack/total negative slack<setup>: 469.206ns/0.000ns; real time: 7 secs 

Info: Initial congestion level at 75% usage is 0
Info: Initial congestion area  at 75% usage is 0 (0.00%)

Start NBR section for normal routing at 00:37:42 10/05/18
Level 4, iteration 1
3(0.00%) conflicts; 0(0.00%) untouched conn; 0 (nbr) score; 
Estimated worst slack/total negative slack<setup>: 469.205ns/0.000ns; real time: 7 secs 
Level 4, iteration 2
1(0.00%) conflict; 0(0.00%) untouched conn; 0 (nbr) score; 
Estimated worst slack/total negative slack<setup>: 469.205ns/0.000ns; real time: 7 secs 
Level 4, iteration 3
0(0.00%) conflict; 0(0.00%) untouched conn; 0 (nbr) score; 
Estimated worst slack/total negative slack<setup>: 469.205ns/0.000ns; real time: 7 secs 

Start NBR section for setup/hold timing optimization with effort level 3 at 00:37:42 10/05/18

Start NBR section for re-routing at 00:37:42 10/05/18
Level 4, iteration 1
0(0.00%) conflict; 0(0.00%) untouched conn; 0 (nbr) score; 
Estimated worst slack/total negative slack<setup>: 469.205ns/0.000ns; real time: 7 secs 

Start NBR section for post-routing at 00:37:42 10/05/18

End NBR router with 0 unrouted connection

NBR Summary
-----------
  Number of unrouted connections : 0 (0.00%)
  Number of connections with timing violations : 0 (0.00%)
  Estimated worst slack<setup> : 469.205ns
  Timing score<setup> : 0
-----------
Notes: The timing info is calculated for SETUP only and all PAR_ADJs are ignored.



Total CPU time 7 secs 
Total REAL time: 7 secs 
Completely routed.
End of route.  569 routed (100.00%); 0 unrouted.

Hold time timing score: 0, hold timing errors: 0

Timing score: 0 

Dumping design to file Practica5_impl1.dir/5_1.ncd.


PAR_SUMMARY::Run status = Success
PAR_SUMMARY::Number of unrouted conns = 0
PAR_SUMMARY::Worst  slack<setup/<ns>> = 469.205
PAR_SUMMARY::Timing score<setup/<ns>> = 0.000
PAR_SUMMARY::Worst  slack<hold /<ns>> = 0.306
PAR_SUMMARY::Timing score<hold /<ns>> = 0.000
PAR_SUMMARY::Number of errors = 0

Total CPU  time to completion: 7 secs 
Total REAL time to completion: 8 secs 

par done!

Copyright (c) 1991-1994 by NeoCAD Inc. All rights reserved.
Copyright (c) 1995 AT&T Corp.   All rights reserved.
Copyright (c) 1995-2001 Lucent Technologies Inc.  All rights reserved.
Copyright (c) 2001 Agere Systems   All rights reserved.
Copyright (c) 2002-2017 Lattice Semiconductor Corporation,  All rights reserved.
Exiting par with exit code 0
Exiting mpartrce with exit code 0

bitgen -f "Practica5_impl1.t2b" -w "Practica5_impl1.ncd" -jedec "Practica5_impl1.prf"


BITGEN: Bitstream Generator Diamond (64-bit) 3.10.0.111.2
Copyright (c) 1991-1994 by NeoCAD Inc. All rights reserved.
Copyright (c) 1995 AT&T Corp.   All rights reserved.
Copyright (c) 1995-2001 Lucent Technologies Inc.  All rights reserved.
Copyright (c) 2001 Agere Systems   All rights reserved.
Copyright (c) 2002-2017 Lattice Semiconductor Corporation,  All rights reserved.


Loading design for application Bitgen from file Practica5_impl1.ncd.
Design name: contadorBCD
NCD version: 3.3
Vendor:      LATTICE
Device:      LCMXO2-7000HE
Package:     TQFP144
Performance: 5
Loading device for application Bitgen from file 'xo2c7000.nph' in environment: C:/lscc/diamond/3.10_x64/ispfpga.
Package Status:                     Final          Version 1.39.
Performance Hardware Data Status:   Final          Version 34.4.

Running DRC.
DRC detected 0 errors and 0 warnings.
Reading Preference File from Practica5_impl1.prf.

Preference Summary:
+---------------------------------+---------------------------------+
|  Preference                     |  Current Setting                |
+---------------------------------+---------------------------------+
|                         RamCfg  |                        Reset**  |
+---------------------------------+---------------------------------+
|                     MCCLK_FREQ  |                         2.08**  |
+---------------------------------+---------------------------------+
|                  CONFIG_SECURE  |                          OFF**  |
+---------------------------------+---------------------------------+
|                          INBUF  |                           ON**  |
+---------------------------------+---------------------------------+
|                      JTAG_PORT  |                       ENABLE**  |
+---------------------------------+---------------------------------+
|                       SDM_PORT  |                      DISABLE**  |
+---------------------------------+---------------------------------+
|                 SLAVE_SPI_PORT  |                      DISABLE**  |
+---------------------------------+---------------------------------+
|                MASTER_SPI_PORT  |                      DISABLE**  |
+---------------------------------+---------------------------------+
|                       I2C_PORT  |                      DISABLE**  |
+---------------------------------+---------------------------------+
|        MUX_CONFIGURATION_PORTS  |                      DISABLE**  |
+---------------------------------+---------------------------------+
|                  CONFIGURATION  |                          CFG**  |
+---------------------------------+---------------------------------+
|                COMPRESS_CONFIG  |                           ON**  |
+---------------------------------+---------------------------------+
|                        MY_ASSP  |                          OFF**  |
+---------------------------------+---------------------------------+
|               ONE_TIME_PROGRAM  |                          OFF**  |
+---------------------------------+---------------------------------+
|                 ENABLE_TRANSFR  |                      DISABLE**  |
+---------------------------------+---------------------------------+
|                  SHAREDEBRINIT  |                      DISABLE**  |
+---------------------------------+---------------------------------+
|            BACKGROUND_RECONFIG  |                          OFF**  |
+---------------------------------+---------------------------------+
 *  Default setting.
 ** The specified setting matches the default setting.


Creating bit map...
 
Bitstream Status: Final           Version 1.94.
 
Saving bit stream in "Practica5_impl1.jed".
 
===========
UFM Summary.
===========
UFM Size:        2046 Pages (128*2046 Bits).
UFM Utilization: General Purpose Flash Memory.
 
Available General Purpose Flash Memory: 2046 Pages (Page 0 to Page 2045).
Initialized UFM Pages:                     0 Page.
 
