
         Lattice Mapping Report File for Design Module 'contadorBCD'


Design Information
------------------

Command line:   map -a MachXO2 -p LCMXO2-7000HE -t TQFP144 -s 5 -oc Commercial
     Practica5_impl1.ngd -o Practica5_impl1_map.ncd -pr Practica5_impl1.prf -mp
     Practica5_impl1.mrp -lpf C:/Users/asdf1/Documents/DigitalDesign/Practica5DS
     D/impl1/Practica5_impl1_synplify.lpf -lpf
     C:/Users/asdf1/Documents/DigitalDesign/Practica5DSD/Practica5.lpf -c 0 -gui
     -msgset C:/Users/asdf1/Documents/DigitalDesign/Practica5DSD/promote.xml 
Target Vendor:  LATTICE
Target Device:  LCMXO2-7000HETQFP144
Target Performance:   5
Mapper:  xo2c00,  version:  Diamond (64-bit) 3.10.0.111.2
Mapped on:  09/29/18  11:51:07

Design Summary
--------------

   Number of registers:     30 out of  7209 (0%)
      PFU registers:           30 out of  6864 (0%)
      PIO registers:            0 out of   345 (0%)
   Number of SLICEs:        31 out of  3432 (1%)
      SLICEs as Logic/ROM:     31 out of  3432 (1%)
      SLICEs as RAM:            0 out of  2574 (0%)
      SLICEs as Carry:         16 out of  3432 (0%)
   Number of LUT4s:         61 out of  6864 (1%)
      Number used as logic LUTs:         29
      Number used as distributed RAM:     0
      Number used as ripple logic:       32
      Number used as shift registers:     0
   Number of PIO sites used: 23 + 4(JTAG) out of 115 (23%)
   Number of block RAMs:  0 out of 26 (0%)
   Number of GSRs:  1 out of 1 (100%)
   EFB used :       No
   JTAG used :      No
   Readback used :  No
   Oscillator used :  Yes
   Startup used :   No
   POR :            On
   Bandgap :        On
   Number of Power Controller:  0 out of 1 (0%)
   Number of Dynamic Bank Controller (BCINRD):  0 out of 6 (0%)
   Number of Dynamic Bank Controller (BCLVDSO):  0 out of 1 (0%)
   Number of DCCA:  0 out of 8 (0%)
   Number of DCMA:  0 out of 2 (0%)
   Number of PLLs:  0 out of 2 (0%)
   Number of DQSDLLs:  0 out of 2 (0%)
   Number of CLKDIVC:  0 out of 4 (0%)
   Number of ECLKSYNCA:  0 out of 4 (0%)
   Number of ECLKBRIDGECS:  0 out of 2 (0%)
   Notes:-
      1. Total number of LUT4s = (Number of logic LUT4s) + 2*(Number of
     distributed RAMs) + 2*(Number of ripple logic)
      2. Number of logic LUT4s does not include count of distributed RAM and
     ripple logic.
   Number of clocks:  1
     Net clk_0_0: 20 loads, 20 rising, 0 falling (Driver: OSCInst0 )
   Number of Clock Enables:  1

                                    Page 1




Design:  contadorBCD                                   Date:  09/29/18  11:51:07

Design Summary (cont)
---------------------
     Net clk_low_RNI9PTU: 4 loads, 4 LSLICEs
   Number of local set/reset loads for net reset_c merged into GSR:  4
   Number of LSRs:  1
     Net P_blink_LED.un2_count_i: 7 loads, 7 LSLICEs
   Number of nets driven by tri-state buffers:  0
   Top 10 highest fanout non-clock nets:
     Net s_count[0]: 13 loads
     Net s_count[2]: 12 loads
     Net s_count[1]: 10 loads
     Net s_count[3]: 10 loads
     Net P_blink_LED.un2_count_i: 7 loads
     Net load_c: 6 loads
     Net clk_low_RNI9PTU: 4 loads
     Net count[23]: 4 loads
     Net count[24]: 4 loads
     Net VCC: 4 loads




   Number of warnings:  5
   Number of errors:    0
     

Design Errors/Warnings
----------------------

WARNING - map:
     C:/Users/asdf1/Documents/DigitalDesign/Practica5DSD/Practica5.lpf(4):
     Semantic error in "LOCATE COMP "conta[0]" SITE "142" ;": COMP "conta[0]"
     cannot be found in design. This preference has been disabled.
WARNING - map:
     C:/Users/asdf1/Documents/DigitalDesign/Practica5DSD/Practica5.lpf(5):
     Semantic error in "LOCATE COMP "conta[1]" SITE "140" ;": COMP "conta[1]"
     cannot be found in design. This preference has been disabled.
WARNING - map:
     C:/Users/asdf1/Documents/DigitalDesign/Practica5DSD/Practica5.lpf(6):
     Semantic error in "LOCATE COMP "conta[2]" SITE "138" ;": COMP "conta[2]"
     cannot be found in design. This preference has been disabled.
WARNING - map:
     C:/Users/asdf1/Documents/DigitalDesign/Practica5DSD/Practica5.lpf(7):
     Semantic error in "LOCATE COMP "conta[3]" SITE "132" ;": COMP "conta[3]"
     cannot be found in design. This preference has been disabled.
WARNING - map: Using local reset signal 'reset_c' to infer global GSR net.

IO (PIO) Attributes
-------------------

+---------------------+-----------+-----------+------------+
| IO Name             | Direction | Levelmode | IO         |
|                     |           |  IO_TYPE  | Register   |
+---------------------+-----------+-----------+------------+
| clk_0               | OUTPUT    | LVCMOS25  |            |
+---------------------+-----------+-----------+------------+
| load                | INPUT     | LVCMOS25  |            |
+---------------------+-----------+-----------+------------+

                                    Page 2




Design:  contadorBCD                                   Date:  09/29/18  11:51:07

IO (PIO) Attributes (cont)
--------------------------
| blink_LED           | OUTPUT    | LVCMOS25  |            |
+---------------------+-----------+-----------+------------+
| off_LED[2]          | OUTPUT    | LVCMOS25  |            |
+---------------------+-----------+-----------+------------+
| off_LED[1]          | OUTPUT    | LVCMOS25  |            |
+---------------------+-----------+-----------+------------+
| off_LED[0]          | OUTPUT    | LVCMOS25  |            |
+---------------------+-----------+-----------+------------+
| dispA[6]            | OUTPUT    | LVCMOS25  |            |
+---------------------+-----------+-----------+------------+
| dispA[5]            | OUTPUT    | LVCMOS25  |            |
+---------------------+-----------+-----------+------------+
| dispA[4]            | OUTPUT    | LVCMOS25  |            |
+---------------------+-----------+-----------+------------+
| dispA[3]            | OUTPUT    | LVCMOS25  |            |
+---------------------+-----------+-----------+------------+
| dispA[2]            | OUTPUT    | LVCMOS25  |            |
+---------------------+-----------+-----------+------------+
| dispA[1]            | OUTPUT    | LVCMOS25  |            |
+---------------------+-----------+-----------+------------+
| dispA[0]            | OUTPUT    | LVCMOS25  |            |
+---------------------+-----------+-----------+------------+
| mux[3]              | OUTPUT    | LVCMOS25  |            |
+---------------------+-----------+-----------+------------+
| mux[2]              | OUTPUT    | LVCMOS25  |            |
+---------------------+-----------+-----------+------------+
| mux[1]              | OUTPUT    | LVCMOS25  |            |
+---------------------+-----------+-----------+------------+
| mux[0]              | OUTPUT    | LVCMOS25  |            |
+---------------------+-----------+-----------+------------+
| data[3]             | INPUT     | LVCMOS25  |            |
+---------------------+-----------+-----------+------------+
| data[2]             | INPUT     | LVCMOS25  |            |
+---------------------+-----------+-----------+------------+
| data[1]             | INPUT     | LVCMOS25  |            |
+---------------------+-----------+-----------+------------+
| data[0]             | INPUT     | LVCMOS25  |            |
+---------------------+-----------+-----------+------------+
| arriba              | INPUT     | LVCMOS25  |            |
+---------------------+-----------+-----------+------------+
| reset               | INPUT     | LVCMOS25  |            |
+---------------------+-----------+-----------+------------+

Removed logic
-------------

Signal un1_s_count_1_s_3_0_S1 undriven or does not drive anything - clipped.
Signal un1_s_count_1_s_3_0_COUT undriven or does not drive anything - clipped.
Signal un4_count_cry_0_0_S1 undriven or does not drive anything - clipped.
Signal un4_count_cry_0_0_S0 undriven or does not drive anything - clipped.
Signal N_2 undriven or does not drive anything - clipped.
Signal un4_count_cry_23_0_COUT undriven or does not drive anything - clipped.
Signal un1_s_count_1_cry_0_0_S1 undriven or does not drive anything - clipped.
Signal un1_s_count_1_cry_0_0_S0 undriven or does not drive anything - clipped.
Signal N_1 undriven or does not drive anything - clipped.
Signal OSCInst0_SEDSTDBY undriven or does not drive anything - clipped.

                                    Page 3




Design:  contadorBCD                                   Date:  09/29/18  11:51:07


Memory Usage
------------


     

OSC Summary
-----------

OSC 1:                                     Pin/Node Value
  OSC Instance Name:                                OSCInst0
  OSC Type:                                         OSCH
  STDBY Input:                                      NONE
  OSC Output:                              PIN,NODE clk_0_0
  OSC Nominal Frequency (MHz):                      26.60

ASIC Components
---------------

Instance Name: OSCInst0
         Type: OSCH

GSR Usage
---------

GSR Component:
   The local reset signal 'reset_c' of the design has been inferred as Global
        Set Reset (GSR). The reset signal used for GSR control is 'reset_c'.
        

     GSR Property:
   The design components with GSR property set to ENABLED will respond to global
        set reset while the components with GSR property set to DISABLED will
        not.
        

Run Time and Memory Usage
-------------------------

   Total CPU Time: 0 secs  
   Total REAL Time: 0 secs  
   Peak Memory Usage: 57 MB
        















                                    Page 4


Copyright (c) 1991-1994 by NeoCAD Inc. All rights reserved.
     Copyright (c) 1995 AT&T Corp.   All rights reserved.
     Copyright (c) 1995-2001 Lucent Technologies Inc.  All rights reserved.
     Copyright (c) 2001 Agere Systems   All rights reserved.
     Copyright (c) 2002-2017 Lattice Semiconductor Corporation,  All rights
     reserved.
