# Synopsys Constraint Checker, version maplat, Build 1796R, built Aug  4 2017
# Copyright (C) 1994-2017 Synopsys, Inc. This Synopsys software and all associated documentation are proprietary to Synopsys, Inc. and may only be used pursuant to the terms and conditions of a written license agreement with Synopsys, Inc. All other use, reproduction, modification, or distribution of the Synopsys software or the associated documentation is strictly prohibited.

# Written on Fri Oct  5 00:37:27 2018


##### DESIGN INFO #######################################################

Top View:                "contadorBCD"
Constraint File(s):      (none)




##### SUMMARY ############################################################

Found 0 issues in 0 out of 0 constraints


##### DETAILS ############################################################



Clock Relationships
*******************

Starting                                Ending                                  |     rise to rise     |     fall to fall     |     rise to fall     |     fall to rise                     
-------------------------------------------------------------------------------------------------------------------------------------------------------------------------------------------
contadorBCD|clk_0_inferred_clock        contadorBCD|clk_0_inferred_clock        |     480.769          |     No paths         |     No paths         |     No paths                         
contadorBCD|blink_LED_derived_clock     contadorBCD|blink_LED_derived_clock     |     480.769          |     No paths         |     No paths         |     No paths                         
===========================================================================================================================================================================================
 Note: 'No paths' indicates there are no paths in the design for that pair of clock edges.
       'Diff grp' indicates that paths exist but the starting clock and ending clock are in different clock groups.


Unconstrained Start/End Points
******************************

p:arriba
p:data[0]
p:data[1]
p:data[2]
p:data[3]
p:data[4]
p:data[5]
p:data[6]
p:data[7]
p:data[8]
p:data[9]
p:data[10]
p:data[11]
p:data[12]
p:data[13]
p:data[14]
p:data[15]
p:disp[0]
p:disp[1]
p:disp[2]
p:disp[3]
p:disp[4]
p:disp[5]
p:disp[6]
p:load
p:mux[0]
p:mux[1]
p:mux[2]
p:mux[3]
p:reset


Inapplicable constraints
************************

(none)


Applicable constraints with issues
**********************************

(none)


Constraints with matching wildcard expressions
**********************************************

(none)


Library Report
**************


# End of Constraint Checker Report
