Active-HDL 10.3.3558.6081  2018-08-21 13:57:52

Elaboration top modules:
Architecture                  archXOR6(seisEntradas)


-----------------------------------------------------------------------------------------------
Entity       | Architecture | Library | Info | Compiler Version          | Compilation Options
-----------------------------------------------------------------------------------------------
seisEntradas | archXOR6     | work    |      | 10.3.3558.6081  (Windows) | -dbg
dosEntradas  | archXOR2     | work    |      | 10.3.3558.6081  (Windows) | -dbg
-----------------------------------------------------------------------------------------------

-----------------------------------------------------------------------------------------------
VHDL Package                | Library | Info | Compiler Version          | Compilation Options
-----------------------------------------------------------------------------------------------
standard                    | std     |      |                           | <unavailable>
TEXTIO                      | std     |      | 10.3.3558.6081  (Windows) |  -2008
std_logic_1164              | ieee    |      | 10.3.3558.6081  (Windows) |  -2008
-----------------------------------------------------------------------------------------------

-----------------------------------------------------------------------------------------------
Library                     | Comment
-----------------------------------------------------------------------------------------------
ieee                        | Standard IEEE packages library
std                         | Standard VHDL library
work                        | None
-----------------------------------------------------------------------------------------------
