
             Lattice Mapping Report File for Design Module 'aluS'


Design Information
------------------

Command line:   map -a MachXO2 -p LCMXO2-7000HE -t TQFP144 -s 5 -oc Commercial
     Alu_impl1.ngd -o Alu_impl1_map.ncd -pr Alu_impl1.prf -mp Alu_impl1.mrp -lpf
     C:/Users/asdf1/Downloads/practica7alu/impl1/Alu_impl1_synplify.lpf -lpf
     C:/Users/asdf1/Downloads/practica7alu/Alu.lpf -c 0 -gui -msgset
     C:/Users/asdf1/Downloads/practica7alu/promote.xml 
Target Vendor:  LATTICE
Target Device:  LCMXO2-7000HETQFP144
Target Performance:   5
Mapper:  xo2c00,  version:  Diamond (64-bit) 3.10.0.111.2
Mapped on:  10/15/18  14:29:44

Design Summary
--------------

   Number of registers:      4 out of  7209 (0%)
      PFU registers:            0 out of  6864 (0%)
      PIO registers:            4 out of   345 (1%)
   Number of SLICEs:         5 out of  3432 (0%)
      SLICEs as Logic/ROM:      5 out of  3432 (0%)
      SLICEs as RAM:            0 out of  2574 (0%)
      SLICEs as Carry:          0 out of  3432 (0%)
   Number of LUT4s:         10 out of  6864 (0%)
      Number used as logic LUTs:         10
      Number used as distributed RAM:     0
      Number used as ripple logic:        0
      Number used as shift registers:     0
   Number of PIO sites used: 13 + 4(JTAG) out of 115 (15%)
   Number of block RAMs:  0 out of 26 (0%)
   Number of GSRs:  0 out of 1 (0%)
   EFB used :       No
   JTAG used :      No
   Readback used :  No
   Oscillator used :  Yes
   Startup used :   No
   POR :            On
   Bandgap :        On
   Number of Power Controller:  0 out of 1 (0%)
   Number of Dynamic Bank Controller (BCINRD):  0 out of 6 (0%)
   Number of Dynamic Bank Controller (BCLVDSO):  0 out of 1 (0%)
   Number of DCCA:  0 out of 8 (0%)
   Number of DCMA:  0 out of 2 (0%)
   Number of PLLs:  0 out of 2 (0%)
   Number of DQSDLLs:  0 out of 2 (0%)
   Number of CLKDIVC:  0 out of 4 (0%)
   Number of ECLKSYNCA:  0 out of 4 (0%)
   Number of ECLKBRIDGECS:  0 out of 2 (0%)
   Notes:-
      1. Total number of LUT4s = (Number of logic LUT4s) + 2*(Number of
     distributed RAMs) + 2*(Number of ripple logic)
      2. Number of logic LUT4s does not include count of distributed RAM and
     ripple logic.
   Number of clocks:  1
     Net clk_0_c: 4 loads, 4 rising, 0 falling (Driver: OSCInst0 )
   Number of Clock Enables:  1
     Net ena_c: 4 loads, 0 LSLICEs

                                    Page 1




Design:  aluS                                          Date:  10/15/18  14:29:44

Design Summary (cont)
---------------------
   Number of LSRs:  0
   Number of nets driven by tri-state buffers:  0
   Top 10 highest fanout non-clock nets:
     Net s_c[1]: 8 loads
     Net s_c[0]: 5 loads
     Net AA[0]: 4 loads
     Net AA[1]: 4 loads
     Net ena_c: 4 loads
     Net AA[2]: 3 loads
     Net AA[3]: 3 loads
     Net D_c[1]: 3 loads
     Net D_c[2]: 3 loads
     Net D_c[3]: 3 loads




   Number of warnings:  6
   Number of errors:    0
     

Design Errors/Warnings
----------------------

WARNING - map: C:/Users/asdf1/Downloads/practica7alu/Alu.lpf(3): Semantic error
     in "LOCATE COMP "A[0]" SITE "9" ;": COMP "A[0]" cannot be found in design.
     This preference has been disabled.
WARNING - map: C:/Users/asdf1/Downloads/practica7alu/Alu.lpf(4): Semantic error
     in "LOCATE COMP "A[1]" SITE "6" ;": COMP "A[1]" cannot be found in design.
     This preference has been disabled.
WARNING - map: C:/Users/asdf1/Downloads/practica7alu/Alu.lpf(5): Semantic error
     in "LOCATE COMP "B[0]" SITE "12" ;": COMP "B[0]" cannot be found in design.
     This preference has been disabled.
WARNING - map: C:/Users/asdf1/Downloads/practica7alu/Alu.lpf(6): Semantic error
     in "LOCATE COMP "B[1]" SITE "11" ;": COMP "B[1]" cannot be found in design.
     This preference has been disabled.
WARNING - map: C:/Users/asdf1/Downloads/practica7alu/Alu.lpf(9): Semantic error
     in "LOCATE COMP "B[2]" SITE "10" ;": COMP "B[2]" cannot be found in design.
     This preference has been disabled.
WARNING - map: C:/Users/asdf1/Downloads/practica7alu/Alu.lpf(10): Semantic error
     in "LOCATE COMP "A[2]" SITE "5" ;": COMP "A[2]" cannot be found in design.
     This preference has been disabled.

IO (PIO) Attributes
-------------------

+---------------------+-----------+-----------+------------+
| IO Name             | Direction | Levelmode | IO         |
|                     |           |  IO_TYPE  | Register   |
+---------------------+-----------+-----------+------------+
| clk_0               | OUTPUT    | LVCMOS25  |            |
+---------------------+-----------+-----------+------------+
| s[0]                | INPUT     | LVCMOS25  |            |
+---------------------+-----------+-----------+------------+
| Z[4]                | OUTPUT    | LVCMOS25  |            |
+---------------------+-----------+-----------+------------+

                                    Page 2




Design:  aluS                                          Date:  10/15/18  14:29:44

IO (PIO) Attributes (cont)
--------------------------
| Z[3]                | OUTPUT    | LVCMOS25  |            |
+---------------------+-----------+-----------+------------+
| Z[2]                | OUTPUT    | LVCMOS25  |            |
+---------------------+-----------+-----------+------------+
| Z[1]                | OUTPUT    | LVCMOS25  |            |
+---------------------+-----------+-----------+------------+
| Z[0]                | OUTPUT    | LVCMOS25  |            |
+---------------------+-----------+-----------+------------+
| D[3]                | INPUT     | LVCMOS25  | IN         |
+---------------------+-----------+-----------+------------+
| D[2]                | INPUT     | LVCMOS25  | IN         |
+---------------------+-----------+-----------+------------+
| D[1]                | INPUT     | LVCMOS25  | IN         |
+---------------------+-----------+-----------+------------+
| D[0]                | INPUT     | LVCMOS25  | IN         |
+---------------------+-----------+-----------+------------+
| ena                 | INPUT     | LVCMOS25  |            |
+---------------------+-----------+-----------+------------+
| s[1]                | INPUT     | LVCMOS25  |            |
+---------------------+-----------+-----------+------------+

Removed logic
-------------

Block VCC undriven or does not drive anything - clipped.
Block GSR_INST undriven or does not drive anything - clipped.
Signal GND undriven or does not drive anything - clipped.
Signal VCC undriven or does not drive anything - clipped.
Signal OSCInst0_SEDSTDBY undriven or does not drive anything - clipped.
Block GND was optimized away.

Memory Usage
------------


     

OSC Summary
-----------

OSC 1:                                     Pin/Node Value
  OSC Instance Name:                                OSCInst0
  OSC Type:                                         OSCH
  STDBY Input:                                      NONE
  OSC Output:                              PIN,NODE clk_0_c
  OSC Nominal Frequency (MHz):                      26.60

ASIC Components
---------------

Instance Name: OSCInst0
         Type: OSCH





                                    Page 3




Design:  aluS                                          Date:  10/15/18  14:29:44

Run Time and Memory Usage
-------------------------

   Total CPU Time: 0 secs  
   Total REAL Time: 0 secs  
   Peak Memory Usage: 57 MB
        




















































                                    Page 4


Copyright (c) 1991-1994 by NeoCAD Inc. All rights reserved.
     Copyright (c) 1995 AT&T Corp.   All rights reserved.
     Copyright (c) 1995-2001 Lucent Technologies Inc.  All rights reserved.
     Copyright (c) 2001 Agere Systems   All rights reserved.
     Copyright (c) 2002-2017 Lattice Semiconductor Corporation,  All rights
     reserved.
