
     | | | | | | |
   _________________
  -|               |-
  -|               |-
  -|               |-
  -|    CYPRESS    |-
  -|               |-
  -|               |-   Warp VHDL Synthesis Compiler: Version 6.3 IR 35
  -|               |-   Copyright (C) 1991-2001 Cypress Semiconductor
   |_______________|
     | | | | | | |

======================================================================
Compiling:  Practica10.vhd
Options:    -yu -e10 -w100 -o2 -ygs -fP -v10 -dc22v10 -ppalce22v10-25pc/pi -b Practica10.vhd -u Practica10.hie
======================================================================

vhdlfe V6.3 IR 35:  VHDL parser
Fri Jun 15 05:26:25 2018

Library 'work' => directory 'lc22v10'
Linking 'C:\Program Files\Cypress\Warp\bin\std.vhd'.
Linking 'C:\Program Files\Cypress\Warp\lib\common\cypress.vhd'.
Linking 'C:\Program Files\Cypress\Warp\lib\common\work\cypress.vif'.
Library 'ieee' => directory 'C:\Program Files\Cypress\Warp\lib\ieee\work'
Linking 'C:\Program Files\Cypress\Warp\lib\ieee\work\stdlogic.vif'.

vhdlfe:  No errors.


tovif V6.3 IR 35:  High-level synthesis
Fri Jun 15 05:26:25 2018

Linking 'C:\Program Files\Cypress\Warp\bin\std.vhd'.
Linking 'C:\Program Files\Cypress\Warp\lib\common\cypress.vhd'.
Linking 'C:\Program Files\Cypress\Warp\lib\common\work\cypress.vif'.
Linking 'C:\Program Files\Cypress\Warp\lib\ieee\work\stdlogic.vif'.

tovif:  No errors.


topld V6.3 IR 35:  Synthesis and optimization
Fri Jun 15 05:26:25 2018

Linking 'C:\Program Files\Cypress\Warp\bin\std.vhd'.
Linking 'C:\Program Files\Cypress\Warp\lib\common\cypress.vhd'.
Linking 'C:\Program Files\Cypress\Warp\lib\common\work\cypress.vif'.
Linking 'C:\Program Files\Cypress\Warp\lib\ieee\work\stdlogic.vif'.

----------------------------------------------------------
Detecting unused logic.
----------------------------------------------------------



------------------------------------------------------
Alias Detection
------------------------------------------------------

------------------------------------------------------
Aliased 0 equations, 1 wires.
------------------------------------------------------

----------------------------------------------------------
Circuit simplification
----------------------------------------------------------

----------------------------------------------------------
Circuit simplification results:

	Expanded 0 signals.
	Turned 0 signals into soft nodes.
	Maximum default expansion cost was set at 10.
----------------------------------------------------------
Created 8 PLD nodes.

topld:  No errors.

----------------------------------------------------------------------------
PLD Optimizer Software:       DSGNOPT.EXE    31/03/2000  [v4.02 ] 6.3 IR 35

DESIGN HEADER INFORMATION  (05:26:26)

Input File(s): Practica10.pla
Device       : C22V10
Package      : palce22v10-25pc/pi
ReportFile   : Practica10.rpt

Program Controls:
    COMMAND LANGUAGE_VHDL 
    COMMAND PROPERTY BUS_HOLD ENABLE 

Signal Requests:
    GROUP USEPOL ALL
    GROUP FAST_SLEW ALL

Completed Successfully  
----------------------------------------------------------------------------
PLD Optimizer Software:       DSGNOPT.EXE    31/03/2000  [v4.02 ] 6.3 IR 35

OPTIMIZATION OPTIONS       (05:26:26)

Messages:
  Information: Process virtual 'tempD'tempD ... expanded.
  Information: Optimizing logic using best output polarity for signals:
         q.D

  Information: Selected logic optimization OFF for signals:
         nq q.C



Summary:
                 Error Count = 0      Warning Count = 0

Completed Successfully  
----------------------------------------------------------------------------
PLD Optimizer Software:       MINOPT.EXE     01/NOV/1999  [v4.02 ] 6.3 IR 35

LOGIC MINIMIZATION         ()

Messages:


Summary:
                 Error Count = 0      Warning Count = 0

Completed Successfully
----------------------------------------------------------------------------
PLD Optimizer Software:       DSGNOPT.EXE    31/03/2000  [v4.02 ] 6.3 IR 35

OPTIMIZATION OPTIONS       (05:26:26)

Messages:
  Information: Optimizing Banked Preset/Reset requirements.


Summary:
                 Error Count = 0      Warning Count = 0

Completed Successfully  
----------------------------------------------------------------------------
PLD Compiler Software:        PLA2JED.EXE    31/03/2000  [v4.02 ] 6.3 IR 35

<CYPRESSTAG name="Equations" icon=FILE_RPT_EQUATION>
DESIGN EQUATIONS           (05:26:27)
</CYPRESSTAG>

    nq =
          /q.Q 

    q.D =
          clr * pre * /q.Q * toggle 
        + clr * /pre * q.Q 
        + clr * q.Q * /toggle 

    q.AR =
          GND

    q.SP =
          GND

    q.C =
          clock 


Completed Successfully  
----------------------------------------------------------------------------
PLD Compiler Software:        PLA2JED.EXE    31/03/2000  [v4.02 ] 6.3 IR 35

DESIGN RULE CHECK          (05:26:27)

Messages:
                 None.


Summary:
                 Error Count = 0      Warning Count = 0

Completed Successfully  
----------------------------------------------------------------------------
PLD Compiler Software:        PLA2JED.EXE    31/03/2000  [v4.02 ] 6.3 IR 35

<CYPRESSTAG name="Pinout" icon=FILE_RPT_PINOUT>
PINOUT INFORMATION   (05:26:27)
</CYPRESSTAG>
Messages:
  Information: Checking for duplicate NODE logic.
                 None.


                                 C22V10
                 __________________________________________
          clock =| 1|                                  |24|* not used       
         toggle =| 2|                                  |23|= nq             
            pre =| 3|                                  |22|* not used       
            clr =| 4|                                  |21|* not used       
       not used *| 5|                                  |20|* not used       
       not used *| 6|                                  |19|* not used       
       not used *| 7|                                  |18|* not used       
       not used *| 8|                                  |17|* not used       
       not used *| 9|                                  |16|* not used       
       not used *|10|                                  |15|* not used       
       not used *|11|                                  |14|= q              
       not used *|12|                                  |13|* not used       
                 __________________________________________


Summary:
                 Error Count = 0      Warning Count = 0

Completed Successfully  
----------------------------------------------------------------------------
PLD Compiler Software:        PLA2JED.EXE    31/03/2000  [v4.02 ] 6.3 IR 35

<CYPRESSTAG name="Utilization" icon=FILE_RPT_UTILIZATION>
RESOURCE UTILIZATION (05:26:27)
</CYPRESSTAG>
  Information: Macrocell Utilization.

                     Description        Used     Max
                 ______________________________________
                 | Dedicated Inputs   |    3  |   11  |
                 | Clock/Inputs       |    1  |    1  |
                 | I/O Macrocells     |    2  |   10  |
                 ______________________________________
                                           6  /   22   = 27  %


  Information: Output Logic Product Term Utilization.

                  Node#  Output Signal Name  Used   Max
                 ________________________________________
                 | 14  |  q               |   3  |   8  |
                 | 15  |  Unused          |   0  |  10  |
                 | 16  |  Unused          |   0  |  12  |
                 | 17  |  Unused          |   0  |  14  |
                 | 18  |  Unused          |   0  |  16  |
                 | 19  |  Unused          |   0  |  16  |
                 | 20  |  Unused          |   0  |  14  |
                 | 21  |  Unused          |   0  |  12  |
                 | 22  |  Unused          |   0  |  10  |
                 | 23  |  nq              |   1  |   8  |
                 | 25  |  Unused          |   0  |   1  |
                 ________________________________________
                                              4  / 121   = 3   %


Completed Successfully  
----------------------------------------------------------------------------
PLD Compiler Software:        PLA2JED.EXE    31/03/2000  [v4.02 ] 6.3 IR 35

JEDEC ASSEMBLE             (05:26:27)

Messages:
  Information: Output file 'Practica10.pin' created.
  Information: Output file 'Practica10.jed' created.

  Usercode:    
  Checksum:    1FF3



Summary:
                 Error Count = 0      Warning Count = 0

Completed Successfully at 05:26:27
