Running in Lattice mode

Starting:    C:\lscc\diamond\3.10_x64\synpbase\bin64\mbin\synbatch.exe
Install:     C:\lscc\diamond\3.10_x64\synpbase
Hostname:    DESKTOP-4BVJD33
Date:        Mon Sep  3 19:01:01 2018
Version:     M-2017.03L-SP1-1

Arguments:   -product synplify_pro -batch Practica3_Ejercico4_synplify.tcl
ProductType: synplify_pro




Copied C:\Users\asdf1\Documents\DigitalDesign\Practica3DSD\Ejercico4\Practica3_Ejercico4.srr to C:\Users\asdf1\Documents\DigitalDesign\Practica3DSD\Ejercico4\backup\Practica3_Ejercico4.srr
log file: "C:\Users\asdf1\Documents\DigitalDesign\Practica3DSD\Ejercico4\Practica3_Ejercico4.srr"
Running: hdl_info_gen in foreground

Generating HDL info...

hdl_info_gen completed
# Mon Sep  3 19:01:01 2018

Return Code: 0
Run Time:00h:00m:00s
Copied C:\Users\asdf1\Documents\DigitalDesign\Practica3DSD\Ejercico4\Practica3_Ejercico4.srr to C:\Users\asdf1\Documents\DigitalDesign\Practica3DSD\Ejercico4\Practica3_Ejercico4.srf
log file: "C:\Users\asdf1\Documents\DigitalDesign\Practica3DSD\Ejercico4\Practica3_Ejercico4.srr"
Running: Ejercico4 in foreground

Running proj_1|Ejercico4

Running: compile (Compile) on proj_1|Ejercico4
# Mon Sep  3 19:01:01 2018

Running: compile_flow (Compile Process) on proj_1|Ejercico4
# Mon Sep  3 19:01:01 2018

Running: compiler (Compile Input) on proj_1|Ejercico4
# Mon Sep  3 19:01:01 2018

compiler completed
# Mon Sep  3 19:01:02 2018

Return Code: 0
Run Time:00h:00m:01s

Running: multi_srs_gen (Multi-srs Generator) on proj_1|Ejercico4
# Mon Sep  3 19:01:02 2018

multi_srs_gen completed
# Mon Sep  3 19:01:02 2018

Return Code: 0
Run Time:00h:00m:00s
Copied C:\Users\asdf1\Documents\DigitalDesign\Practica3DSD\Ejercico4\Practica3_Ejercico4.srr to C:\Users\asdf1\Documents\DigitalDesign\Practica3DSD\Ejercico4\Practica3_Ejercico4.srf
Complete: Compile Process on proj_1|Ejercico4

Running: premap (Pre-mapping) on proj_1|Ejercico4
# Mon Sep  3 19:01:02 2018

premap completed with warnings
# Mon Sep  3 19:01:03 2018

Return Code: 1
Run Time:00h:00m:01s
Complete: Compile on proj_1|Ejercico4

Running: map (Map) on proj_1|Ejercico4
# Mon Sep  3 19:01:03 2018
License granted for 4 parallel jobs

Running: fpga_mapper (Map & Optimize) on proj_1|Ejercico4
# Mon Sep  3 19:01:03 2018
Copied C:\Users\asdf1\Documents\DigitalDesign\Practica3DSD\Ejercico4\synwork\Practica3_Ejercico4_m.srm to C:\Users\asdf1\Documents\DigitalDesign\Practica3DSD\Ejercico4\Practica3_Ejercico4.srm

fpga_mapper completed with warnings
# Mon Sep  3 19:01:05 2018

Return Code: 1
Run Time:00h:00m:02s
Complete: Map on proj_1|Ejercico4
Copied C:\Users\asdf1\Documents\DigitalDesign\Practica3DSD\Ejercico4\Practica3_Ejercico4.srr to C:\Users\asdf1\Documents\DigitalDesign\Practica3DSD\Ejercico4\Practica3_Ejercico4.srf
Complete: Logic Synthesis on proj_1|Ejercico4
TCL script complete: "Practica3_Ejercico4_synplify.tcl"
exit status=0
exit status=0
Save changes for project:
C:\Users\asdf1\Documents\DigitalDesign\Practica3DSD\Ejercico4\proj_1.prj
batch mode default:no
