
             Lattice Mapping Report File for Design Module 'SISO'


Design Information
------------------

Command line:   map -a MachXO2 -p LCMXO2-7000HE -t TQFP144 -s 4 -oc Commercial
     Practica3Ejercicio2_impl1.ngd -o Practica3Ejercicio2_impl1_map.ncd -pr
     Practica3Ejercicio2_impl1.prf -mp Practica3Ejercicio2_impl1.mrp -lpf C:/Use
     rs/asdf1/Documents/DigitalDesign/Practica3DSD/impl1/Practica3Ejercicio2_imp
     l1_synplify.lpf -lpf C:/Users/asdf1/Documents/DigitalDesign/Practica3DSD/Pr
     actica3Ejercicio2.lpf -c 0 -gui 
Target Vendor:  LATTICE
Target Device:  LCMXO2-7000HETQFP144
Target Performance:   4
Mapper:  xo2c00,  version:  Diamond (64-bit) 3.10.0.111.2
Mapped on:  09/03/18  14:48:21

Design Summary
--------------

   Number of registers:      8 out of  7209 (0%)
      PFU registers:            6 out of  6864 (0%)
      PIO registers:            2 out of   345 (1%)
   Number of SLICEs:         3 out of  3432 (0%)
      SLICEs as Logic/ROM:      3 out of  3432 (0%)
      SLICEs as RAM:            0 out of  2574 (0%)
      SLICEs as Carry:          0 out of  3432 (0%)
   Number of LUT4s:          0 out of  6864 (0%)
      Number used as logic LUTs:          0
      Number used as distributed RAM:     0
      Number used as ripple logic:        0
      Number used as shift registers:     0
   Number of PIO sites used: 3 + 4(JTAG) out of 115 (6%)
   Number of block RAMs:  0 out of 26 (0%)
   Number of GSRs:  0 out of 1 (0%)
   EFB used :       No
   JTAG used :      No
   Readback used :  No
   Oscillator used :  No
   Startup used :   No
   POR :            On
   Bandgap :        On
   Number of Power Controller:  0 out of 1 (0%)
   Number of Dynamic Bank Controller (BCINRD):  0 out of 6 (0%)
   Number of Dynamic Bank Controller (BCLVDSO):  0 out of 1 (0%)
   Number of DCCA:  0 out of 8 (0%)
   Number of DCMA:  0 out of 2 (0%)
   Number of PLLs:  0 out of 2 (0%)
   Number of DQSDLLs:  0 out of 2 (0%)
   Number of CLKDIVC:  0 out of 4 (0%)
   Number of ECLKSYNCA:  0 out of 4 (0%)
   Number of ECLKBRIDGECS:  0 out of 2 (0%)
   Notes:-
      1. Total number of LUT4s = (Number of logic LUT4s) + 2*(Number of
     distributed RAMs) + 2*(Number of ripple logic)
      2. Number of logic LUT4s does not include count of distributed RAM and
     ripple logic.
   Number of clocks:  1
     Net clk_c: 5 loads, 5 rising, 0 falling (Driver: PIO clk )
   Number of Clock Enables:  0

                                    Page 1




Design:  SISO                                          Date:  09/03/18  14:48:21

Design Summary (cont)
---------------------
   Number of LSRs:  0
   Number of nets driven by tri-state buffers:  0
   Top 10 highest fanout non-clock nets:
     Net Dn[7]: 1 loads
     Net Dn_Q[1]: 1 loads
     Net Dn_Q[2]: 1 loads
     Net Dn_Q[3]: 1 loads
     Net Dn_Q[4]: 1 loads
     Net Dn_Q[5]: 1 loads
     Net Dn_Q[6]: 1 loads
     Net D_c: 1 loads
     Net Q_c: 1 loads




   Number of warnings:  0
   Number of errors:    0
     

Design Errors/Warnings
----------------------

   No errors or warnings present.

IO (PIO) Attributes
-------------------

+---------------------+-----------+-----------+------------+
| IO Name             | Direction | Levelmode | IO         |
|                     |           |  IO_TYPE  | Register   |
+---------------------+-----------+-----------+------------+
| Q                   | OUTPUT    | LVCMOS25  | OUT        |
+---------------------+-----------+-----------+------------+
| D                   | INPUT     | LVCMOS25  | IN         |
+---------------------+-----------+-----------+------------+
| clk                 | INPUT     | LVCMOS25  |            |
+---------------------+-----------+-----------+------------+

Removed logic
-------------

Block VCC undriven or does not drive anything - clipped.
Block GSR_INST undriven or does not drive anything - clipped.
Block GND undriven or does not drive anything - clipped.
Signal VCC undriven or does not drive anything - clipped.
Signal GND undriven or does not drive anything - clipped.

Memory Usage
------------


     




                                    Page 2




Design:  SISO                                          Date:  09/03/18  14:48:21

Run Time and Memory Usage
-------------------------

   Total CPU Time: 0 secs  
   Total REAL Time: 0 secs  
   Peak Memory Usage: 56 MB
        




















































                                    Page 3


Copyright (c) 1991-1994 by NeoCAD Inc. All rights reserved.
     Copyright (c) 1995 AT&T Corp.   All rights reserved.
     Copyright (c) 1995-2001 Lucent Technologies Inc.  All rights reserved.
     Copyright (c) 2001 Agere Systems   All rights reserved.
     Copyright (c) 2002-2017 Lattice Semiconductor Corporation,  All rights
     reserved.
