<<<<<<< HEAD
C:\lscc\diamond\3.10_x64\synpbase\bin64\m_gen_lattice.exe  -prodtype  synplify_pro  -encrypt  -pro  -rundir  C:\Users\asdf1\Documents\DigitalDesign\Practica1DSD\impl1   -part LCMXO2_7000HE  -package TG144C  -grade -5    -maxfan 1000 -pipe -forcenogsr -fixgatedclocks 1 -fixgeneratedclocks 1 -RWCheckOnRam 1 -use_rename_in_edif 1 -Write_declared_clocks_only 1 -summaryfile C:\Users\asdf1\Documents\DigitalDesign\Practica1DSD\impl1\synlog\report\Practica1DSD_impl1_fpga_mapper.xml  -top_level_module  seisEntradas  -flow mapping  -multisrs  -oedif  C:\Users\asdf1\Documents\DigitalDesign\Practica1DSD\impl1\Practica1DSD_impl1.edi   -freq 1.000   C:\Users\asdf1\Documents\DigitalDesign\Practica1DSD\impl1\synwork\Practica1DSD_impl1_prem.srd  -devicelib  C:\lscc\diamond\3.10_x64\synpbase\lib\lucent\machxo2.v  -devicelib  C:\lscc\diamond\3.10_x64\synpbase\lib\lucent\pmi_def.v  -ologparam  C:\Users\asdf1\Documents\DigitalDesign\Practica1DSD\impl1\syntmp\Practica1DSD_impl1.plg  -osyn  C:\Users\asdf1\Documents\DigitalDesign\Practica1DSD\impl1\Practica1DSD_impl1.srm  -prjdir  C:\Users\asdf1\Documents\DigitalDesign\Practica1DSD\impl1\  -prjname  proj_1  -log  C:\Users\asdf1\Documents\DigitalDesign\Practica1DSD\impl1\synlog\Practica1DSD_impl1_fpga_mapper.srr  -jobname  "fpga_mapper" 
relcom:..\..\..\..\..\..\..\lscc\diamond\3.10_x64\synpbase\bin64\m_gen_lattice.exe -prodtype synplify_pro -encrypt -pro -rundir ..\..\impl1 -part LCMXO2_7000HE -package TG144C -grade -5 -maxfan 1000 -pipe -forcenogsr -fixgatedclocks 1 -fixgeneratedclocks 1 -RWCheckOnRam 1 -use_rename_in_edif 1 -Write_declared_clocks_only 1 -summaryfile ..\synlog\report\Practica1DSD_impl1_fpga_mapper.xml -top_level_module seisEntradas -flow mapping -multisrs -oedif ..\Practica1DSD_impl1.edi -freq 1.000 ..\synwork\Practica1DSD_impl1_prem.srd -devicelib ..\..\..\..\..\..\..\lscc\diamond\3.10_x64\synpbase\lib\lucent\machxo2.v -devicelib ..\..\..\..\..\..\..\lscc\diamond\3.10_x64\synpbase\lib\lucent\pmi_def.v -ologparam Practica1DSD_impl1.plg -osyn ..\Practica1DSD_impl1.srm -prjdir ..\ -prjname proj_1 -log ..\synlog\Practica1DSD_impl1_fpga_mapper.srr -jobname "fpga_mapper"
rc:0 success:1 runtime:2
file:..\Practica1DSD_impl1.edi|io:o|time:1535656140|size:6977|exec:0|csum:
file:..\synwork\Practica1DSD_impl1_prem.srd|io:i|time:1535656138|size:2421|exec:0|csum:40F04A2CA89718DFB618C48E9A5AF101
file:..\..\..\..\..\..\..\lscc\diamond\3.10_x64\synpbase\lib\lucent\machxo2.v|io:i|time:1501914216|size:54295|exec:0|csum:D5667017EB528EBD3C317EFCC9D2C19B
file:..\..\..\..\..\..\..\lscc\diamond\3.10_x64\synpbase\lib\lucent\pmi_def.v|io:i|time:1501914216|size:40584|exec:0|csum:530CC5906D70AB3C6A4AA0861AC94BDF
file:Practica1DSD_impl1.plg|io:o|time:1535656141|size:97|exec:0|csum:
file:..\Practica1DSD_impl1.srm|io:o|time:1535656140|size:3414|exec:0|csum:
file:..\synlog\Practica1DSD_impl1_fpga_mapper.srr|io:o|time:1535656141|size:7417|exec:0|csum:
file:..\..\..\..\..\..\..\lscc\diamond\3.10_x64\synpbase\bin64\m_gen_lattice.exe|io:i|time:1501917114|size:29299200|exec:1|csum:5C77397B47E7811864C32F4FC7D86D2F
=======
C:\lscc\diamond\3.10_x64\synpbase\bin64\m_gen_lattice.exe  -prodtype  synplify_pro  -encrypt  -pro  -rundir  C:\Users\asdf1\Documents\DigitalDesign\Practica1DSD\impl1   -part LCMXO2_7000HE  -package TG144C  -grade -5    -maxfan 1000 -pipe -forcenogsr -fixgatedclocks 1 -fixgeneratedclocks 1 -RWCheckOnRam 1 -use_rename_in_edif 1 -Write_declared_clocks_only 1 -summaryfile C:\Users\asdf1\Documents\DigitalDesign\Practica1DSD\impl1\synlog\report\Practica1DSD_impl1_fpga_mapper.xml  -top_level_module  seisEntradas  -flow mapping  -multisrs  -oedif  C:\Users\asdf1\Documents\DigitalDesign\Practica1DSD\impl1\Practica1DSD_impl1.edi   -freq 1.000   C:\Users\asdf1\Documents\DigitalDesign\Practica1DSD\impl1\synwork\Practica1DSD_impl1_prem.srd  -devicelib  C:\lscc\diamond\3.10_x64\synpbase\lib\lucent\machxo2.v  -devicelib  C:\lscc\diamond\3.10_x64\synpbase\lib\lucent\pmi_def.v  -ologparam  C:\Users\asdf1\Documents\DigitalDesign\Practica1DSD\impl1\syntmp\Practica1DSD_impl1.plg  -osyn  C:\Users\asdf1\Documents\DigitalDesign\Practica1DSD\impl1\Practica1DSD_impl1.srm  -prjdir  C:\Users\asdf1\Documents\DigitalDesign\Practica1DSD\impl1\  -prjname  proj_1  -log  C:\Users\asdf1\Documents\DigitalDesign\Practica1DSD\impl1\synlog\Practica1DSD_impl1_fpga_mapper.srr  -jobname  "fpga_mapper" 
relcom:..\..\..\..\..\..\..\lscc\diamond\3.10_x64\synpbase\bin64\m_gen_lattice.exe -prodtype synplify_pro -encrypt -pro -rundir ..\..\impl1 -part LCMXO2_7000HE -package TG144C -grade -5 -maxfan 1000 -pipe -forcenogsr -fixgatedclocks 1 -fixgeneratedclocks 1 -RWCheckOnRam 1 -use_rename_in_edif 1 -Write_declared_clocks_only 1 -summaryfile ..\synlog\report\Practica1DSD_impl1_fpga_mapper.xml -top_level_module seisEntradas -flow mapping -multisrs -oedif ..\Practica1DSD_impl1.edi -freq 1.000 ..\synwork\Practica1DSD_impl1_prem.srd -devicelib ..\..\..\..\..\..\..\lscc\diamond\3.10_x64\synpbase\lib\lucent\machxo2.v -devicelib ..\..\..\..\..\..\..\lscc\diamond\3.10_x64\synpbase\lib\lucent\pmi_def.v -ologparam Practica1DSD_impl1.plg -osyn ..\Practica1DSD_impl1.srm -prjdir ..\ -prjname proj_1 -log ..\synlog\Practica1DSD_impl1_fpga_mapper.srr -jobname "fpga_mapper"
rc:0 success:1 runtime:2
file:..\Practica1DSD_impl1.edi|io:o|time:1534878506|size:6978|exec:0|csum:
file:..\synwork\Practica1DSD_impl1_prem.srd|io:i|time:1534878505|size:2418|exec:0|csum:40F04A2CA89718DFB618C48E9A5AF101
file:..\..\..\..\..\..\..\lscc\diamond\3.10_x64\synpbase\lib\lucent\machxo2.v|io:i|time:1501914216|size:54295|exec:0|csum:D5667017EB528EBD3C317EFCC9D2C19B
file:..\..\..\..\..\..\..\lscc\diamond\3.10_x64\synpbase\lib\lucent\pmi_def.v|io:i|time:1501914216|size:40584|exec:0|csum:530CC5906D70AB3C6A4AA0861AC94BDF
file:Practica1DSD_impl1.plg|io:o|time:1534878507|size:97|exec:0|csum:
file:..\Practica1DSD_impl1.srm|io:o|time:1534892214|size:3705|exec:0|csum:
file:..\synlog\Practica1DSD_impl1_fpga_mapper.srr|io:o|time:1534878507|size:7417|exec:0|csum:
file:..\..\..\..\..\..\..\lscc\diamond\3.10_x64\synpbase\bin64\m_gen_lattice.exe|io:i|time:1501917114|size:29299200|exec:1|csum:5C77397B47E7811864C32F4FC7D86D2F
>>>>>>> 1e0159934712de369f90e4d4827110fd69e68344
